Time resolution is 1 ps
im2_flattenA_addr = 0
im2_flattenB_addr = 7
time[1505485000] 
layer_ram1[Adder_Layer1] = 119
old_data = 119
col_padding = 0
row_padding = 0
Adder_Layer1 = 5045
Layer=0  M=784 N=6 K=25,out = x 
LAERY.t = 2,cal_k = 0 cal_m=0 cal_n=0  
LAERY.t = 2,aim_k = 3 aim_m=783 aim_n=5  
C_out = 0
row_padding = 0,col_padding = 0
ArrayInput t=0 
im2_cnt = 0 im2_done = 0
C_out    0
--- GEMM_Result [1x1] ---

 0
layer4_sum0=      0 layer4_sum1=      0 layer4_sum2=      0 layer4_sum3=      0
im2_flattenA_Adder    0
im2_flattenB_Adder   7
Ram2_layer1_input_map
map_input_RAM2  0 = [
-35 -24 -73 66 9 -44 -29 -82 117 0 -49 -102 -95 108 59 -58 -115 88 103 50 -7 -124 83 30 37 -16 -65 74 17 -36 -21 -74 ;
125 8 -41 -30 -87 116 3 -50 -107 -96 111 58 -63 -116 91 102 45 -8 -121 82 25 36 -13 -66 69 16 -33 -22 -79 124 11 -42 ;
-99 -88 119 2 -55 -108 -93 110 53 -64 -113 90 97 44 -5 -122 77 24 39 -14 -71 68 19 -34 -27 -80 127 10 -47 -100 -85 118 ;
61 -56 -105 -94 105 52 -61 -114 85 96 47 -6 -127 76 27 38 -19 -72 71 18 -39 -28 -77 126 5 -48 -97 -86 113 60 -53 -106 ;
93 104 55 -62 -119 84 99 46 -11 -128 79 26 33 -20 -69 70 13 -40 -25 -78 121 4 -45 -98 -91 112 63 -54 -111 92 107 54 ;
-3 -120 87 98 41 -12 -125 78 21 32 -17 -70 65 12 -37 -26 -83 120 7 -46 -103 -92 115 62 -59 -112 95 106 49 -4 -117 86 ;
29 40 -9 -126 73 20 35 -18 -75 64 15 -38 -31 -84 123 6 -51 -104 -89 114 57 -60 -109 94 101 48 -1 -118 81 28 43 -10 ;
-67 72 23 34 -23 -76 67 14 -43 -32 -81 122 1 -52 -101 -90 109 56 -57 -110 89 100 51 -2 -123 80 31 42 -15 -68 75 22 ;
-35 -24 -73 66 9 -44 -29 -82 117 0 -49 -102 -95 108 59 -58 -115 88 103 50 -7 -124 83 30 37 -16 -65 74 17 -36 -21 -74 ;
125 8 -41 -30 -87 116 3 -50 -107 -96 111 58 -63 -116 91 102 45 -8 -121 82 25 36 -13 -66 69 16 -33 -22 -79 124 11 -42 ;
-99 -88 119 2 -55 -108 -93 110 53 -64 -113 90 97 44 -5 -122 77 24 39 -14 -71 68 19 -34 -27 -80 127 10 -47 -100 -85 118 ;
61 -56 -105 -94 105 52 -61 -114 85 96 47 -6 -127 76 27 38 -19 -72 71 18 -39 -28 -77 126 5 -48 -97 -86 113 60 -53 -106 ;
93 104 55 -62 -119 84 99 46 -11 -128 79 26 33 -20 -69 70 13 -40 -25 -78 121 4 -45 -98 -91 112 63 -54 -111 92 107 54 ;
-3 -120 87 98 41 -12 -125 78 21 32 -17 -70 65 12 -37 -26 -83 120 7 -46 -103 -92 115 62 -59 -112 95 106 49 -4 -117 86 ;
29 40 -9 -126 73 20 35 -18 -75 64 15 -38 -31 -84 123 6 -51 -104 -89 114 57 -60 -109 94 101 48 -1 -118 81 28 43 -10 ;
-67 72 23 34 -23 -76 67 14 -43 -32 -81 122 1 -52 -101 -90 109 56 -57 -110 89 100 51 -2 -123 80 31 42 -15 -68 75 22 ;
-35 -24 -73 66 9 -44 -29 -82 117 0 -49 -102 -95 108 59 -58 -115 88 103 50 -7 -124 83 30 37 -16 -65 74 17 -36 -21 -74 ;
125 8 -41 -30 -87 116 3 -50 -107 -96 111 58 -63 -116 91 102 45 -8 -121 82 25 36 -13 -66 69 16 -33 -22 -79 124 11 -42 ;
-99 -88 119 2 -55 -108 -93 110 53 -64 -113 90 97 44 -5 -122 77 24 39 -14 -71 68 19 -34 -27 -80 127 10 -47 -100 -85 118 ;
61 -56 -105 -94 105 52 -61 -114 85 96 47 -6 -127 76 27 38 -19 -72 71 18 -39 -28 -77 126 5 -48 -97 -86 113 60 -53 -106 ;
93 104 55 -62 -119 84 99 46 -11 -128 79 26 33 -20 -69 70 13 -40 -25 -78 121 4 -45 -98 -91 112 63 -54 -111 92 107 54 ;
-3 -120 87 98 41 -12 -125 78 21 32 -17 -70 65 12 -37 -26 -83 120 7 -46 -103 -92 115 62 -59 -112 95 106 49 -4 -117 86 ;
29 40 -9 -126 73 20 35 -18 -75 64 15 -38 -31 -84 123 6 -51 -104 -89 114 57 -60 -109 94 101 48 -1 -118 81 28 43 -10 ;
-67 72 23 34 -23 -76 67 14 -43 -32 -81 122 1 -52 -101 -90 109 56 -57 -110 89 100 51 -2 -123 80 31 42 -15 -68 75 22 ;
-35 -24 -73 66 9 -44 -29 -82 117 0 -49 -102 -95 108 59 -58 -115 88 103 50 -7 -124 83 30 37 -16 -65 74 17 -36 -21 -74 ;
125 8 -41 -30 -87 116 3 -50 -107 -96 111 58 -63 -116 91 102 45 -8 -121 82 25 36 -13 -66 69 16 -33 -22 -79 124 11 -42 ;
-99 -88 119 2 -55 -108 -93 110 53 -64 -113 90 97 44 -5 -122 77 24 39 -14 -71 68 19 -34 -27 -80 127 10 -47 -100 -85 118 ;
61 -56 -105 -94 105 52 -61 -114 85 96 47 -6 -127 76 27 38 -19 -72 71 18 -39 -28 -77 126 5 -48 -97 -86 113 60 -53 -106 ;
93 104 55 -62 -119 84 99 46 -11 -128 79 26 33 -20 -69 70 13 -40 -25 -78 121 4 -45 -98 -91 112 63 -54 -111 92 107 54 ;
-3 -120 87 98 41 -12 -125 78 21 32 -17 -70 65 12 -37 -26 -83 120 7 -46 -103 -92 115 62 -59 -112 95 106 49 -4 -117 86 ;
29 40 -9 -126 73 20 35 -18 -75 64 15 -38 -31 -84 123 6 -51 -104 -89 114 57 -60 -109 94 101 48 -1 -118 81 28 43 -10 ;
-67 72 23 34 -23 -76 67 14 -43 -32 -81 122 1 -52 -101 -90 109 56 -57 -110 89 100 51 -2 -123 80 31 42 -15 -68 75 22 
];

Ram1_layer1_Result&&layer2_Input
map_input_RAM1  0 = [
0 0 0 0 0 0 0 0 0 0 0 0 0 0 0 0 0 0 0 0 0 0 0 0 0 0 0 0 0 ;
0 0 0 0 79 29 18 0 65 0 0 0 70 0 67 0 0 89 0 49 0 0 101 0 58 0 0 0 76 ;
0 23 16 18 6 64 125 0 0 70 0 69 0 0 76 0 62 0 0 103 0 58 0 0 0 76 14 16 3 ;
0 0 51 126 0 0 56 0 82 0 0 77 0 62 0 0 116 0 45 0 0 0 62 15 30 3 49 124 0 ;
0 0 0 59 0 82 0 0 90 0 49 0 0 115 0 46 0 0 0 65 28 29 0 51 0 0 0 57 0 ;
0 0 69 0 0 90 0 50 0 0 103 0 59 0 0 0 77 28 16 0 63 0 0 0 69 0 67 0 0 ;
0 0 77 0 63 0 0 104 0 59 0 0 0 78 15 17 5 63 124 0 0 68 0 68 0 0 74 0 61 ;
0 61 0 0 116 0 47 0 0 0 64 17 31 4 50 126 0 0 56 0 81 0 0 76 0 61 0 0 114 ;
0 119 0 47 0 0 0 65 30 30 0 51 0 0 0 57 0 81 0 0 89 0 47 0 0 114 0 45 0 ;
0 0 0 0 79 29 18 0 65 0 0 0 70 0 67 0 0 89 0 49 0 0 101 0 58 0 0 0 76 ;
0 23 16 18 6 64 125 0 0 70 0 69 0 0 76 0 62 0 0 103 0 58 0 0 0 76 14 16 3 ;
0 0 51 126 0 0 56 0 82 0 0 77 0 62 0 0 116 0 45 0 0 0 62 15 30 3 49 124 0 ;
0 0 0 59 0 82 0 0 90 0 49 0 0 115 0 46 0 0 0 65 28 29 0 51 0 0 0 57 0 ;
0 0 69 0 0 90 0 50 0 0 103 0 59 0 0 0 77 28 16 0 63 0 0 0 69 0 67 0 0 ;
0 0 77 0 63 0 0 104 0 59 0 0 0 78 15 17 5 63 124 0 0 68 0 68 0 0 74 0 61 ;
0 61 0 0 116 0 47 0 0 0 64 17 31 4 50 126 0 0 56 0 81 0 0 76 0 61 0 0 114 ;
0 119 0 47 0 0 0 65 30 30 0 51 0 0 0 57 0 81 0 0 89 0 47 0 0 114 0 45 0 ;
0 0 0 0 79 29 18 0 65 0 0 0 70 0 67 0 0 89 0 49 0 0 101 0 58 0 0 0 76 ;
0 23 16 18 6 64 125 0 0 70 0 69 0 0 76 0 62 0 0 103 0 58 0 0 0 76 14 16 3 ;
0 0 51 126 0 0 56 0 82 0 0 77 0 62 0 0 116 0 45 0 0 0 62 15 30 3 49 124 0 ;
0 0 0 59 0 82 0 0 90 0 49 0 0 115 0 46 0 0 0 65 28 29 0 51 0 0 0 57 0 ;
0 0 69 0 0 90 0 50 0 0 103 0 59 0 0 0 77 28 16 0 63 0 0 0 69 0 67 0 0 ;
0 0 77 0 63 0 0 104 0 59 0 0 0 78 15 17 5 63 124 0 0 68 0 68 0 0 74 0 61 ;
0 61 0 0 116 0 47 0 0 0 64 17 31 4 50 126 0 0 56 0 81 0 0 76 0 61 0 0 114 ;
0 119 0 47 0 0 0 65 30 30 0 51 0 0 0 57 0 81 0 0 89 0 47 0 0 114 0 45 0 ;
0 0 0 0 79 29 18 0 65 0 0 0 70 0 67 0 0 89 0 49 0 0 101 0 58 0 0 0 76 ;
0 23 16 18 6 64 125 0 0 70 0 69 0 0 76 0 62 0 0 103 0 58 0 0 0 76 14 16 3 ;
0 0 51 126 0 0 56 0 82 0 0 77 0 62 0 0 116 0 45 0 0 0 62 15 30 3 49 124 0 ;
0 0 0 59 0 82 0 0 90 0 49 0 0 115 0 46 0 0 0 65 28 29 0 51 0 0 0 57 0 
];

Ram1_layer1_Result&&layer2_Input
map_input_RAM1  1 = [
0 0 0 0 0 0 0 0 0 0 0 0 0 0 0 0 0 0 0 0 0 0 0 0 0 0 0 0 0 ;
0 8 0 30 121 0 62 100 0 26 75 0 94 73 0 50 0 23 62 0 82 0 5 24 0 113 0 27 119 ;
0 22 0 47 107 0 21 60 0 111 67 0 55 0 17 46 0 99 0 0 29 0 109 0 34 0 0 45 104 ;
0 101 0 6 65 0 104 51 0 71 0 1 53 0 92 0 0 45 0 92 0 50 0 0 50 120 0 4 63 ;
0 52 0 89 58 0 67 0 7 69 0 76 0 10 40 0 97 0 44 114 0 66 115 0 10 79 0 88 55 ;
0 66 0 50 0 23 63 0 83 0 5 24 0 114 0 28 120 0 61 99 0 26 75 0 93 73 0 47 0 ;
0 0 18 47 0 99 0 0 29 0 109 0 35 0 0 45 105 0 20 59 0 108 67 0 54 0 16 45 0 ;
0 0 94 0 0 46 0 93 0 52 0 0 51 122 0 5 65 0 103 51 0 70 0 0 52 0 91 0 0 ;
0 3 41 0 99 0 45 116 0 67 116 0 11 80 0 88 57 0 65 0 6 68 0 75 0 10 39 0 97 ;
0 8 0 30 121 0 62 100 0 26 75 0 94 73 0 50 0 23 62 0 82 0 5 24 0 113 0 27 119 ;
0 22 0 47 107 0 21 60 0 111 67 0 55 0 17 46 0 99 0 0 29 0 109 0 34 0 0 45 104 ;
0 101 0 6 65 0 104 51 0 71 0 1 53 0 92 0 0 45 0 92 0 50 0 0 50 120 0 4 63 ;
0 52 0 89 58 0 67 0 7 69 0 76 0 10 40 0 97 0 44 114 0 66 115 0 10 79 0 88 55 ;
0 66 0 50 0 23 63 0 83 0 5 24 0 114 0 28 120 0 61 99 0 26 75 0 93 73 0 47 0 ;
0 0 18 47 0 99 0 0 29 0 109 0 35 0 0 45 105 0 20 59 0 108 67 0 54 0 16 45 0 ;
0 0 94 0 0 46 0 93 0 52 0 0 51 122 0 5 65 0 103 51 0 70 0 0 52 0 91 0 0 ;
0 3 41 0 99 0 45 116 0 67 116 0 11 80 0 88 57 0 65 0 6 68 0 75 0 10 39 0 97 ;
0 8 0 30 121 0 62 100 0 26 75 0 94 73 0 50 0 23 62 0 82 0 5 24 0 113 0 27 119 ;
0 22 0 47 107 0 21 60 0 111 67 0 55 0 17 46 0 99 0 0 29 0 109 0 34 0 0 45 104 ;
0 101 0 6 65 0 104 51 0 71 0 1 53 0 92 0 0 45 0 92 0 50 0 0 50 120 0 4 63 ;
0 52 0 89 58 0 67 0 7 69 0 76 0 10 40 0 97 0 44 114 0 66 115 0 10 79 0 88 55 ;
0 66 0 50 0 23 63 0 83 0 5 24 0 114 0 28 120 0 61 99 0 26 75 0 93 73 0 47 0 ;
0 0 18 47 0 99 0 0 29 0 109 0 35 0 0 45 105 0 20 59 0 108 67 0 54 0 16 45 0 ;
0 0 94 0 0 46 0 93 0 52 0 0 51 122 0 5 65 0 103 51 0 70 0 0 52 0 91 0 0 ;
0 3 41 0 99 0 45 116 0 67 116 0 11 80 0 88 57 0 65 0 6 68 0 75 0 10 39 0 97 ;
0 8 0 30 121 0 62 100 0 26 75 0 94 73 0 50 0 23 62 0 82 0 5 24 0 113 0 27 119 ;
0 22 0 47 107 0 21 60 0 111 67 0 55 0 17 46 0 99 0 0 29 0 109 0 34 0 0 45 104 ;
0 101 0 6 65 0 104 51 0 71 0 1 53 0 92 0 0 45 0 92 0 50 0 0 50 120 0 4 63 ;
0 52 0 89 58 0 67 0 7 69 0 76 0 10 40 0 97 0 44 114 0 66 115 0 10 79 0 88 55 
];

STRIDE1
LAERY.t = 2,rd_k = 1 rd_mi=0 rd_mj=0 rd_n=0 LAYER_done=1 LAYER_rd_done=1 LAYER_cal_done=1 LAYER_aim_done=1  
v_idx = 0
u_idx = 0
c_idx = 0
Last_Number = 1
setzeroA = x
setzeroB = 0
flattenA = [
  -15, -68, 75, 22, 0, 0
];
flattenB = [
  -25;
  -78;
  121;
  4;
  0;
  0
];
flattenA = [
  -15, -68, 75, 22, 0, 0
];
flattenB = [
  -25;
  -78;
  121;
  4;
  0;
  0
];
--------------------------------------------------
