Copyright 1986-2022 Xilinx, Inc. All Rights Reserved.
----------------------------------------------------------------------------------------------------------------------------------------
| Tool Version     : Vivado v.2022.2 (win64) Build 3671981 Fri Oct 14 05:00:03 MDT 2022
| Date             : Thu Jul 10 19:53:09 2025
| Host             : CANOPUS637 running 64-bit major release  (build 9200)
| Command          : report_power -file layerX_power_routed.rpt -pb layerX_power_summary_routed.pb -rpx layerX_power_routed.rpx
| Design           : layerX
| Device           : xcvu29p-fsga2577-2L-e
| Design State     : routed
| Grade            : extended
| Process          : typical
| Characterization : Production
----------------------------------------------------------------------------------------------------------------------------------------

Power Report

Table of Contents
-----------------
1. Summary
1.1 On-Chip Components
1.2 Power Supply Summary
1.3 Confidence Level
2. Settings
2.1 Environment
2.2 Clock Constraints
3. Detailed Reports
3.1 By Hierarchy

1. Summary
----------

+--------------------------+--------------+
| Total On-Chip Power (W)  | 3.330        |
| Design Power Budget (W)  | Unspecified* |
| Power Budget Margin (W)  | NA           |
| Dynamic (W)              | 0.767        |
| Device Static (W)        | 2.563        |
| Effective TJA (C/W)      | 0.4          |
| Max Ambient (C)          | 98.5         |
| Junction Temperature (C) | 26.5         |
| Confidence Level         | Low          |
| Setting File             | ---          |
| Simulation Activity File | ---          |
| Design Nets Matched      | NA           |
+--------------------------+--------------+
* Specify Design Power Budget using, set_operating_conditions -design_power_budget <value in Watts>


1.1 On-Chip Components
----------------------

+----------------+-----------+----------+-----------+-----------------+
| On-Chip        | Power (W) | Used     | Available | Utilization (%) |
+----------------+-----------+----------+-----------+-----------------+
| CLB Logic      |     0.404 |      296 |       --- |             --- |
|   LUT as Logic |     0.371 |      160 |   1728000 |           <0.01 |
|   CARRY8       |     0.020 |        9 |    216000 |           <0.01 |
|   Register     |     0.012 |       67 |   3456000 |           <0.01 |
|   BUFG         |    <0.001 |        1 |       128 |            0.78 |
|   Others       |     0.000 |        4 |       --- |             --- |
| Signals        |     0.215 |      204 |       --- |             --- |
| I/O            |     0.148 |       29 |       448 |            6.47 |
| Static Power   |     2.563 |          |           |                 |
| Total          |     3.330 |          |           |                 |
+----------------+-----------+----------+-----------+-----------------+


1.2 Power Supply Summary
------------------------

+------------+-------------+-----------+-------------+------------+-------------+-------------+------------+
| Source     | Voltage (V) | Total (A) | Dynamic (A) | Static (A) | Powerup (A) | Budget (A)  | Margin (A) |
+------------+-------------+-----------+-------------+------------+-------------+-------------+------------+
| Vccint     |       0.850 |     1.877 |       0.728 |      1.148 |       NA    | Unspecified | NA         |
| Vccint_io  |       0.850 |     0.249 |       0.107 |      0.142 |       NA    | Unspecified | NA         |
| Vccbram    |       0.850 |     0.020 |       0.000 |      0.020 |       NA    | Unspecified | NA         |
| Vccaux     |       1.800 |     0.657 |       0.000 |      0.657 |       NA    | Unspecified | NA         |
| Vccaux_io  |       1.800 |     0.105 |       0.000 |      0.104 |       NA    | Unspecified | NA         |
| Vcco33     |       3.300 |     0.000 |       0.000 |      0.000 |       NA    | Unspecified | NA         |
| Vcco25     |       2.500 |     0.000 |       0.000 |      0.000 |       NA    | Unspecified | NA         |
| Vcco18     |       1.800 |     0.031 |       0.031 |      0.000 |       NA    | Unspecified | NA         |
| Vcco15     |       1.500 |     0.000 |       0.000 |      0.000 |       NA    | Unspecified | NA         |
| Vcco135    |       1.350 |     0.000 |       0.000 |      0.000 |       NA    | Unspecified | NA         |
| Vcco12     |       1.200 |     0.000 |       0.000 |      0.000 |       NA    | Unspecified | NA         |
| Vcco10     |       1.000 |     0.000 |       0.000 |      0.000 |       NA    | Unspecified | NA         |
| Vccadc     |       1.800 |     0.032 |       0.000 |      0.032 |       NA    | Unspecified | NA         |
| MGTYAVcc   |       0.900 |     0.000 |       0.000 |      0.000 |       NA    | Unspecified | NA         |
| MGTYAVtt   |       1.200 |     0.000 |       0.000 |      0.000 |       NA    | Unspecified | NA         |
| MGTYVccaux |       1.800 |     0.000 |       0.000 |      0.000 |       NA    | Unspecified | NA         |
| Vccint_gt  |       0.850 |     0.026 |       0.000 |      0.026 |       NA    | Unspecified | NA         |
| MGTMAVcc   |       0.900 |     0.000 |       0.000 |      0.000 |       NA    | Unspecified | NA         |
| MGTMAVtt   |       1.200 |     0.000 |       0.000 |      0.000 |       NA    | Unspecified | NA         |
| MGTMVccaux |       1.800 |     0.000 |       0.000 |      0.000 |       NA    | Unspecified | NA         |
+------------+-------------+-----------+-------------+------------+-------------+-------------+------------+


1.3 Confidence Level
--------------------

+-----------------------------+------------+--------------------------------------------------------+--------------------------------------------------------------------------------------------------------------------+
| User Input Data             | Confidence | Details                                                | Action                                                                                                             |
+-----------------------------+------------+--------------------------------------------------------+--------------------------------------------------------------------------------------------------------------------+
| Design implementation state | High       | Design is routed                                       |                                                                                                                    |
| Clock nodes activity        | Low        | User specified less than 75% of clocks                 | Provide missing clock activity with a constraint file, simulation results or by editing the "By Clock Domain" view |
| I/O nodes activity          | Low        | More than 75% of inputs are missing user specification | Provide missing input activity with simulation results or by editing the "By Resource Type -> I/Os" view           |
| Internal nodes activity     | Medium     | User specified less than 25% of internal nodes         | Provide missing internal nodes activity with simulation results or by editing the "By Resource Type" views         |
| Device models               | High       | Device models are Production                           |                                                                                                                    |
|                             |            |                                                        |                                                                                                                    |
| Overall confidence level    | Low        |                                                        |                                                                                                                    |
+-----------------------------+------------+--------------------------------------------------------+--------------------------------------------------------------------------------------------------------------------+


2. Settings
-----------

2.1 Environment
---------------

+-----------------------+--------------------------+
| Ambient Temp (C)      | 25.0                     |
| ThetaJA (C/W)         | 0.4                      |
| Airflow (LFM)         | 250                      |
| Heat Sink             | medium (Medium Profile)  |
| ThetaSA (C/W)         | 0.5                      |
| Board Selection       | medium (10"x10")         |
| # of Board Layers     | 12to15 (12 to 15 Layers) |
| Board Temperature (C) | 25.0                     |
+-----------------------+--------------------------+


2.2 Clock Constraints
---------------------

+-------+--------+-----------------+
| Clock | Domain | Constraint (ns) |
+-------+--------+-----------------+


3. Detailed Reports
-------------------

3.1 By Hierarchy
----------------

+-------------------+-----------+
| Name              | Power (W) |
+-------------------+-----------+
| layerX            |     0.767 |
|   K_IBUF[0]_inst  |     0.007 |
|   K_IBUF[1]_inst  |     0.007 |
|   K_IBUF[2]_inst  |     0.008 |
|   K_IBUF[3]_inst  |     0.007 |
|   K_IBUF[4]_inst  |     0.007 |
|   K_IBUF[5]_inst  |     0.007 |
|   K_IBUF[6]_inst  |     0.007 |
|   K_IBUF[7]_inst  |     0.007 |
|   K_IBUF[8]_inst  |     0.007 |
|   M_IBUF[0]_inst  |     0.007 |
|   M_IBUF[10]_inst |     0.007 |
|   M_IBUF[1]_inst  |     0.007 |
|   M_IBUF[2]_inst  |     0.007 |
|   M_IBUF[3]_inst  |     0.007 |
|   M_IBUF[4]_inst  |     0.007 |
|   M_IBUF[5]_inst  |     0.007 |
|   M_IBUF[6]_inst  |     0.007 |
|   M_IBUF[7]_inst  |     0.007 |
|   M_IBUF[8]_inst  |     0.007 |
|   M_IBUF[9]_inst  |     0.007 |
|   N_IBUF[0]_inst  |     0.007 |
|   N_IBUF[1]_inst  |     0.007 |
|   N_IBUF[2]_inst  |     0.008 |
|   N_IBUF[3]_inst  |     0.008 |
|   clk_IBUF_inst   |     0.006 |
+-------------------+-----------+


