Time resolution is 1 ps
----- A matrix -----
A[0] = '{30,41,22,40}
----- B matrix -----
B[0] = '{78}
B[1] = '{-64}
B[2] = '{55}
B[3] = '{41}
C_out[0] =     0
LUT_out[0] =   238
addr_array[t] = 110
t = 0, aim_m = 0, final_out = '{1}
a_in = 78, b_in = -64
add_a = 1, add_b = 0
a = 78, b = -64
a_op = 78, b_op = 63
u_adsub.y = 142
choose_MA_array = 142
a_in = 55, b_in = 41
add_a = 1, add_b = 1
a = 55, b = 41
a_op = 55, b_op = 41
u_adsub.y = 96
choose_MA_array = 96
=============================

----- A matrix -----
A[0] = '{30,41,22,40}
----- B matrix -----
B[0] = '{78}
B[1] = '{-64}
B[2] = '{55}
B[3] = '{41}
C_out[0] =  -119
LUT_out[0] =  -100
addr_array[t] = 010
t = 1, aim_m = 0, final_out = '{1}
a_in = 78, b_in = -64
add_a = 1, add_b = 0
a = 78, b = -64
a_op = 78, b_op = 63
u_adsub.y = 142
choose_MA_array = 142
a_in = 55, b_in = 41
add_a = 1, add_b = 0
a = 55, b = 41
a_op = 55, b_op = -42
u_adsub.y = -242
choose_MA_array = -242
=============================

