#
# There is insufficient memory for the Java Runtime Environment to continue.
# Native memory allocation (malloc) failed to allocate 1948336 bytes for Chunk::new
# Possible reasons:
#   The system is out of physical RAM or swap space
#   The process is running with CompressedOops enabled, and the Java Heap may be blocking the growth of the native heap
# Possible solutions:
#   Reduce memory load on the system
#   Increase physical memory or swap space
#   Check if swap backing store is full
#   Decrease Java heap size (-Xmx/-Xms)
#   Decrease number of Java threads
#   Decrease Java thread stack sizes (-Xss)
#   Set larger code cache with -XX:ReservedCodeCacheSize=
#   JVM is running with Zero Based Compressed Oops mode in which the Java heap is
#     placed in the first 32GB address space. The Java Heap base address is the
#     maximum limit for the native heap growth. Please use -XX:HeapBaseMinAddress
#     to set the Java Heap base and to place the Java Heap above 32GB virtual address.
# This output file may be truncated or incomplete.
#
#  Out of Memory Error (./src/hotspot/share/memory/arena.cpp:197), pid=25864, tid=25608
#
# JRE version: OpenJDK Runtime Environment 18.9 (11.0.11+9) (build 11.0.11+9)
# Java VM: OpenJDK 64-Bit Server VM 18.9 (11.0.11+9, mixed mode, tiered, compressed oops, g1 gc, windows-amd64)
# No core dump will be written. Minidumps are not enabled by default on client versions of Windows
#

---------------  S U M M A R Y ------------

Command Line: -Dsun.java2d.pmoffscreen=false -Dhttps.protocols=TLSv1,TLSv1.1,TLSv1.2 -Dsun.java2d.xrender=false -Dsun.java2d.d3d=false -Dsun.awt.nopixfmt=true -Dsun.java2d.dpiaware=true -Dsun.java2d.uiScale.enabled=false -Xverify:none -Dswing.aatext=true -XX:-UsePerfData -Djdk.map.althashing.threshold=512 -XX:StringTableSize=4072 --add-opens=java.desktop/com.sun.awt=ALL-UNNAMED --add-opens=java.desktop/javax.swing.plaf.synth=ALL-UNNAMED --add-opens=java.base/java.nio=ALL-UNNAMED --add-opens=java.desktop/sun.swing=ALL-UNNAMED --add-opens=java.desktop/javax.swing=ALL-UNNAMED --add-opens=java.desktop/javax.swing.tree=ALL-UNNAMED --add-opens=java.desktop/javax.swing.plaf.basic=ALL-UNNAMED --add-opens=java.desktop/javax.swing.plaf.synth=ALL-UNNAMED --add-opens=java.desktop/javax.swing.plaf.basic=ALL-UNNAMED --add-opens=java.desktop/javax.swing=ALL-UNNAMED --add-opens=java.desktop/javax.swing.tree=ALL-UNNAMED --add-opens=java.desktop/java.awt.event=ALL-UNNAMED --add-exports=java.desktop/javax.swing.plaf.synth=ALL-UNNAMED --add-exports=java.base/java.nio=ALL-UNNAMED --add-exports=java.desktop/sun.swing=ALL-UNNAMED --add-exports=java.desktop/javax.swing=ALL-UNNAMED --add-exports=java.desktop/javax.swing.tree=ALL-UNNAMED --add-exports=java.desktop/javax.swing.plaf.basic=ALL-UNNAMED --add-exports=java.desktop/sun.swing=ALL-UNNAMED --add-exports=java.desktop/sun.swing.table=ALL-UNNAMED --add-exports=java.desktop/sun.swing.plaf.synth=ALL-UNNAMED --add-exports=java.desktop/sun.awt.shell=ALL-UNNAMED --add-exports=java.base/sun.security.action=ALL-UNNAMED --add-exports=java.desktop/sun.font=ALL-UNNAMED -XX:NewSize=60m -XX:MaxNewSize=60m -Xms256m -Xmx3072m -Xss5m 

Host: Intel(R) Core(TM) Ultra 9 185H, 22 cores, 31G,  Windows 10 , 64 bit Build 26100 (10.0.26100.4202)
Time: Wed Jul  2 03:25:41 2025 中国标准时间 elapsed time: 2634.559718 seconds (0d 0h 43m 54s)

---------------  T H R E A D  ---------------

Current thread (0x0000020a945ab000):  JavaThread "C2 CompilerThread0" daemon [_thread_in_native, id=25608, stack(0x000000b935600000,0x000000b935700000)]


Current CompileTask:
C2:2634559 19375       4       javax.swing.text.Utilities::getTabbedTextWidth (363 bytes)

Stack: [0x000000b935600000,0x000000b935700000]
Native frames: (J=compiled Java code, j=interpreted, Vv=VM code, C=native code)
V  [jvm.dll+0x64fe7a]
V  [jvm.dll+0x792d3e]
V  [jvm.dll+0x79442c]
V  [jvm.dll+0x794ae3]
V  [jvm.dll+0x2623f8]
V  [jvm.dll+0xc5e31]
V  [jvm.dll+0xc652c]
V  [jvm.dll+0x374312]
V  [jvm.dll+0x340a63]
V  [jvm.dll+0x33fd9a]
V  [jvm.dll+0x21b475]
V  [jvm.dll+0x21a64a]
V  [jvm.dll+0x198b9c]
V  [jvm.dll+0x229bf4]
V  [jvm.dll+0x227e51]
V  [jvm.dll+0x753b00]
V  [jvm.dll+0x74c7ad]
V  [jvm.dll+0x64eb36]
C  [ucrtbase.dll+0x37b0]
C  [KERNEL32.DLL+0x2e8d7]
C  [ntdll.dll+0x3c34c]


---------------  P R O C E S S  ---------------

Threads class SMR info:
_java_thread_list=0x0000020ab9b1ee80, length=36, elements={
0x0000020a9428f000, 0x0000020a94562800, 0x0000020a9456a800, 0x0000020a94598000,
0x0000020a9459b000, 0x0000020a9459d000, 0x0000020a945ab000, 0x0000020a945da000,
0x0000020a945dd800, 0x0000020ab7933800, 0x0000020ab7932800, 0x0000020ab7931800,
0x0000020aba52d800, 0x0000020aba534000, 0x0000020aba534800, 0x0000020aba537000,
0x0000020aba536800, 0x0000020aba52f000, 0x0000020aba535800, 0x0000020aba538000,
0x0000020aba53b000, 0x0000020ab7936000, 0x0000020ab7934000, 0x0000020aba532000,
0x0000020aba539800, 0x0000020ab7938800, 0x0000020b0c1d6800, 0x0000020b0c1d5000,
0x0000020b0c1d4800, 0x0000020b0c1db000, 0x0000020b0c1dc800, 0x0000020b0c1d6000,
0x0000020b0c1db800, 0x0000020b0c1da000, 0x0000020b0c1d8800, 0x0000020b0c1d9000
}

Java Threads: ( => current thread )
  0x0000020a9428f000 JavaThread "main" [_thread_blocked, id=26532, stack(0x000000b933600000,0x000000b933700000)]
  0x0000020a94562800 JavaThread "Reference Handler" daemon [_thread_blocked, id=20848, stack(0x000000b933d00000,0x000000b934200000)]
  0x0000020a9456a800 JavaThread "Finalizer" daemon [_thread_blocked, id=8724, stack(0x000000b934200000,0x000000b934700000)]
  0x0000020a94598000 JavaThread "Signal Dispatcher" daemon [_thread_blocked, id=25696, stack(0x000000b934700000,0x000000b934c00000)]
  0x0000020a9459b000 JavaThread "Attach Listener" daemon [_thread_blocked, id=25692, stack(0x000000b934c00000,0x000000b935100000)]
  0x0000020a9459d000 JavaThread "Service Thread" daemon [_thread_blocked, id=21372, stack(0x000000b935100000,0x000000b935600000)]
=>0x0000020a945ab000 JavaThread "C2 CompilerThread0" daemon [_thread_in_native, id=25608, stack(0x000000b935600000,0x000000b935700000)]
  0x0000020a945da000 JavaThread "C1 CompilerThread0" daemon [_thread_blocked, id=23084, stack(0x000000b935700000,0x000000b935800000)]
  0x0000020a945dd800 JavaThread "Sweeper thread" daemon [_thread_blocked, id=25772, stack(0x000000b935800000,0x000000b935d00000)]
  0x0000020ab7933800 JavaThread "Common-Cleaner" daemon [_thread_blocked, id=25792, stack(0x000000b936000000,0x000000b936500000)]
  0x0000020ab7932800 JavaThread "Java2D Disposer" daemon [_thread_blocked, id=9076, stack(0x000000b936600000,0x000000b936b00000)]
  0x0000020ab7931800 JavaThread "AWT-Windows" daemon [_thread_in_native, id=9116, stack(0x000000b937000000,0x000000b937500000)]
  0x0000020aba52d800 JavaThread "TimerQueue" daemon [_thread_blocked, id=4684, stack(0x000000b937d00000,0x000000b938200000)]
  0x0000020aba534000 JavaThread "AWT-Shutdown" [_thread_blocked, id=5324, stack(0x000000b938700000,0x000000b938c00000)]
  0x0000020aba534800 JavaThread "AWT-EventQueue-0" [_thread_in_native, id=18940, stack(0x000000b938c00000,0x000000b939100000)]
  0x0000020aba537000 JavaThread "Thread-1" [_thread_in_native, id=25916, stack(0x000000b931e00000,0x000000b933200000)]
  0x0000020aba536800 JavaThread "Process Messages Thread" [_thread_blocked, id=13032, stack(0x000000b939600000,0x000000b939b00000)]
  0x0000020aba52f000 JavaThread "Batik CleanerThread" daemon [_thread_blocked, id=13016, stack(0x000000b939100000,0x000000b939600000)]
  0x0000020aba535800 JavaThread "SyntheticaCleanerThread" daemon [_thread_blocked, id=25736, stack(0x000000b93a200000,0x000000b93a700000)]
  0x0000020aba538000 JavaThread "Monitor HEventQueue Thread" [_thread_blocked, id=15572, stack(0x000000b93b000000,0x000000b93b500000)]
  0x0000020aba53b000 JavaThread "SyntheticaAnimation 50" daemon [_thread_blocked, id=15644, stack(0x000000b93b700000,0x000000b93bc00000)]
  0x0000020ab7936000 JavaThread "SyntheticaAnimation 25" daemon [_thread_blocked, id=16024, stack(0x000000b93be00000,0x000000b93c300000)]
  0x0000020ab7934000 JavaThread "SyntheticaAnimation 70" daemon [_thread_blocked, id=26372, stack(0x000000b93c800000,0x000000b93cd00000)]
  0x0000020aba532000 JavaThread "hw_ila_monitor" [_thread_blocked, id=484, stack(0x000000b939d00000,0x000000b93a200000)]
  0x0000020aba539800 JavaThread "pool-1-thread-1" [_thread_blocked, id=16800, stack(0x000000b93d200000,0x000000b93d700000)]
  0x0000020ab7938800 JavaThread "pool-2-thread-1" [_thread_blocked, id=11800, stack(0x000000b93d700000,0x000000b93dc00000)]
  0x0000020b0c1d6800 JavaThread "pool-3-thread-1" [_thread_blocked, id=6508, stack(0x000000b93dc00000,0x000000b93e100000)]
  0x0000020b0c1d5000 JavaThread "pool-4-thread-1" [_thread_blocked, id=3964, stack(0x000000b93e100000,0x000000b93e600000)]
  0x0000020b0c1d4800 JavaThread "pool-5-thread-1" [_thread_blocked, id=11792, stack(0x000000b93e600000,0x000000b93eb00000)]
  0x0000020b0c1db000 JavaThread "Image Animator 2" daemon [_thread_blocked, id=7884, stack(0x000000b93f400000,0x000000b93f900000)]
  0x0000020b0c1dc800 JavaThread "SyntheticaAnimation 50" daemon [_thread_blocked, id=18628, stack(0x000000b940300000,0x000000b940800000)]
  0x0000020b0c1d6000 JavaThread "Timer-1" [_thread_blocked, id=26968, stack(0x000000b940800000,0x000000b940d00000)]
  0x0000020b0c1db800 JavaThread "Monitor File Timestamp Swing Worker Thread" [_thread_blocked, id=26972, stack(0x000000b940d00000,0x000000b941200000)]
  0x0000020b0c1da000 JavaThread "SyntheticaAnimation 50" daemon [_thread_blocked, id=3048, stack(0x000000b93c300000,0x000000b93c800000)]
  0x0000020b0c1d8800 JavaThread "Image Animator 0" daemon [_thread_blocked, id=23504, stack(0x000000b93a700000,0x000000b93ac00000)]
  0x0000020b0c1d9000 JavaThread "HCindyUtils: Backup All Debug Files" [_thread_blocked, id=27476, stack(0x000000b93f900000,0x000000b93fe00000)]

Other Threads:
  0x0000020a9450d000 VMThread "VM Thread" [stack: 0x000000b933c00000,0x000000b933d00000] [id=16864]
  0x0000020ab794a800 WatcherThread [stack: 0x000000b936500000,0x000000b936600000] [id=25796]
  0x0000020a942a2800 GCTaskThread "GC Thread#0" [stack: 0x000000b933700000,0x000000b933800000] [id=15604]
  0x0000020ab9a34800 GCTaskThread "GC Thread#1" [stack: 0x000000b937600000,0x000000b937700000] [id=7128]
  0x0000020aba56a000 GCTaskThread "GC Thread#2" [stack: 0x000000b937700000,0x000000b937800000] [id=4624]
  0x0000020aba4db000 GCTaskThread "GC Thread#3" [stack: 0x000000b937800000,0x000000b937900000] [id=7776]
  0x0000020aba4dc000 GCTaskThread "GC Thread#4" [stack: 0x000000b937900000,0x000000b937a00000] [id=8584]
  0x0000020aba50b000 GCTaskThread "GC Thread#5" [stack: 0x000000b937a00000,0x000000b937b00000] [id=3496]
  0x0000020abac6a000 GCTaskThread "GC Thread#6" [stack: 0x000000b935d00000,0x000000b935e00000] [id=11168]
  0x0000020ab9af6000 GCTaskThread "GC Thread#7" [stack: 0x000000b935f00000,0x000000b936000000] [id=5432]
  0x0000020abbedd800 GCTaskThread "GC Thread#8" [stack: 0x000000b936b00000,0x000000b936c00000] [id=9152]
  0x0000020abb403800 GCTaskThread "GC Thread#9" [stack: 0x000000b936c00000,0x000000b936d00000] [id=7856]
  0x0000020a844a7000 GCTaskThread "GC Thread#10" [stack: 0x000000b93ac00000,0x000000b93ad00000] [id=15876]
  0x0000020a849b3800 GCTaskThread "GC Thread#11" [stack: 0x000000b93ad00000,0x000000b93ae00000] [id=16340]
  0x0000020a83ea8800 GCTaskThread "GC Thread#12" [stack: 0x000000b93b500000,0x000000b93b600000] [id=9172]
  0x0000020abb21b800 GCTaskThread "GC Thread#13" [stack: 0x000000b93b600000,0x000000b93b700000] [id=9440]
  0x0000020b0701a800 GCTaskThread "GC Thread#14" [stack: 0x000000b937c00000,0x000000b937d00000] [id=9376]
  0x0000020b0701b000 GCTaskThread "GC Thread#15" [stack: 0x000000b939b00000,0x000000b939c00000] [id=6448]
  0x0000020a942e3000 ConcurrentGCThread "G1 Main Marker" [stack: 0x000000b933800000,0x000000b933900000] [id=16192]
  0x0000020a942e4000 ConcurrentGCThread "G1 Conc#0" [stack: 0x000000b933900000,0x000000b933a00000] [id=2624]
  0x0000020abb974800 ConcurrentGCThread "G1 Conc#1" [stack: 0x000000b936e00000,0x000000b936f00000] [id=5260]
  0x0000020abb978000 ConcurrentGCThread "G1 Conc#2" [stack: 0x000000b936f00000,0x000000b937000000] [id=5276]
  0x0000020abb978800 ConcurrentGCThread "G1 Conc#3" [stack: 0x000000b937500000,0x000000b937600000] [id=5284]
  0x0000020a9440e800 ConcurrentGCThread "G1 Refine#0" [stack: 0x000000b933a00000,0x000000b933b00000] [id=20076]
  0x0000020a94417800 ConcurrentGCThread "G1 Young RemSet Sampling" [stack: 0x000000b933b00000,0x000000b933c00000] [id=20116]

Threads with active compile tasks:
C2 CompilerThread02634616 19375       4       javax.swing.text.Utilities::getTabbedTextWidth (363 bytes)

VM state:not at safepoint (normal execution)

VM Mutex/Monitor currently owned by a thread: None

OutOfMemory and StackOverflow Exception counts:
OutOfMemoryError java_heap_errors=2
LinkageErrors=127

Heap address: 0x0000000740000000, size: 3072 MB, Compressed Oops mode: Zero based, Oop shift amount: 3
Narrow klass base: 0x0000000800000000, Narrow klass shift: 0
Compressed class space size: 1073741824 Address: 0x0000000800000000

Heap:
 garbage-first heap   total 351232K, used 218178K [0x0000000740000000, 0x0000000800000000)
  region size 1024K, 47 young (48128K), 1 survivors (1024K)
 Metaspace       used 85532K, capacity 87652K, committed 87936K, reserved 1126400K
  class space    used 10918K, capacity 11853K, committed 11904K, reserved 1048576K
Heap Regions: E=young(eden), S=young(survivor), O=old, HS=humongous(starts), HC=humongous(continues), CS=collection set, F=free, A=archive, TAMS=top-at-mark-start (previous, next)
|   0|0x0000000740000000, 0x0000000740100000, 0x0000000740100000|100%|HS|  |TAMS 0x0000000740100000, 0x0000000740000000| Complete 
|   1|0x0000000740100000, 0x0000000740200000, 0x0000000740200000|100%|HC|  |TAMS 0x0000000740200000, 0x0000000740100000| Complete 
|   2|0x0000000740200000, 0x0000000740300000, 0x0000000740300000|100%|HS|  |TAMS 0x0000000740300000, 0x0000000740200000| Complete 
|   3|0x0000000740300000, 0x00000007403ffff8, 0x0000000740400000| 99%| O|  |TAMS 0x00000007403ffff8, 0x0000000740300000| Untracked 
|   4|0x0000000740400000, 0x0000000740500000, 0x0000000740500000|100%| O|  |TAMS 0x0000000740500000, 0x0000000740400000| Untracked 
|   5|0x0000000740500000, 0x00000007405fe990, 0x0000000740600000| 99%| O|  |TAMS 0x00000007405fe990, 0x0000000740500000| Untracked 
|   6|0x0000000740600000, 0x00000007406fcfc8, 0x0000000740700000| 98%| O|  |TAMS 0x00000007406fcfc8, 0x0000000740600000| Untracked 
|   7|0x0000000740700000, 0x00000007407fff10, 0x0000000740800000| 99%| O|  |TAMS 0x00000007407fff10, 0x0000000740700000| Untracked 
|   8|0x0000000740800000, 0x00000007408fffe8, 0x0000000740900000| 99%| O|  |TAMS 0x00000007408fffe8, 0x0000000740800000| Untracked 
|   9|0x0000000740900000, 0x00000007409fe1f8, 0x0000000740a00000| 99%| O|  |TAMS 0x00000007409fe1f8, 0x0000000740900000| Untracked 
|  10|0x0000000740a00000, 0x0000000740affff8, 0x0000000740b00000| 99%| O|  |TAMS 0x0000000740affff8, 0x0000000740a00000| Untracked 
|  11|0x0000000740b00000, 0x0000000740c00000, 0x0000000740c00000|100%| O|  |TAMS 0x0000000740c00000, 0x0000000740b00000| Untracked 
|  12|0x0000000740c00000, 0x0000000740cffff8, 0x0000000740d00000| 99%| O|  |TAMS 0x0000000740cffff8, 0x0000000740c00000| Untracked 
|  13|0x0000000740d00000, 0x0000000740dffff0, 0x0000000740e00000| 99%| O|  |TAMS 0x0000000740dffff0, 0x0000000740d00000| Untracked 
|  14|0x0000000740e00000, 0x0000000740f00000, 0x0000000740f00000|100%| O|  |TAMS 0x0000000740f00000, 0x0000000740e00000| Untracked 
|  15|0x0000000740f00000, 0x0000000740fffff8, 0x0000000741000000| 99%| O|  |TAMS 0x0000000740fffff8, 0x0000000740f00000| Untracked 
|  16|0x0000000741000000, 0x00000007410ffff8, 0x0000000741100000| 99%| O|  |TAMS 0x00000007410ffff8, 0x0000000741000000| Untracked 
|  17|0x0000000741100000, 0x00000007411ffff8, 0x0000000741200000| 99%| O|  |TAMS 0x00000007411ffff8, 0x0000000741100000| Untracked 
|  18|0x0000000741200000, 0x00000007412ffa88, 0x0000000741300000| 99%| O|  |TAMS 0x00000007412ffa88, 0x0000000741200000| Untracked 
|  19|0x0000000741300000, 0x00000007413fffe8, 0x0000000741400000| 99%| O|  |TAMS 0x00000007413fffe8, 0x0000000741300000| Untracked 
|  20|0x0000000741400000, 0x00000007414ffdf0, 0x0000000741500000| 99%| O|  |TAMS 0x00000007414ffdf0, 0x0000000741400000| Untracked 
|  21|0x0000000741500000, 0x0000000741600000, 0x0000000741600000|100%|HS|  |TAMS 0x0000000741600000, 0x0000000741500000| Complete 
|  22|0x0000000741600000, 0x0000000741700000, 0x0000000741700000|100%|HC|  |TAMS 0x0000000741700000, 0x0000000741600000| Complete 
|  23|0x0000000741700000, 0x00000007417ffff0, 0x0000000741800000| 99%| O|  |TAMS 0x00000007417ffff0, 0x0000000741700000| Untracked 
|  24|0x0000000741800000, 0x00000007418f57b0, 0x0000000741900000| 95%| O|  |TAMS 0x00000007418f57b0, 0x0000000741800000| Untracked 
|  25|0x0000000741900000, 0x00000007419fffe8, 0x0000000741a00000| 99%| O|  |TAMS 0x00000007419fffe8, 0x0000000741900000| Untracked 
|  26|0x0000000741a00000, 0x0000000741affff8, 0x0000000741b00000| 99%| O|  |TAMS 0x0000000741affff8, 0x0000000741a00000| Untracked 
|  27|0x0000000741b00000, 0x0000000741bffdc0, 0x0000000741c00000| 99%| O|  |TAMS 0x0000000741bffdc0, 0x0000000741b00000| Untracked 
|  28|0x0000000741c00000, 0x0000000741cffff0, 0x0000000741d00000| 99%| O|  |TAMS 0x0000000741cffff0, 0x0000000741c00000| Untracked 
|  29|0x0000000741d00000, 0x0000000741dfffa0, 0x0000000741e00000| 99%| O|  |TAMS 0x0000000741dfffa0, 0x0000000741d00000| Untracked 
|  30|0x0000000741e00000, 0x0000000741effff0, 0x0000000741f00000| 99%| O|  |TAMS 0x0000000741effff0, 0x0000000741e00000| Untracked 
|  31|0x0000000741f00000, 0x0000000741fffe98, 0x0000000742000000| 99%| O|  |TAMS 0x0000000741fffe98, 0x0000000741f00000| Untracked 
|  32|0x0000000742000000, 0x00000007420fffd8, 0x0000000742100000| 99%| O|  |TAMS 0x00000007420fffd8, 0x0000000742000000| Untracked 
|  33|0x0000000742100000, 0x00000007421ffff0, 0x0000000742200000| 99%| O|  |TAMS 0x00000007421ffff0, 0x0000000742100000| Untracked 
|  34|0x0000000742200000, 0x00000007422ffe28, 0x0000000742300000| 99%| O|  |TAMS 0x00000007422ffe28, 0x0000000742200000| Untracked 
|  35|0x0000000742300000, 0x0000000742400000, 0x0000000742400000|100%| O|  |TAMS 0x0000000742400000, 0x0000000742300000| Untracked 
|  36|0x0000000742400000, 0x0000000742500000, 0x0000000742500000|100%| O|  |TAMS 0x0000000742500000, 0x0000000742400000| Untracked 
|  37|0x0000000742500000, 0x00000007425ffe88, 0x0000000742600000| 99%| O|  |TAMS 0x00000007425ffe88, 0x0000000742500000| Untracked 
|  38|0x0000000742600000, 0x00000007426ffff8, 0x0000000742700000| 99%| O|  |TAMS 0x00000007426ffff8, 0x0000000742600000| Untracked 
|  39|0x0000000742700000, 0x0000000742800000, 0x0000000742800000|100%|HS|  |TAMS 0x0000000742800000, 0x0000000742700000| Complete 
|  40|0x0000000742800000, 0x00000007428fff70, 0x0000000742900000| 99%| O|  |TAMS 0x00000007428fff70, 0x0000000742800000| Untracked 
|  41|0x0000000742900000, 0x0000000742a00000, 0x0000000742a00000|100%| O|  |TAMS 0x0000000742a00000, 0x0000000742900000| Untracked 
|  42|0x0000000742a00000, 0x0000000742affff8, 0x0000000742b00000| 99%| O|  |TAMS 0x0000000742affff8, 0x0000000742a00000| Untracked 
|  43|0x0000000742b00000, 0x0000000742bffff0, 0x0000000742c00000| 99%| O|  |TAMS 0x0000000742bffff0, 0x0000000742b00000| Untracked 
|  44|0x0000000742c00000, 0x0000000742cffff8, 0x0000000742d00000| 99%| O|  |TAMS 0x0000000742cffff8, 0x0000000742c00000| Untracked 
|  45|0x0000000742d00000, 0x0000000742dfaa18, 0x0000000742e00000| 97%| O|  |TAMS 0x0000000742dfaa18, 0x0000000742d00000| Untracked 
|  46|0x0000000742e00000, 0x0000000742efffe8, 0x0000000742f00000| 99%| O|  |TAMS 0x0000000742efffe8, 0x0000000742e00000| Untracked 
|  47|0x0000000742f00000, 0x0000000742fd2280, 0x0000000743000000| 82%| O|  |TAMS 0x0000000742fd2280, 0x0000000742f00000| Untracked 
|  48|0x0000000743000000, 0x00000007430f8ff0, 0x0000000743100000| 97%| O|  |TAMS 0x00000007430f8ff0, 0x0000000743000000| Untracked 
|  49|0x0000000743100000, 0x00000007431ffed8, 0x0000000743200000| 99%| O|  |TAMS 0x00000007431ffed8, 0x0000000743100000| Untracked 
|  50|0x0000000743200000, 0x00000007432fffc0, 0x0000000743300000| 99%| O|  |TAMS 0x00000007432fffc0, 0x0000000743200000| Untracked 
|  51|0x0000000743300000, 0x00000007433ffff8, 0x0000000743400000| 99%| O|  |TAMS 0x00000007433ffff8, 0x0000000743300000| Untracked 
|  52|0x0000000743400000, 0x00000007434fffc8, 0x0000000743500000| 99%| O|  |TAMS 0x00000007434fffc8, 0x0000000743400000| Untracked 
|  53|0x0000000743500000, 0x00000007435a0180, 0x0000000743600000| 62%| O|  |TAMS 0x00000007435a0180, 0x0000000743500000| Untracked 
|  54|0x0000000743600000, 0x00000007436fffd8, 0x0000000743700000| 99%| O|  |TAMS 0x00000007436fffd8, 0x0000000743600000| Untracked 
|  55|0x0000000743700000, 0x00000007437ffff8, 0x0000000743800000| 99%| O|  |TAMS 0x00000007437ffff8, 0x0000000743700000| Untracked 
|  56|0x0000000743800000, 0x0000000743900000, 0x0000000743900000|100%| O|  |TAMS 0x0000000743900000, 0x0000000743800000| Untracked 
|  57|0x0000000743900000, 0x000000074392b8a8, 0x0000000743a00000| 17%| O|  |TAMS 0x000000074392b8a8, 0x0000000743900000| Untracked 
|  58|0x0000000743a00000, 0x0000000743a00000, 0x0000000743b00000|  0%| F|  |TAMS 0x0000000743a00000, 0x0000000743a00000| Untracked 
|  59|0x0000000743b00000, 0x0000000743b00000, 0x0000000743c00000|  0%| F|  |TAMS 0x0000000743b00000, 0x0000000743b00000| Untracked 
|  60|0x0000000743c00000, 0x0000000743c00000, 0x0000000743d00000|  0%| F|  |TAMS 0x0000000743c00000, 0x0000000743c00000| Untracked 
|  61|0x0000000743d00000, 0x0000000743d00000, 0x0000000743e00000|  0%| F|  |TAMS 0x0000000743d00000, 0x0000000743d00000| Untracked 
|  62|0x0000000743e00000, 0x0000000743e00000, 0x0000000743f00000|  0%| F|  |TAMS 0x0000000743e00000, 0x0000000743e00000| Untracked 
|  63|0x0000000743f00000, 0x0000000743f00000, 0x0000000744000000|  0%| F|  |TAMS 0x0000000743f00000, 0x0000000743f00000| Untracked 
|  64|0x0000000744000000, 0x00000007440fece8, 0x0000000744100000| 99%| O|  |TAMS 0x00000007440fece8, 0x0000000744000000| Untracked 
|  65|0x0000000744100000, 0x0000000744200000, 0x0000000744200000|100%|HS|  |TAMS 0x0000000744200000, 0x0000000744100000| Complete 
|  66|0x0000000744200000, 0x0000000744200000, 0x0000000744300000|  0%| F|  |TAMS 0x0000000744200000, 0x0000000744200000| Untracked 
|  67|0x0000000744300000, 0x0000000744300000, 0x0000000744400000|  0%| F|  |TAMS 0x0000000744300000, 0x0000000744300000| Untracked 
|  68|0x0000000744400000, 0x0000000744500000, 0x0000000744500000|100%|HS|  |TAMS 0x0000000744500000, 0x0000000744400000| Complete 
|  69|0x0000000744500000, 0x00000007445bad98, 0x0000000744600000| 72%| O|  |TAMS 0x00000007445bad98, 0x0000000744500000| Untracked 
|  70|0x0000000744600000, 0x00000007446b1700, 0x0000000744700000| 69%| O|  |TAMS 0x00000007446b1700, 0x0000000744600000| Untracked 
|  71|0x0000000744700000, 0x00000007447fe7c0, 0x0000000744800000| 99%| O|  |TAMS 0x00000007447fe7c0, 0x0000000744700000| Untracked 
|  72|0x0000000744800000, 0x00000007448fe260, 0x0000000744900000| 99%| O|  |TAMS 0x00000007448fe260, 0x0000000744800000| Untracked 
|  73|0x0000000744900000, 0x0000000744a00000, 0x0000000744a00000|100%| O|  |TAMS 0x0000000744a00000, 0x0000000744900000| Untracked 
|  74|0x0000000744a00000, 0x0000000744a00000, 0x0000000744b00000|  0%| F|  |TAMS 0x0000000744a00000, 0x0000000744a00000| Untracked 
|  75|0x0000000744b00000, 0x0000000744be3b18, 0x0000000744c00000| 88%| O|  |TAMS 0x0000000744be3b18, 0x0000000744b00000| Untracked 
|  76|0x0000000744c00000, 0x0000000744c78938, 0x0000000744d00000| 47%| O|  |TAMS 0x0000000744c78938, 0x0000000744c00000| Untracked 
|  77|0x0000000744d00000, 0x0000000744d0c020, 0x0000000744e00000|  4%| O|  |TAMS 0x0000000744d0c020, 0x0000000744d00000| Untracked 
|  78|0x0000000744e00000, 0x0000000744e00000, 0x0000000744f00000|  0%| F|  |TAMS 0x0000000744e00000, 0x0000000744e00000| Untracked 
|  79|0x0000000744f00000, 0x0000000744f00000, 0x0000000745000000|  0%| F|  |TAMS 0x0000000744f00000, 0x0000000744f00000| Untracked 
|  80|0x0000000745000000, 0x00000007450633f0, 0x0000000745100000| 38%| O|  |TAMS 0x00000007450633f0, 0x0000000745000000| Untracked 
|  81|0x0000000745100000, 0x0000000745171ac8, 0x0000000745200000| 44%| O|  |TAMS 0x0000000745171ac8, 0x0000000745100000| Untracked 
|  82|0x0000000745200000, 0x0000000745200000, 0x0000000745300000|  0%| F|  |TAMS 0x0000000745200000, 0x0000000745200000| Untracked 
|  83|0x0000000745300000, 0x0000000745300000, 0x0000000745400000|  0%| F|  |TAMS 0x0000000745300000, 0x0000000745300000| Untracked 
|  84|0x0000000745400000, 0x0000000745400000, 0x0000000745500000|  0%| F|  |TAMS 0x0000000745400000, 0x0000000745400000| Untracked 
|  85|0x0000000745500000, 0x0000000745600000, 0x0000000745600000|100%|HS|  |TAMS 0x0000000745600000, 0x0000000745500000| Complete 
|  86|0x0000000745600000, 0x0000000745700000, 0x0000000745700000|100%|HC|  |TAMS 0x0000000745700000, 0x0000000745600000| Complete 
|  87|0x0000000745700000, 0x0000000745800000, 0x0000000745800000|100%|HC|  |TAMS 0x0000000745800000, 0x0000000745700000| Complete 
|  88|0x0000000745800000, 0x0000000745900000, 0x0000000745900000|100%|HC|  |TAMS 0x0000000745900000, 0x0000000745800000| Complete 
|  89|0x0000000745900000, 0x0000000745a00000, 0x0000000745a00000|100%|HC|  |TAMS 0x0000000745a00000, 0x0000000745900000| Complete 
|  90|0x0000000745a00000, 0x0000000745b00000, 0x0000000745b00000|100%|HC|  |TAMS 0x0000000745b00000, 0x0000000745a00000| Complete 
|  91|0x0000000745b00000, 0x0000000745c00000, 0x0000000745c00000|100%|HC|  |TAMS 0x0000000745c00000, 0x0000000745b00000| Complete 
|  92|0x0000000745c00000, 0x0000000745d00000, 0x0000000745d00000|100%|HC|  |TAMS 0x0000000745d00000, 0x0000000745c00000| Complete 
|  93|0x0000000745d00000, 0x0000000745e00000, 0x0000000745e00000|100%|HC|  |TAMS 0x0000000745e00000, 0x0000000745d00000| Complete 
|  94|0x0000000745e00000, 0x0000000745f00000, 0x0000000745f00000|100%|HC|  |TAMS 0x0000000745f00000, 0x0000000745e00000| Complete 
|  95|0x0000000745f00000, 0x0000000746000000, 0x0000000746000000|100%|HC|  |TAMS 0x0000000746000000, 0x0000000745f00000| Complete 
|  96|0x0000000746000000, 0x0000000746100000, 0x0000000746100000|100%|HC|  |TAMS 0x0000000746100000, 0x0000000746000000| Complete 
|  97|0x0000000746100000, 0x0000000746200000, 0x0000000746200000|100%|HC|  |TAMS 0x0000000746200000, 0x0000000746100000| Complete 
|  98|0x0000000746200000, 0x0000000746300000, 0x0000000746300000|100%|HC|  |TAMS 0x0000000746300000, 0x0000000746200000| Complete 
|  99|0x0000000746300000, 0x0000000746400000, 0x0000000746400000|100%|HC|  |TAMS 0x0000000746400000, 0x0000000746300000| Complete 
| 100|0x0000000746400000, 0x0000000746400000, 0x0000000746500000|  0%| F|  |TAMS 0x0000000746400000, 0x0000000746400000| Untracked 
| 101|0x0000000746500000, 0x0000000746500000, 0x0000000746600000|  0%| F|  |TAMS 0x0000000746500000, 0x0000000746500000| Untracked 
| 102|0x0000000746600000, 0x0000000746600000, 0x0000000746700000|  0%| F|  |TAMS 0x0000000746600000, 0x0000000746600000| Untracked 
| 103|0x0000000746700000, 0x0000000746700000, 0x0000000746800000|  0%| F|  |TAMS 0x0000000746700000, 0x0000000746700000| Untracked 
| 104|0x0000000746800000, 0x0000000746800000, 0x0000000746900000|  0%| F|  |TAMS 0x0000000746800000, 0x0000000746800000| Untracked 
| 105|0x0000000746900000, 0x0000000746926520, 0x0000000746a00000| 14%| O|  |TAMS 0x0000000746926520, 0x0000000746900000| Untracked 
| 106|0x0000000746a00000, 0x0000000746a00000, 0x0000000746b00000|  0%| F|  |TAMS 0x0000000746a00000, 0x0000000746a00000| Untracked 
| 107|0x0000000746b00000, 0x0000000746b00000, 0x0000000746c00000|  0%| F|  |TAMS 0x0000000746b00000, 0x0000000746b00000| Untracked 
| 108|0x0000000746c00000, 0x0000000746c00000, 0x0000000746d00000|  0%| F|  |TAMS 0x0000000746c00000, 0x0000000746c00000| Untracked 
| 109|0x0000000746d00000, 0x0000000746d00000, 0x0000000746e00000|  0%| F|  |TAMS 0x0000000746d00000, 0x0000000746d00000| Untracked 
| 110|0x0000000746e00000, 0x0000000746e00000, 0x0000000746f00000|  0%| F|  |TAMS 0x0000000746e00000, 0x0000000746e00000| Untracked 
| 111|0x0000000746f00000, 0x0000000746f00000, 0x0000000747000000|  0%| F|  |TAMS 0x0000000746f00000, 0x0000000746f00000| Untracked 
| 112|0x0000000747000000, 0x0000000747000000, 0x0000000747100000|  0%| F|  |TAMS 0x0000000747000000, 0x0000000747000000| Untracked 
| 113|0x0000000747100000, 0x0000000747100000, 0x0000000747200000|  0%| F|  |TAMS 0x0000000747100000, 0x0000000747100000| Untracked 
| 114|0x0000000747200000, 0x0000000747200000, 0x0000000747300000|  0%| F|  |TAMS 0x0000000747200000, 0x0000000747200000| Untracked 
| 115|0x0000000747300000, 0x0000000747300000, 0x0000000747400000|  0%| F|  |TAMS 0x0000000747300000, 0x0000000747300000| Untracked 
| 116|0x0000000747400000, 0x0000000747400000, 0x0000000747500000|  0%| F|  |TAMS 0x0000000747400000, 0x0000000747400000| Untracked 
| 117|0x0000000747500000, 0x0000000747500000, 0x0000000747600000|  0%| F|  |TAMS 0x0000000747500000, 0x0000000747500000| Untracked 
| 118|0x0000000747600000, 0x0000000747600000, 0x0000000747700000|  0%| F|  |TAMS 0x0000000747600000, 0x0000000747600000| Untracked 
| 119|0x0000000747700000, 0x0000000747700000, 0x0000000747800000|  0%| F|  |TAMS 0x0000000747700000, 0x0000000747700000| Untracked 
| 120|0x0000000747800000, 0x0000000747800000, 0x0000000747900000|  0%| F|  |TAMS 0x0000000747800000, 0x0000000747800000| Untracked 
| 121|0x0000000747900000, 0x0000000747900000, 0x0000000747a00000|  0%| F|  |TAMS 0x0000000747900000, 0x0000000747900000| Untracked 
| 122|0x0000000747a00000, 0x0000000747a00000, 0x0000000747b00000|  0%| F|  |TAMS 0x0000000747a00000, 0x0000000747a00000| Untracked 
| 123|0x0000000747b00000, 0x0000000747b00000, 0x0000000747c00000|  0%| F|  |TAMS 0x0000000747b00000, 0x0000000747b00000| Untracked 
| 124|0x0000000747c00000, 0x0000000747c00000, 0x0000000747d00000|  0%| F|  |TAMS 0x0000000747c00000, 0x0000000747c00000| Untracked 
| 125|0x0000000747d00000, 0x0000000747d00000, 0x0000000747e00000|  0%| F|  |TAMS 0x0000000747d00000, 0x0000000747d00000| Untracked 
| 126|0x0000000747e00000, 0x0000000747e00000, 0x0000000747f00000|  0%| F|  |TAMS 0x0000000747e00000, 0x0000000747e00000| Untracked 
| 127|0x0000000747f00000, 0x0000000747f00000, 0x0000000748000000|  0%| F|  |TAMS 0x0000000747f00000, 0x0000000747f00000| Untracked 
| 128|0x0000000748000000, 0x0000000748000000, 0x0000000748100000|  0%| F|  |TAMS 0x0000000748000000, 0x0000000748000000| Untracked 
| 129|0x0000000748100000, 0x0000000748100000, 0x0000000748200000|  0%| F|  |TAMS 0x0000000748100000, 0x0000000748100000| Untracked 
| 130|0x0000000748200000, 0x0000000748200000, 0x0000000748300000|  0%| F|  |TAMS 0x0000000748200000, 0x0000000748200000| Untracked 
| 131|0x0000000748300000, 0x0000000748300000, 0x0000000748400000|  0%| F|  |TAMS 0x0000000748300000, 0x0000000748300000| Untracked 
| 132|0x0000000748400000, 0x0000000748400000, 0x0000000748500000|  0%| F|  |TAMS 0x0000000748400000, 0x0000000748400000| Untracked 
| 133|0x0000000748500000, 0x0000000748500000, 0x0000000748600000|  0%| F|  |TAMS 0x0000000748500000, 0x0000000748500000| Untracked 
| 134|0x0000000748600000, 0x0000000748600000, 0x0000000748700000|  0%| F|  |TAMS 0x0000000748600000, 0x0000000748600000| Untracked 
| 135|0x0000000748700000, 0x0000000748700000, 0x0000000748800000|  0%| F|  |TAMS 0x0000000748700000, 0x0000000748700000| Untracked 
| 136|0x0000000748800000, 0x0000000748800000, 0x0000000748900000|  0%| F|  |TAMS 0x0000000748800000, 0x0000000748800000| Untracked 
| 137|0x0000000748900000, 0x0000000748900000, 0x0000000748a00000|  0%| F|  |TAMS 0x0000000748900000, 0x0000000748900000| Untracked 
| 138|0x0000000748a00000, 0x0000000748a00000, 0x0000000748b00000|  0%| F|  |TAMS 0x0000000748a00000, 0x0000000748a00000| Untracked 
| 139|0x0000000748b00000, 0x0000000748b00000, 0x0000000748c00000|  0%| F|  |TAMS 0x0000000748b00000, 0x0000000748b00000| Untracked 
| 140|0x0000000748c00000, 0x0000000748c00000, 0x0000000748d00000|  0%| F|  |TAMS 0x0000000748c00000, 0x0000000748c00000| Untracked 
| 141|0x0000000748d00000, 0x0000000748d00000, 0x0000000748e00000|  0%| F|  |TAMS 0x0000000748d00000, 0x0000000748d00000| Untracked 
| 142|0x0000000748e00000, 0x0000000748e00000, 0x0000000748f00000|  0%| F|  |TAMS 0x0000000748e00000, 0x0000000748e00000| Untracked 
| 143|0x0000000748f00000, 0x0000000748f00000, 0x0000000749000000|  0%| F|  |TAMS 0x0000000748f00000, 0x0000000748f00000| Untracked 
| 144|0x0000000749000000, 0x0000000749000000, 0x0000000749100000|  0%| F|  |TAMS 0x0000000749000000, 0x0000000749000000| Untracked 
| 145|0x0000000749100000, 0x0000000749100000, 0x0000000749200000|  0%| F|  |TAMS 0x0000000749100000, 0x0000000749100000| Untracked 
| 146|0x0000000749200000, 0x0000000749200000, 0x0000000749300000|  0%| F|  |TAMS 0x0000000749200000, 0x0000000749200000| Untracked 
| 147|0x0000000749300000, 0x0000000749300000, 0x0000000749400000|  0%| F|  |TAMS 0x0000000749300000, 0x0000000749300000| Untracked 
| 148|0x0000000749400000, 0x0000000749400000, 0x0000000749500000|  0%| F|  |TAMS 0x0000000749400000, 0x0000000749400000| Untracked 
| 149|0x0000000749500000, 0x0000000749500000, 0x0000000749600000|  0%| F|  |TAMS 0x0000000749500000, 0x0000000749500000| Untracked 
| 150|0x0000000749600000, 0x0000000749600000, 0x0000000749700000|  0%| F|  |TAMS 0x0000000749600000, 0x0000000749600000| Untracked 
| 151|0x0000000749700000, 0x0000000749700000, 0x0000000749800000|  0%| F|  |TAMS 0x0000000749700000, 0x0000000749700000| Untracked 
| 152|0x0000000749800000, 0x0000000749800000, 0x0000000749900000|  0%| F|  |TAMS 0x0000000749800000, 0x0000000749800000| Untracked 
| 153|0x0000000749900000, 0x0000000749900000, 0x0000000749a00000|  0%| F|  |TAMS 0x0000000749900000, 0x0000000749900000| Untracked 
| 154|0x0000000749a00000, 0x0000000749a00000, 0x0000000749b00000|  0%| F|  |TAMS 0x0000000749a00000, 0x0000000749a00000| Untracked 
| 155|0x0000000749b00000, 0x0000000749b00000, 0x0000000749c00000|  0%| F|  |TAMS 0x0000000749b00000, 0x0000000749b00000| Untracked 
| 156|0x0000000749c00000, 0x0000000749c00000, 0x0000000749d00000|  0%| F|  |TAMS 0x0000000749c00000, 0x0000000749c00000| Untracked 
| 157|0x0000000749d00000, 0x0000000749d00000, 0x0000000749e00000|  0%| F|  |TAMS 0x0000000749d00000, 0x0000000749d00000| Untracked 
| 158|0x0000000749e00000, 0x0000000749e00000, 0x0000000749f00000|  0%| F|  |TAMS 0x0000000749e00000, 0x0000000749e00000| Untracked 
| 159|0x0000000749f00000, 0x0000000749f00000, 0x000000074a000000|  0%| F|  |TAMS 0x0000000749f00000, 0x0000000749f00000| Untracked 
| 160|0x000000074a000000, 0x000000074a000000, 0x000000074a100000|  0%| F|  |TAMS 0x000000074a000000, 0x000000074a000000| Untracked 
| 161|0x000000074a100000, 0x000000074a100000, 0x000000074a200000|  0%| F|  |TAMS 0x000000074a100000, 0x000000074a100000| Untracked 
| 162|0x000000074a200000, 0x000000074a200000, 0x000000074a300000|  0%| F|  |TAMS 0x000000074a200000, 0x000000074a200000| Untracked 
| 163|0x000000074a300000, 0x000000074a300000, 0x000000074a400000|  0%| F|  |TAMS 0x000000074a300000, 0x000000074a300000| Untracked 
| 164|0x000000074a400000, 0x000000074a400000, 0x000000074a500000|  0%| F|  |TAMS 0x000000074a400000, 0x000000074a400000| Untracked 
| 165|0x000000074a500000, 0x000000074a500000, 0x000000074a600000|  0%| F|  |TAMS 0x000000074a500000, 0x000000074a500000| Untracked 
| 166|0x000000074a600000, 0x000000074a600000, 0x000000074a700000|  0%| F|  |TAMS 0x000000074a600000, 0x000000074a600000| Untracked 
| 167|0x000000074a700000, 0x000000074a700000, 0x000000074a800000|  0%| F|  |TAMS 0x000000074a700000, 0x000000074a700000| Untracked 
| 168|0x000000074a800000, 0x000000074a800000, 0x000000074a900000|  0%| F|  |TAMS 0x000000074a800000, 0x000000074a800000| Untracked 
| 169|0x000000074a900000, 0x000000074a900000, 0x000000074aa00000|  0%| F|  |TAMS 0x000000074a900000, 0x000000074a900000| Untracked 
| 170|0x000000074aa00000, 0x000000074aa00000, 0x000000074ab00000|  0%| F|  |TAMS 0x000000074aa00000, 0x000000074aa00000| Untracked 
| 171|0x000000074ab00000, 0x000000074ab00000, 0x000000074ac00000|  0%| F|  |TAMS 0x000000074ab00000, 0x000000074ab00000| Untracked 
| 172|0x000000074ac00000, 0x000000074ac00000, 0x000000074ad00000|  0%| F|  |TAMS 0x000000074ac00000, 0x000000074ac00000| Untracked 
| 173|0x000000074ad00000, 0x000000074ad00000, 0x000000074ae00000|  0%| F|  |TAMS 0x000000074ad00000, 0x000000074ad00000| Untracked 
| 174|0x000000074ae00000, 0x000000074ae00000, 0x000000074af00000|  0%| F|  |TAMS 0x000000074ae00000, 0x000000074ae00000| Untracked 
| 175|0x000000074af00000, 0x000000074af00000, 0x000000074b000000|  0%| F|  |TAMS 0x000000074af00000, 0x000000074af00000| Untracked 
| 176|0x000000074b000000, 0x000000074b000000, 0x000000074b100000|  0%| F|  |TAMS 0x000000074b000000, 0x000000074b000000| Untracked 
| 177|0x000000074b100000, 0x000000074b100000, 0x000000074b200000|  0%| F|  |TAMS 0x000000074b100000, 0x000000074b100000| Untracked 
| 178|0x000000074b200000, 0x000000074b200000, 0x000000074b300000|  0%| F|  |TAMS 0x000000074b200000, 0x000000074b200000| Untracked 
| 179|0x000000074b300000, 0x000000074b300000, 0x000000074b400000|  0%| F|  |TAMS 0x000000074b300000, 0x000000074b300000| Untracked 
| 180|0x000000074b400000, 0x000000074b400000, 0x000000074b500000|  0%| F|  |TAMS 0x000000074b400000, 0x000000074b400000| Untracked 
| 181|0x000000074b500000, 0x000000074b500000, 0x000000074b600000|  0%| F|  |TAMS 0x000000074b500000, 0x000000074b500000| Untracked 
| 182|0x000000074b600000, 0x000000074b600000, 0x000000074b700000|  0%| F|  |TAMS 0x000000074b600000, 0x000000074b600000| Untracked 
| 183|0x000000074b700000, 0x000000074b700000, 0x000000074b800000|  0%| F|  |TAMS 0x000000074b700000, 0x000000074b700000| Untracked 
| 184|0x000000074b800000, 0x000000074b800000, 0x000000074b900000|  0%| F|  |TAMS 0x000000074b800000, 0x000000074b800000| Untracked 
| 185|0x000000074b900000, 0x000000074b900000, 0x000000074ba00000|  0%| F|  |TAMS 0x000000074b900000, 0x000000074b900000| Untracked 
| 186|0x000000074ba00000, 0x000000074ba00000, 0x000000074bb00000|  0%| F|  |TAMS 0x000000074ba00000, 0x000000074ba00000| Untracked 
| 187|0x000000074bb00000, 0x000000074bb00000, 0x000000074bc00000|  0%| F|  |TAMS 0x000000074bb00000, 0x000000074bb00000| Untracked 
| 188|0x000000074bc00000, 0x000000074bc00000, 0x000000074bd00000|  0%| F|  |TAMS 0x000000074bc00000, 0x000000074bc00000| Untracked 
| 189|0x000000074bd00000, 0x000000074bd00000, 0x000000074be00000|  0%| F|  |TAMS 0x000000074bd00000, 0x000000074bd00000| Untracked 
| 190|0x000000074be00000, 0x000000074be00000, 0x000000074bf00000|  0%| F|  |TAMS 0x000000074be00000, 0x000000074be00000| Untracked 
| 191|0x000000074bf00000, 0x000000074bf00000, 0x000000074c000000|  0%| F|  |TAMS 0x000000074bf00000, 0x000000074bf00000| Untracked 
| 192|0x000000074c000000, 0x000000074c000000, 0x000000074c100000|  0%| F|  |TAMS 0x000000074c000000, 0x000000074c000000| Untracked 
| 193|0x000000074c100000, 0x000000074c100000, 0x000000074c200000|  0%| F|  |TAMS 0x000000074c100000, 0x000000074c100000| Untracked 
| 194|0x000000074c200000, 0x000000074c200000, 0x000000074c300000|  0%| F|  |TAMS 0x000000074c200000, 0x000000074c200000| Untracked 
| 195|0x000000074c300000, 0x000000074c3c6050, 0x000000074c400000| 77%| S|CS|TAMS 0x000000074c300000, 0x000000074c300000| Complete 
| 196|0x000000074c400000, 0x000000074c400000, 0x000000074c500000|  0%| F|  |TAMS 0x000000074c400000, 0x000000074c400000| Untracked 
| 197|0x000000074c500000, 0x000000074c500000, 0x000000074c600000|  0%| F|  |TAMS 0x000000074c500000, 0x000000074c500000| Untracked 
| 198|0x000000074c600000, 0x000000074c600000, 0x000000074c700000|  0%| F|  |TAMS 0x000000074c600000, 0x000000074c600000| Untracked 
| 199|0x000000074c700000, 0x000000074c700000, 0x000000074c800000|  0%| F|  |TAMS 0x000000074c700000, 0x000000074c700000| Untracked 
| 200|0x000000074c800000, 0x000000074c800000, 0x000000074c900000|  0%| F|  |TAMS 0x000000074c800000, 0x000000074c800000| Untracked 
| 201|0x000000074c900000, 0x000000074c900000, 0x000000074ca00000|  0%| F|  |TAMS 0x000000074c900000, 0x000000074c900000| Untracked 
| 202|0x000000074ca00000, 0x000000074ca00000, 0x000000074cb00000|  0%| F|  |TAMS 0x000000074ca00000, 0x000000074ca00000| Untracked 
| 203|0x000000074cb00000, 0x000000074cb00000, 0x000000074cc00000|  0%| F|  |TAMS 0x000000074cb00000, 0x000000074cb00000| Untracked 
| 204|0x000000074cc00000, 0x000000074cc00000, 0x000000074cd00000|  0%| F|  |TAMS 0x000000074cc00000, 0x000000074cc00000| Untracked 
| 205|0x000000074cd00000, 0x000000074cd00000, 0x000000074ce00000|  0%| F|  |TAMS 0x000000074cd00000, 0x000000074cd00000| Untracked 
| 206|0x000000074ce00000, 0x000000074ce00000, 0x000000074cf00000|  0%| F|  |TAMS 0x000000074ce00000, 0x000000074ce00000| Untracked 
| 207|0x000000074cf00000, 0x000000074cf00000, 0x000000074d000000|  0%| F|  |TAMS 0x000000074cf00000, 0x000000074cf00000| Untracked 
| 208|0x000000074d000000, 0x000000074d000000, 0x000000074d100000|  0%| F|  |TAMS 0x000000074d000000, 0x000000074d000000| Untracked 
| 209|0x000000074d100000, 0x000000074d100000, 0x000000074d200000|  0%| F|  |TAMS 0x000000074d100000, 0x000000074d100000| Untracked 
| 210|0x000000074d200000, 0x000000074d292dd8, 0x000000074d300000| 57%| E|  |TAMS 0x000000074d200000, 0x000000074d200000| Complete 
| 211|0x000000074d300000, 0x000000074d400000, 0x000000074d400000|100%| E|CS|TAMS 0x000000074d300000, 0x000000074d300000| Complete 
| 212|0x000000074d400000, 0x000000074d500000, 0x000000074d500000|100%| E|CS|TAMS 0x000000074d400000, 0x000000074d400000| Complete 
| 213|0x000000074d500000, 0x000000074d5fffd8, 0x000000074d600000| 99%| E|  |TAMS 0x000000074d500000, 0x000000074d500000| Complete 
| 214|0x000000074d600000, 0x000000074d700000, 0x000000074d700000|100%| E|CS|TAMS 0x000000074d600000, 0x000000074d600000| Complete 
| 215|0x000000074d700000, 0x000000074d800000, 0x000000074d800000|100%| E|CS|TAMS 0x000000074d700000, 0x000000074d700000| Complete 
| 216|0x000000074d800000, 0x000000074d900000, 0x000000074d900000|100%| E|CS|TAMS 0x000000074d800000, 0x000000074d800000| Complete 
| 217|0x000000074d900000, 0x000000074da00000, 0x000000074da00000|100%| E|CS|TAMS 0x000000074d900000, 0x000000074d900000| Complete 
| 218|0x000000074da00000, 0x000000074db00000, 0x000000074db00000|100%| E|CS|TAMS 0x000000074da00000, 0x000000074da00000| Complete 
| 219|0x000000074db00000, 0x000000074dc00000, 0x000000074dc00000|100%| E|CS|TAMS 0x000000074db00000, 0x000000074db00000| Complete 
| 220|0x000000074dc00000, 0x000000074dd00000, 0x000000074dd00000|100%| E|CS|TAMS 0x000000074dc00000, 0x000000074dc00000| Complete 
| 221|0x000000074dd00000, 0x000000074de00000, 0x000000074de00000|100%| E|CS|TAMS 0x000000074dd00000, 0x000000074dd00000| Complete 
| 222|0x000000074de00000, 0x000000074df00000, 0x000000074df00000|100%| E|CS|TAMS 0x000000074de00000, 0x000000074de00000| Complete 
| 223|0x000000074df00000, 0x000000074e000000, 0x000000074e000000|100%| E|CS|TAMS 0x000000074df00000, 0x000000074df00000| Complete 
| 224|0x000000074e000000, 0x000000074e100000, 0x000000074e100000|100%| E|CS|TAMS 0x000000074e000000, 0x000000074e000000| Complete 
| 225|0x000000074e100000, 0x000000074e200000, 0x000000074e200000|100%| E|CS|TAMS 0x000000074e100000, 0x000000074e100000| Complete 
| 226|0x000000074e200000, 0x000000074e300000, 0x000000074e300000|100%| E|CS|TAMS 0x000000074e200000, 0x000000074e200000| Complete 
| 227|0x000000074e300000, 0x000000074e400000, 0x000000074e400000|100%| E|CS|TAMS 0x000000074e300000, 0x000000074e300000| Complete 
| 228|0x000000074e400000, 0x000000074e500000, 0x000000074e500000|100%| E|CS|TAMS 0x000000074e400000, 0x000000074e400000| Complete 
| 229|0x000000074e500000, 0x000000074e600000, 0x000000074e600000|100%| E|CS|TAMS 0x000000074e500000, 0x000000074e500000| Complete 
| 230|0x000000074e600000, 0x000000074e700000, 0x000000074e700000|100%| E|CS|TAMS 0x000000074e600000, 0x000000074e600000| Complete 
| 231|0x000000074e700000, 0x000000074e800000, 0x000000074e800000|100%| E|CS|TAMS 0x000000074e700000, 0x000000074e700000| Complete 
| 232|0x000000074e800000, 0x000000074e900000, 0x000000074e900000|100%| E|CS|TAMS 0x000000074e800000, 0x000000074e800000| Complete 
| 233|0x000000074e900000, 0x000000074ea00000, 0x000000074ea00000|100%|HS|  |TAMS 0x000000074ea00000, 0x000000074e900000| Complete 
| 234|0x000000074ea00000, 0x000000074eb00000, 0x000000074eb00000|100%|HC|  |TAMS 0x000000074eb00000, 0x000000074ea00000| Complete 
| 235|0x000000074eb00000, 0x000000074ec00000, 0x000000074ec00000|100%|HC|  |TAMS 0x000000074ec00000, 0x000000074eb00000| Complete 
| 236|0x000000074ec00000, 0x000000074ed00000, 0x000000074ed00000|100%|HC|  |TAMS 0x000000074ed00000, 0x000000074ec00000| Complete 
| 237|0x000000074ed00000, 0x000000074ee00000, 0x000000074ee00000|100%|HC|  |TAMS 0x000000074ee00000, 0x000000074ed00000| Complete 
| 238|0x000000074ee00000, 0x000000074ef00000, 0x000000074ef00000|100%|HC|  |TAMS 0x000000074ef00000, 0x000000074ee00000| Complete 
| 239|0x000000074ef00000, 0x000000074f000000, 0x000000074f000000|100%|HC|  |TAMS 0x000000074f000000, 0x000000074ef00000| Complete 
| 240|0x000000074f000000, 0x000000074f100000, 0x000000074f100000|100%|HC|  |TAMS 0x000000074f100000, 0x000000074f000000| Complete 
| 241|0x000000074f100000, 0x000000074f200000, 0x000000074f200000|100%|HC|  |TAMS 0x000000074f200000, 0x000000074f100000| Complete 
| 242|0x000000074f200000, 0x000000074f300000, 0x000000074f300000|100%|HC|  |TAMS 0x000000074f300000, 0x000000074f200000| Complete 
| 243|0x000000074f300000, 0x000000074f400000, 0x000000074f400000|100%|HC|  |TAMS 0x000000074f400000, 0x000000074f300000| Complete 
| 244|0x000000074f400000, 0x000000074f500000, 0x000000074f500000|100%|HC|  |TAMS 0x000000074f500000, 0x000000074f400000| Complete 
| 245|0x000000074f500000, 0x000000074f600000, 0x000000074f600000|100%|HC|  |TAMS 0x000000074f600000, 0x000000074f500000| Complete 
| 246|0x000000074f600000, 0x000000074f700000, 0x000000074f700000|100%|HC|  |TAMS 0x000000074f700000, 0x000000074f600000| Complete 
| 247|0x000000074f700000, 0x000000074f800000, 0x000000074f800000|100%|HC|  |TAMS 0x000000074f800000, 0x000000074f700000| Complete 
| 248|0x000000074f800000, 0x000000074f900000, 0x000000074f900000|100%|HC|  |TAMS 0x000000074f900000, 0x000000074f800000| Complete 
| 249|0x000000074f900000, 0x000000074fa00000, 0x000000074fa00000|100%|HC|  |TAMS 0x000000074fa00000, 0x000000074f900000| Complete 
| 250|0x000000074fa00000, 0x000000074fb00000, 0x000000074fb00000|100%|HC|  |TAMS 0x000000074fb00000, 0x000000074fa00000| Complete 
| 251|0x000000074fb00000, 0x000000074fc00000, 0x000000074fc00000|100%|HC|  |TAMS 0x000000074fc00000, 0x000000074fb00000| Complete 
| 252|0x000000074fc00000, 0x000000074fd00000, 0x000000074fd00000|100%|HC|  |TAMS 0x000000074fd00000, 0x000000074fc00000| Complete 
| 253|0x000000074fd00000, 0x000000074fe00000, 0x000000074fe00000|100%|HC|  |TAMS 0x000000074fe00000, 0x000000074fd00000| Complete 
| 254|0x000000074fe00000, 0x000000074ff00000, 0x000000074ff00000|100%|HC|  |TAMS 0x000000074ff00000, 0x000000074fe00000| Complete 
| 255|0x000000074ff00000, 0x0000000750000000, 0x0000000750000000|100%|HC|  |TAMS 0x0000000750000000, 0x000000074ff00000| Complete 
| 256|0x0000000750000000, 0x0000000750100000, 0x0000000750100000|100%|HC|  |TAMS 0x0000000750100000, 0x0000000750000000| Complete 
| 257|0x0000000750100000, 0x0000000750200000, 0x0000000750200000|100%|HC|  |TAMS 0x0000000750200000, 0x0000000750100000| Complete 
| 258|0x0000000750200000, 0x0000000750300000, 0x0000000750300000|100%|HC|  |TAMS 0x0000000750300000, 0x0000000750200000| Complete 
| 259|0x0000000750300000, 0x0000000750400000, 0x0000000750400000|100%|HC|  |TAMS 0x0000000750400000, 0x0000000750300000| Complete 
| 260|0x0000000750400000, 0x0000000750500000, 0x0000000750500000|100%|HC|  |TAMS 0x0000000750500000, 0x0000000750400000| Complete 
| 261|0x0000000750500000, 0x0000000750600000, 0x0000000750600000|100%|HC|  |TAMS 0x0000000750600000, 0x0000000750500000| Complete 
| 262|0x0000000750600000, 0x0000000750700000, 0x0000000750700000|100%|HC|  |TAMS 0x0000000750700000, 0x0000000750600000| Complete 
| 263|0x0000000750700000, 0x0000000750800000, 0x0000000750800000|100%|HC|  |TAMS 0x0000000750800000, 0x0000000750700000| Complete 
| 264|0x0000000750800000, 0x0000000750900000, 0x0000000750900000|100%|HC|  |TAMS 0x0000000750900000, 0x0000000750800000| Complete 
| 265|0x0000000750900000, 0x0000000750a00000, 0x0000000750a00000|100%|HC|  |TAMS 0x0000000750a00000, 0x0000000750900000| Complete 
| 266|0x0000000750a00000, 0x0000000750b00000, 0x0000000750b00000|100%|HC|  |TAMS 0x0000000750b00000, 0x0000000750a00000| Complete 
| 267|0x0000000750b00000, 0x0000000750c00000, 0x0000000750c00000|100%|HC|  |TAMS 0x0000000750c00000, 0x0000000750b00000| Complete 
| 268|0x0000000750c00000, 0x0000000750d00000, 0x0000000750d00000|100%|HC|  |TAMS 0x0000000750d00000, 0x0000000750c00000| Complete 
| 269|0x0000000750d00000, 0x0000000750e00000, 0x0000000750e00000|100%|HC|  |TAMS 0x0000000750e00000, 0x0000000750d00000| Complete 
| 270|0x0000000750e00000, 0x0000000750f00000, 0x0000000750f00000|100%|HC|  |TAMS 0x0000000750f00000, 0x0000000750e00000| Complete 
| 271|0x0000000750f00000, 0x0000000751000000, 0x0000000751000000|100%|HC|  |TAMS 0x0000000751000000, 0x0000000750f00000| Complete 
| 272|0x0000000751000000, 0x0000000751100000, 0x0000000751100000|100%|HC|  |TAMS 0x0000000751100000, 0x0000000751000000| Complete 
| 273|0x0000000751100000, 0x0000000751200000, 0x0000000751200000|100%|HC|  |TAMS 0x0000000751200000, 0x0000000751100000| Complete 
| 274|0x0000000751200000, 0x0000000751300000, 0x0000000751300000|100%|HC|  |TAMS 0x0000000751300000, 0x0000000751200000| Complete 
| 275|0x0000000751300000, 0x0000000751400000, 0x0000000751400000|100%|HC|  |TAMS 0x0000000751400000, 0x0000000751300000| Complete 
| 276|0x0000000751400000, 0x0000000751500000, 0x0000000751500000|100%|HC|  |TAMS 0x0000000751500000, 0x0000000751400000| Complete 
| 277|0x0000000751500000, 0x0000000751600000, 0x0000000751600000|100%|HC|  |TAMS 0x0000000751600000, 0x0000000751500000| Complete 
| 278|0x0000000751600000, 0x0000000751700000, 0x0000000751700000|100%|HC|  |TAMS 0x0000000751700000, 0x0000000751600000| Complete 
| 279|0x0000000751700000, 0x0000000751800000, 0x0000000751800000|100%|HC|  |TAMS 0x0000000751800000, 0x0000000751700000| Complete 
| 280|0x0000000751800000, 0x0000000751900000, 0x0000000751900000|100%|HC|  |TAMS 0x0000000751900000, 0x0000000751800000| Complete 
| 281|0x0000000751900000, 0x0000000751a00000, 0x0000000751a00000|100%|HC|  |TAMS 0x0000000751a00000, 0x0000000751900000| Complete 
| 282|0x0000000751a00000, 0x0000000751b00000, 0x0000000751b00000|100%|HC|  |TAMS 0x0000000751b00000, 0x0000000751a00000| Complete 
| 283|0x0000000751b00000, 0x0000000751c00000, 0x0000000751c00000|100%|HC|  |TAMS 0x0000000751c00000, 0x0000000751b00000| Complete 
| 284|0x0000000751c00000, 0x0000000751d00000, 0x0000000751d00000|100%|HC|  |TAMS 0x0000000751d00000, 0x0000000751c00000| Complete 
| 285|0x0000000751d00000, 0x0000000751e00000, 0x0000000751e00000|100%|HC|  |TAMS 0x0000000751e00000, 0x0000000751d00000| Complete 
| 286|0x0000000751e00000, 0x0000000751f00000, 0x0000000751f00000|100%|HC|  |TAMS 0x0000000751f00000, 0x0000000751e00000| Complete 
| 287|0x0000000751f00000, 0x0000000752000000, 0x0000000752000000|100%|HC|  |TAMS 0x0000000752000000, 0x0000000751f00000| Complete 
| 288|0x0000000752000000, 0x0000000752100000, 0x0000000752100000|100%|HC|  |TAMS 0x0000000752100000, 0x0000000752000000| Complete 
| 289|0x0000000752100000, 0x0000000752200000, 0x0000000752200000|100%|HC|  |TAMS 0x0000000752200000, 0x0000000752100000| Complete 
| 290|0x0000000752200000, 0x0000000752300000, 0x0000000752300000|100%|HC|  |TAMS 0x0000000752300000, 0x0000000752200000| Complete 
| 291|0x0000000752300000, 0x0000000752400000, 0x0000000752400000|100%|HC|  |TAMS 0x0000000752400000, 0x0000000752300000| Complete 
| 292|0x0000000752400000, 0x0000000752500000, 0x0000000752500000|100%|HC|  |TAMS 0x0000000752500000, 0x0000000752400000| Complete 
| 293|0x0000000752500000, 0x0000000752600000, 0x0000000752600000|100%|HC|  |TAMS 0x0000000752600000, 0x0000000752500000| Complete 
| 294|0x0000000752600000, 0x0000000752700000, 0x0000000752700000|100%|HC|  |TAMS 0x0000000752700000, 0x0000000752600000| Complete 
| 295|0x0000000752700000, 0x0000000752800000, 0x0000000752800000|100%|HC|  |TAMS 0x0000000752800000, 0x0000000752700000| Complete 
| 296|0x0000000752800000, 0x0000000752900000, 0x0000000752900000|100%|HC|  |TAMS 0x0000000752900000, 0x0000000752800000| Complete 
| 297|0x0000000752900000, 0x0000000752a00000, 0x0000000752a00000|100%|HC|  |TAMS 0x0000000752a00000, 0x0000000752900000| Complete 
| 298|0x0000000752a00000, 0x0000000752b00000, 0x0000000752b00000|100%|HC|  |TAMS 0x0000000752b00000, 0x0000000752a00000| Complete 
| 299|0x0000000752b00000, 0x0000000752c00000, 0x0000000752c00000|100%|HC|  |TAMS 0x0000000752c00000, 0x0000000752b00000| Complete 
| 300|0x0000000752c00000, 0x0000000752d00000, 0x0000000752d00000|100%|HC|  |TAMS 0x0000000752d00000, 0x0000000752c00000| Complete 
| 301|0x0000000752d00000, 0x0000000752e00000, 0x0000000752e00000|100%|HC|  |TAMS 0x0000000752e00000, 0x0000000752d00000| Complete 
| 302|0x0000000752e00000, 0x0000000752f00000, 0x0000000752f00000|100%|HC|  |TAMS 0x0000000752f00000, 0x0000000752e00000| Complete 
| 303|0x0000000752f00000, 0x0000000753000000, 0x0000000753000000|100%|HC|  |TAMS 0x0000000753000000, 0x0000000752f00000| Complete 
| 304|0x0000000753000000, 0x0000000753100000, 0x0000000753100000|100%|HC|  |TAMS 0x0000000753100000, 0x0000000753000000| Complete 
| 305|0x0000000753100000, 0x0000000753200000, 0x0000000753200000|100%|HC|  |TAMS 0x0000000753200000, 0x0000000753100000| Complete 
| 306|0x0000000753200000, 0x0000000753300000, 0x0000000753300000|100%|HC|  |TAMS 0x0000000753300000, 0x0000000753200000| Complete 
| 307|0x0000000753300000, 0x0000000753400000, 0x0000000753400000|100%|HC|  |TAMS 0x0000000753400000, 0x0000000753300000| Complete 
| 308|0x0000000753400000, 0x0000000753500000, 0x0000000753500000|100%|HC|  |TAMS 0x0000000753500000, 0x0000000753400000| Complete 
| 309|0x0000000753500000, 0x0000000753600000, 0x0000000753600000|100%|HC|  |TAMS 0x0000000753600000, 0x0000000753500000| Complete 
| 310|0x0000000753600000, 0x0000000753700000, 0x0000000753700000|100%|HC|  |TAMS 0x0000000753700000, 0x0000000753600000| Complete 
| 311|0x0000000753700000, 0x0000000753800000, 0x0000000753800000|100%|HC|  |TAMS 0x0000000753800000, 0x0000000753700000| Complete 
| 312|0x0000000753800000, 0x0000000753900000, 0x0000000753900000|100%|HC|  |TAMS 0x0000000753900000, 0x0000000753800000| Complete 
| 313|0x0000000753900000, 0x0000000753a00000, 0x0000000753a00000|100%|HC|  |TAMS 0x0000000753a00000, 0x0000000753900000| Complete 
| 314|0x0000000753a00000, 0x0000000753b00000, 0x0000000753b00000|100%|HC|  |TAMS 0x0000000753b00000, 0x0000000753a00000| Complete 
| 315|0x0000000753b00000, 0x0000000753c00000, 0x0000000753c00000|100%|HC|  |TAMS 0x0000000753c00000, 0x0000000753b00000| Complete 
| 316|0x0000000753c00000, 0x0000000753d00000, 0x0000000753d00000|100%|HC|  |TAMS 0x0000000753d00000, 0x0000000753c00000| Complete 
| 317|0x0000000753d00000, 0x0000000753e00000, 0x0000000753e00000|100%|HC|  |TAMS 0x0000000753e00000, 0x0000000753d00000| Complete 
| 318|0x0000000753e00000, 0x0000000753f00000, 0x0000000753f00000|100%|HC|  |TAMS 0x0000000753f00000, 0x0000000753e00000| Complete 
| 319|0x0000000753f00000, 0x0000000754000000, 0x0000000754000000|100%|HC|  |TAMS 0x0000000754000000, 0x0000000753f00000| Complete 
| 320|0x0000000754000000, 0x0000000754100000, 0x0000000754100000|100%| E|CS|TAMS 0x0000000754000000, 0x0000000754000000| Complete 
| 321|0x0000000754100000, 0x0000000754200000, 0x0000000754200000|100%| E|CS|TAMS 0x0000000754100000, 0x0000000754100000| Complete 
| 322|0x0000000754200000, 0x0000000754300000, 0x0000000754300000|100%| E|CS|TAMS 0x0000000754200000, 0x0000000754200000| Complete 
| 323|0x0000000754300000, 0x0000000754400000, 0x0000000754400000|100%| E|CS|TAMS 0x0000000754300000, 0x0000000754300000| Complete 
| 324|0x0000000754400000, 0x0000000754500000, 0x0000000754500000|100%| E|CS|TAMS 0x0000000754400000, 0x0000000754400000| Complete 
| 325|0x0000000754500000, 0x0000000754600000, 0x0000000754600000|100%| E|CS|TAMS 0x0000000754500000, 0x0000000754500000| Complete 
| 326|0x0000000754600000, 0x0000000754700000, 0x0000000754700000|100%| E|CS|TAMS 0x0000000754600000, 0x0000000754600000| Complete 
| 327|0x0000000754700000, 0x0000000754800000, 0x0000000754800000|100%| E|CS|TAMS 0x0000000754700000, 0x0000000754700000| Complete 
| 328|0x0000000754800000, 0x0000000754900000, 0x0000000754900000|100%| E|CS|TAMS 0x0000000754800000, 0x0000000754800000| Complete 
| 329|0x0000000754900000, 0x0000000754a00000, 0x0000000754a00000|100%| E|CS|TAMS 0x0000000754900000, 0x0000000754900000| Complete 
| 330|0x0000000754a00000, 0x0000000754b00000, 0x0000000754b00000|100%| E|CS|TAMS 0x0000000754a00000, 0x0000000754a00000| Complete 
| 331|0x0000000754b00000, 0x0000000754c00000, 0x0000000754c00000|100%| E|CS|TAMS 0x0000000754b00000, 0x0000000754b00000| Complete 
| 332|0x0000000754c00000, 0x0000000754d00000, 0x0000000754d00000|100%| E|CS|TAMS 0x0000000754c00000, 0x0000000754c00000| Complete 
| 333|0x0000000754d00000, 0x0000000754e00000, 0x0000000754e00000|100%| E|CS|TAMS 0x0000000754d00000, 0x0000000754d00000| Complete 
| 334|0x0000000754e00000, 0x0000000754f00000, 0x0000000754f00000|100%| E|CS|TAMS 0x0000000754e00000, 0x0000000754e00000| Complete 
| 335|0x0000000754f00000, 0x0000000755000000, 0x0000000755000000|100%| E|CS|TAMS 0x0000000754f00000, 0x0000000754f00000| Complete 
| 336|0x0000000755000000, 0x0000000755100000, 0x0000000755100000|100%| E|CS|TAMS 0x0000000755000000, 0x0000000755000000| Complete 
| 337|0x0000000755100000, 0x0000000755200000, 0x0000000755200000|100%| E|CS|TAMS 0x0000000755100000, 0x0000000755100000| Complete 
| 338|0x0000000755200000, 0x0000000755300000, 0x0000000755300000|100%| E|CS|TAMS 0x0000000755200000, 0x0000000755200000| Complete 
| 339|0x0000000755300000, 0x0000000755400000, 0x0000000755400000|100%| E|CS|TAMS 0x0000000755300000, 0x0000000755300000| Complete 
| 340|0x0000000755400000, 0x0000000755500000, 0x0000000755500000|100%| E|CS|TAMS 0x0000000755400000, 0x0000000755400000| Complete 
| 341|0x0000000755500000, 0x0000000755600000, 0x0000000755600000|100%| E|CS|TAMS 0x0000000755500000, 0x0000000755500000| Complete 
| 342|0x0000000755600000, 0x0000000755700000, 0x0000000755700000|100%| E|CS|TAMS 0x0000000755600000, 0x0000000755600000| Complete 

Card table byte_map: [0x0000020aad590000,0x0000020aadb90000] _byte_map_base: 0x0000020aa9b90000

Marking Bits (Prev, Next): (CMBitMap*) 0x0000020a942d6218, (CMBitMap*) 0x0000020a942d6250
 Prev Bits: [0x0000020aae190000, 0x0000020ab1190000)
 Next Bits: [0x0000020ab1190000, 0x0000020ab4190000)

Polling page: 0x0000020a8b2d0000

Metaspace:

Usage:
  Non-class:     74.02 MB capacity,    72.87 MB ( 98%) used,   903.28 KB (  1%) free+waste,   281.50 KB ( <1%) overhead. 
      Class:     11.58 MB capacity,    10.66 MB ( 92%) used,   800.13 KB (  7%) free+waste,   134.81 KB (  1%) overhead. 
       Both:     85.60 MB capacity,    83.53 MB ( 98%) used,     1.66 MB (  2%) free+waste,   416.31 KB ( <1%) overhead. 

Virtual space:
  Non-class space:       76.00 MB reserved,      74.25 MB ( 98%) committed 
      Class space:        1.00 GB reserved,      11.63 MB (  1%) committed 
             Both:        1.07 GB reserved,      85.88 MB (  8%) committed 

Chunk freelists:
   Non-Class:  41.00 KB
       Class:  19.00 KB
        Both:  60.00 KB

MaxMetaspaceSize: 17179869184.00 GB
CompressedClassSpaceSize: 1.00 GB

CodeHeap 'non-profiled nmethods': size=119168Kb used=19073Kb max_used=19073Kb free=100095Kb
 bounds [0x0000020aa5b30000, 0x0000020aa6de0000, 0x0000020aacf90000]
CodeHeap 'profiled nmethods': size=119168Kb used=39212Kb max_used=40015Kb free=79955Kb
 bounds [0x0000020a9e6d0000, 0x0000020aa0e50000, 0x0000020aa5b30000]
CodeHeap 'non-nmethods': size=7424Kb used=1608Kb max_used=3334Kb free=5815Kb
 bounds [0x0000020a9df90000, 0x0000020a9e2f0000, 0x0000020a9e6d0000]
 total_blobs=17037 nmethods=15884 adapters=1057
 compilation: enabled
              stopped_count=0, restarted_count=0
 full_count=0

Compilation events (20 events):
Event: 2630.377 Thread 0x0000020a945da000 nmethod 19365 0x0000020a9f367f90 code [0x0000020a9f368180, 0x0000020a9f368668]
Event: 2630.377 Thread 0x0000020a945da000 19366       3       java.lang.invoke.DirectMethodHandle$Holder::invokeStatic (32 bytes)
Event: 2630.377 Thread 0x0000020a945da000 nmethod 19366 0x0000020a9f3b3410 code [0x0000020a9f3b35e0, 0x0000020a9f3b3bd8]
Event: 2631.370 Thread 0x0000020a945da000 19367       3       java.io.PrintWriter::print (9 bytes)
Event: 2631.370 Thread 0x0000020a945da000 nmethod 19367 0x0000020a9f3ce290 code [0x0000020a9f3ce480, 0x0000020a9f3ce848]
Event: 2631.370 Thread 0x0000020a945da000 19368       3       java.io.PrintWriter::println (5 bytes)
Event: 2631.370 Thread 0x0000020a945da000 nmethod 19368 0x0000020a9ebde910 code [0x0000020a9ebdeac0, 0x0000020a9ebdebe8]
Event: 2633.365 Thread 0x0000020a945da000 19369       3       java.util.regex.Pattern::unread (11 bytes)
Event: 2633.365 Thread 0x0000020a945da000 nmethod 19369 0x0000020a9ec29c10 code [0x0000020a9ec29dc0, 0x0000020a9ec29eb8]
Event: 2633.429 Thread 0x0000020a945da000 19370       1       java.util.stream.Collectors$CollectorImpl::supplier (5 bytes)
Event: 2633.429 Thread 0x0000020a945da000 nmethod 19370 0x0000020aa6dd2610 code [0x0000020aa6dd27c0, 0x0000020aa6dd2878]
Event: 2633.429 Thread 0x0000020a945da000 19374       3       java.util.RegularEnumSet::contains (57 bytes)
Event: 2633.430 Thread 0x0000020a945da000 nmethod 19374 0x0000020a9f046090 code [0x0000020a9f046260, 0x0000020a9f046668]
Event: 2633.430 Thread 0x0000020a945da000 19371       1       java.util.stream.Collectors$CollectorImpl::accumulator (5 bytes)
Event: 2633.430 Thread 0x0000020a945da000 nmethod 19371 0x0000020aa6dd2910 code [0x0000020aa6dd2ac0, 0x0000020aa6dd2b78]
Event: 2633.430 Thread 0x0000020a945da000 19372       1       java.util.stream.Collectors$CollectorImpl::combiner (5 bytes)
Event: 2633.430 Thread 0x0000020a945da000 nmethod 19372 0x0000020aa6dd2c10 code [0x0000020aa6dd2dc0, 0x0000020aa6dd2e78]
Event: 2633.430 Thread 0x0000020a945da000 19373       1       java.util.stream.ReduceOps$Box::get (5 bytes)
Event: 2633.430 Thread 0x0000020a945da000 nmethod 19373 0x0000020aa6dd2f10 code [0x0000020aa6dd30c0, 0x0000020aa6dd3178]
Event: 2633.462 Thread 0x0000020a945ab000 19375       4       javax.swing.text.Utilities::getTabbedTextWidth (363 bytes)

GC Heap History (20 events):
Event: 1334.439 GC heap before
{Heap before GC invocations=152 (full 1):
 garbage-first heap   total 351232K, used 246058K [0x0000000740000000, 0x0000000800000000)
  region size 1024K, 60 young (61440K), 3 survivors (3072K)
 Metaspace       used 85269K, capacity 87382K, committed 87680K, reserved 1124352K
  class space    used 10856K, capacity 11786K, committed 11904K, reserved 1048576K
}
Event: 1334.466 GC heap after
{Heap after GC invocations=153 (full 1):
 garbage-first heap   total 351232K, used 187573K [0x0000000740000000, 0x0000000800000000)
  region size 1024K, 3 young (3072K), 3 survivors (3072K)
 Metaspace       used 85269K, capacity 87382K, committed 87680K, reserved 1124352K
  class space    used 10856K, capacity 11786K, committed 11904K, reserved 1048576K
}
Event: 1485.063 GC heap before
{Heap before GC invocations=154 (full 1):
 garbage-first heap   total 351232K, used 245941K [0x0000000740000000, 0x0000000800000000)
  region size 1024K, 60 young (61440K), 3 survivors (3072K)
 Metaspace       used 85269K, capacity 87382K, committed 87680K, reserved 1124352K
  class space    used 10856K, capacity 11786K, committed 11904K, reserved 1048576K
}
Event: 1485.076 GC heap after
{Heap after GC invocations=155 (full 1):
 garbage-first heap   total 351232K, used 187717K [0x0000000740000000, 0x0000000800000000)
  region size 1024K, 3 young (3072K), 3 survivors (3072K)
 Metaspace       used 85269K, capacity 87382K, committed 87680K, reserved 1124352K
  class space    used 10856K, capacity 11786K, committed 11904K, reserved 1048576K
}
Event: 1626.138 GC heap before
{Heap before GC invocations=155 (full 1):
 garbage-first heap   total 351232K, used 246085K [0x0000000740000000, 0x0000000800000000)
  region size 1024K, 60 young (61440K), 3 survivors (3072K)
 Metaspace       used 85271K, capacity 87382K, committed 87680K, reserved 1124352K
  class space    used 10856K, capacity 11786K, committed 11904K, reserved 1048576K
}
Event: 1626.166 GC heap after
{Heap after GC invocations=156 (full 1):
 garbage-first heap   total 351232K, used 187663K [0x0000000740000000, 0x0000000800000000)
  region size 1024K, 3 young (3072K), 3 survivors (3072K)
 Metaspace       used 85271K, capacity 87382K, committed 87680K, reserved 1124352K
  class space    used 10856K, capacity 11786K, committed 11904K, reserved 1048576K
}
Event: 1743.163 GC heap before
{Heap before GC invocations=157 (full 1):
 garbage-first heap   total 351232K, used 246031K [0x0000000740000000, 0x0000000800000000)
  region size 1024K, 60 young (61440K), 3 survivors (3072K)
 Metaspace       used 85280K, capacity 87382K, committed 87680K, reserved 1124352K
  class space    used 10856K, capacity 11786K, committed 11904K, reserved 1048576K
}
Event: 1743.166 GC heap after
{Heap after GC invocations=158 (full 1):
 garbage-first heap   total 351232K, used 187494K [0x0000000740000000, 0x0000000800000000)
  region size 1024K, 3 young (3072K), 3 survivors (3072K)
 Metaspace       used 85280K, capacity 87382K, committed 87680K, reserved 1124352K
  class space    used 10856K, capacity 11786K, committed 11904K, reserved 1048576K
}
Event: 1823.514 GC heap before
{Heap before GC invocations=158 (full 1):
 garbage-first heap   total 351232K, used 219238K [0x0000000740000000, 0x0000000800000000)
  region size 1024K, 35 young (35840K), 3 survivors (3072K)
 Metaspace       used 85280K, capacity 87382K, committed 87680K, reserved 1124352K
  class space    used 10856K, capacity 11786K, committed 11904K, reserved 1048576K
}
Event: 1823.581 GC heap after
{Heap after GC invocations=159 (full 2):
 garbage-first heap   total 351232K, used 172330K [0x0000000740000000, 0x0000000800000000)
  region size 1024K, 0 young (0K), 0 survivors (0K)
 Metaspace       used 85280K, capacity 87382K, committed 87680K, reserved 1124352K
  class space    used 10856K, capacity 11786K, committed 11904K, reserved 1048576K
}
Event: 1980.855 GC heap before
{Heap before GC invocations=159 (full 2):
 garbage-first heap   total 351232K, used 233770K [0x0000000740000000, 0x0000000800000000)
  region size 1024K, 60 young (61440K), 0 survivors (0K)
 Metaspace       used 85280K, capacity 87382K, committed 87680K, reserved 1124352K
  class space    used 10856K, capacity 11786K, committed 11904K, reserved 1048576K
}
Event: 1980.860 GC heap after
{Heap after GC invocations=160 (full 2):
 garbage-first heap   total 351232K, used 173018K [0x0000000740000000, 0x0000000800000000)
  region size 1024K, 1 young (1024K), 1 survivors (1024K)
 Metaspace       used 85280K, capacity 87382K, committed 87680K, reserved 1124352K
  class space    used 10856K, capacity 11786K, committed 11904K, reserved 1048576K
}
Event: 2088.608 GC heap before
{Heap before GC invocations=161 (full 2):
 garbage-first heap   total 351232K, used 233434K [0x0000000740000000, 0x0000000800000000)
  region size 1024K, 60 young (61440K), 1 survivors (1024K)
 Metaspace       used 85305K, capacity 87382K, committed 87680K, reserved 1124352K
  class space    used 10856K, capacity 11786K, committed 11904K, reserved 1048576K
}
Event: 2088.611 GC heap after
{Heap after GC invocations=162 (full 2):
 garbage-first heap   total 351232K, used 172926K [0x0000000740000000, 0x0000000800000000)
  region size 1024K, 1 young (1024K), 1 survivors (1024K)
 Metaspace       used 85305K, capacity 87382K, committed 87680K, reserved 1124352K
  class space    used 10856K, capacity 11786K, committed 11904K, reserved 1048576K
}
Event: 2211.058 GC heap before
{Heap before GC invocations=162 (full 2):
 garbage-first heap   total 351232K, used 233342K [0x0000000740000000, 0x0000000800000000)
  region size 1024K, 60 young (61440K), 1 survivors (1024K)
 Metaspace       used 85305K, capacity 87382K, committed 87680K, reserved 1124352K
  class space    used 10856K, capacity 11786K, committed 11904K, reserved 1048576K
}
Event: 2211.062 GC heap after
{Heap after GC invocations=163 (full 2):
 garbage-first heap   total 351232K, used 172957K [0x0000000740000000, 0x0000000800000000)
  region size 1024K, 1 young (1024K), 1 survivors (1024K)
 Metaspace       used 85305K, capacity 87382K, committed 87680K, reserved 1124352K
  class space    used 10856K, capacity 11786K, committed 11904K, reserved 1048576K
}
Event: 2357.593 GC heap before
{Heap before GC invocations=164 (full 2):
 garbage-first heap   total 351232K, used 233373K [0x0000000740000000, 0x0000000800000000)
  region size 1024K, 60 young (61440K), 1 survivors (1024K)
 Metaspace       used 85305K, capacity 87382K, committed 87680K, reserved 1124352K
  class space    used 10856K, capacity 11786K, committed 11904K, reserved 1048576K
}
Event: 2357.597 GC heap after
{Heap after GC invocations=165 (full 2):
 garbage-first heap   total 351232K, used 173023K [0x0000000740000000, 0x0000000800000000)
  region size 1024K, 1 young (1024K), 1 survivors (1024K)
 Metaspace       used 85305K, capacity 87382K, committed 87680K, reserved 1124352K
  class space    used 10856K, capacity 11786K, committed 11904K, reserved 1048576K
}
Event: 2505.870 GC heap before
{Heap before GC invocations=165 (full 2):
 garbage-first heap   total 351232K, used 233439K [0x0000000740000000, 0x0000000800000000)
  region size 1024K, 60 young (61440K), 1 survivors (1024K)
 Metaspace       used 85306K, capacity 87382K, committed 87680K, reserved 1124352K
  class space    used 10856K, capacity 11786K, committed 11904K, reserved 1048576K
}
Event: 2505.874 GC heap after
{Heap after GC invocations=166 (full 2):
 garbage-first heap   total 351232K, used 173122K [0x0000000740000000, 0x0000000800000000)
  region size 1024K, 1 young (1024K), 1 survivors (1024K)
 Metaspace       used 85306K, capacity 87382K, committed 87680K, reserved 1124352K
  class space    used 10856K, capacity 11786K, committed 11904K, reserved 1048576K
}

Deoptimization events (20 events):
Event: 2633.462 Thread 0x0000020aba534800 Uncommon trap: trap_request=0xffffffde fr.pc=0x0000020aa62142c0 relative=0x0000000000000520
Event: 2633.462 Thread 0x0000020aba534800 Uncommon trap: reason=class_check action=maybe_recompile pc=0x0000020aa62142c0 method=javax.swing.text.Utilities.getTabbedTextWidth(Ljavax/swing/text/View;Ljavax/swing/text/Segment;Ljava/awt/FontMetrics;FLjavax/swing/text/TabExpander;I[IZ)F @ 220 c2
Event: 2633.462 Thread 0x0000020aba534800 DEOPT PACKING pc=0x0000020aa62142c0 sp=0x000000b9390fc2d0
Event: 2633.462 Thread 0x0000020aba534800 DEOPT UNPACKING pc=0x0000020a9dfb68af sp=0x000000b9390fc228 mode 2
Event: 2633.462 Thread 0x0000020aba534800 Uncommon trap: trap_request=0xffffffde fr.pc=0x0000020aa62142c0 relative=0x0000000000000520
Event: 2633.462 Thread 0x0000020aba534800 Uncommon trap: reason=class_check action=maybe_recompile pc=0x0000020aa62142c0 method=javax.swing.text.Utilities.getTabbedTextWidth(Ljavax/swing/text/View;Ljavax/swing/text/Segment;Ljava/awt/FontMetrics;FLjavax/swing/text/TabExpander;I[IZ)F @ 220 c2
Event: 2633.462 Thread 0x0000020aba534800 DEOPT PACKING pc=0x0000020aa62142c0 sp=0x000000b9390fc2d0
Event: 2633.462 Thread 0x0000020aba534800 DEOPT UNPACKING pc=0x0000020a9dfb68af sp=0x000000b9390fc228 mode 2
Event: 2633.462 Thread 0x0000020aba534800 Uncommon trap: trap_request=0xffffffde fr.pc=0x0000020aa62142c0 relative=0x0000000000000520
Event: 2633.462 Thread 0x0000020aba534800 Uncommon trap: reason=class_check action=maybe_recompile pc=0x0000020aa62142c0 method=javax.swing.text.Utilities.getTabbedTextWidth(Ljavax/swing/text/View;Ljavax/swing/text/Segment;Ljava/awt/FontMetrics;FLjavax/swing/text/TabExpander;I[IZ)F @ 220 c2
Event: 2633.462 Thread 0x0000020aba534800 DEOPT PACKING pc=0x0000020aa62142c0 sp=0x000000b9390fc2d0
Event: 2633.462 Thread 0x0000020aba534800 DEOPT UNPACKING pc=0x0000020a9dfb68af sp=0x000000b9390fc228 mode 2
Event: 2633.462 Thread 0x0000020aba534800 Uncommon trap: trap_request=0xffffffde fr.pc=0x0000020aa62142c0 relative=0x0000000000000520
Event: 2633.462 Thread 0x0000020aba534800 Uncommon trap: reason=class_check action=maybe_recompile pc=0x0000020aa62142c0 method=javax.swing.text.Utilities.getTabbedTextWidth(Ljavax/swing/text/View;Ljavax/swing/text/Segment;Ljava/awt/FontMetrics;FLjavax/swing/text/TabExpander;I[IZ)F @ 220 c2
Event: 2633.462 Thread 0x0000020aba534800 DEOPT PACKING pc=0x0000020aa62142c0 sp=0x000000b9390fc2d0
Event: 2633.462 Thread 0x0000020aba534800 DEOPT UNPACKING pc=0x0000020a9dfb68af sp=0x000000b9390fc228 mode 2
Event: 2633.470 Thread 0x0000020aba534800 Uncommon trap: trap_request=0xffffffc6 fr.pc=0x0000020aa6771dbc relative=0x00000000000045dc
Event: 2633.470 Thread 0x0000020aba534800 Uncommon trap: reason=bimorphic_or_optimized_type_check action=maybe_recompile pc=0x0000020aa6771dbc method=javax.swing.text.FlowView$FlowStrategy.layoutRow(Ljavax/swing/text/FlowView;II)I @ 137 c2
Event: 2633.470 Thread 0x0000020aba534800 DEOPT PACKING pc=0x0000020aa6771dbc sp=0x000000b9390fc5c0
Event: 2633.470 Thread 0x0000020aba534800 DEOPT UNPACKING pc=0x0000020a9dfb68af sp=0x000000b9390fc578 mode 2

Classes redefined (0 events):
No events

Internal exceptions (20 events):
Event: 2631.360 Thread 0x0000020aba534800 Exception <a 'java/io/IOException'{0x000000074d6d0ea8}> (0x000000074d6d0ea8) thrown at [./src/hotspot/share/prims/jni.cpp, line 615]
Event: 2631.360 Thread 0x0000020aba534800 Exception <a 'java/io/IOException'{0x000000074d6d1240}> (0x000000074d6d1240) thrown at [./src/hotspot/share/prims/jni.cpp, line 615]
Event: 2631.360 Thread 0x0000020aba534800 Exception <a 'java/io/IOException'{0x000000074d6d19e8}> (0x000000074d6d19e8) thrown at [./src/hotspot/share/prims/jni.cpp, line 615]
Event: 2631.360 Thread 0x0000020aba534800 Exception <a 'java/io/IOException'{0x000000074d6d1d80}> (0x000000074d6d1d80) thrown at [./src/hotspot/share/prims/jni.cpp, line 615]
Event: 2631.360 Thread 0x0000020aba534800 Exception <a 'java/io/IOException'{0x000000074d6d2378}> (0x000000074d6d2378) thrown at [./src/hotspot/share/prims/jni.cpp, line 615]
Event: 2631.360 Thread 0x0000020aba534800 Exception <a 'java/io/IOException'{0x000000074d6d2710}> (0x000000074d6d2710) thrown at [./src/hotspot/share/prims/jni.cpp, line 615]
Event: 2631.360 Thread 0x0000020aba534800 Exception <a 'java/io/IOException'{0x000000074d6d3008}> (0x000000074d6d3008) thrown at [./src/hotspot/share/prims/jni.cpp, line 615]
Event: 2631.360 Thread 0x0000020aba534800 Exception <a 'java/io/IOException'{0x000000074d6d33a0}> (0x000000074d6d33a0) thrown at [./src/hotspot/share/prims/jni.cpp, line 615]
Event: 2631.360 Thread 0x0000020aba534800 Exception <a 'java/io/IOException'{0x000000074d6d3c88}> (0x000000074d6d3c88) thrown at [./src/hotspot/share/prims/jni.cpp, line 615]
Event: 2631.360 Thread 0x0000020aba534800 Exception <a 'java/io/IOException'{0x000000074d6d4020}> (0x000000074d6d4020) thrown at [./src/hotspot/share/prims/jni.cpp, line 615]
Event: 2631.360 Thread 0x0000020aba534800 Exception <a 'java/io/IOException'{0x000000074d6d4918}> (0x000000074d6d4918) thrown at [./src/hotspot/share/prims/jni.cpp, line 615]
Event: 2631.360 Thread 0x0000020aba534800 Exception <a 'java/io/IOException'{0x000000074d6d4cb0}> (0x000000074d6d4cb0) thrown at [./src/hotspot/share/prims/jni.cpp, line 615]
Event: 2631.360 Thread 0x0000020aba534800 Exception <a 'java/io/IOException'{0x000000074d6d54c0}> (0x000000074d6d54c0) thrown at [./src/hotspot/share/prims/jni.cpp, line 615]
Event: 2631.360 Thread 0x0000020aba534800 Exception <a 'java/io/IOException'{0x000000074d6d5858}> (0x000000074d6d5858) thrown at [./src/hotspot/share/prims/jni.cpp, line 615]
Event: 2631.360 Thread 0x0000020aba534800 Exception <a 'java/io/IOException'{0x000000074d6d6068}> (0x000000074d6d6068) thrown at [./src/hotspot/share/prims/jni.cpp, line 615]
Event: 2631.360 Thread 0x0000020aba534800 Exception <a 'java/io/IOException'{0x000000074d6d6400}> (0x000000074d6d6400) thrown at [./src/hotspot/share/prims/jni.cpp, line 615]
Event: 2631.360 Thread 0x0000020aba534800 Exception <a 'java/io/IOException'{0x000000074d6d6bf8}> (0x000000074d6d6bf8) thrown at [./src/hotspot/share/prims/jni.cpp, line 615]
Event: 2631.360 Thread 0x0000020aba534800 Exception <a 'java/io/IOException'{0x000000074d6d6f90}> (0x000000074d6d6f90) thrown at [./src/hotspot/share/prims/jni.cpp, line 615]
Event: 2631.360 Thread 0x0000020aba534800 Exception <a 'java/io/FileNotFoundException'{0x000000074d6d8398}> (0x000000074d6d8398) thrown at [./src/hotspot/share/prims/jni.cpp, line 615]
Event: 2633.364 Thread 0x0000020b0c1d7800 Exception <a 'ui/frmwork/cmd/CommandFailedException'{0x000000074de76158}> (0x000000074de76158) thrown at [./src/hotspot/share/prims/jni.cpp, line 615]

Events (20 events):
Event: 2633.415 loading class ui/dlg/c/ac
Event: 2633.415 loading class ui/dlg/c/ac done
Event: 2633.418 loading class ui/dlg/c/ad
Event: 2633.418 loading class ui/dlg/c/ad done
Event: 2633.419 loading class ui/dlg/c/ae
Event: 2633.419 loading class ui/dlg/c/ae done
Event: 2633.419 loading class ui/dlg/c/af
Event: 2633.419 loading class ui/dlg/c/af done
Event: 2633.420 loading class ui/utils/swing/E
Event: 2633.420 loading class ui/utils/swing/E done
Event: 2633.421 loading class com/jidesoft/dialog/StandardDialog$StandardDialogPropertyChangeListener$1
Event: 2633.421 loading class com/jidesoft/dialog/StandardDialog$StandardDialogPropertyChangeListener$1 done
Event: 2633.429 loading class ui/dlg/c/Y
Event: 2633.429 loading class ui/dlg/c/Y done
Event: 2633.465 loading class ui/dlg/c/Z
Event: 2633.465 loading class ui/dlg/c/Z done
Event: 2633.474 Executing VM operation: RevokeBias
Event: 2633.475 Executing VM operation: RevokeBias done
Event: 2633.475 Executing VM operation: RevokeBias
Event: 2633.476 Executing VM operation: RevokeBias done


Dynamic libraries:
0x00007ff7ab140000 - 0x00007ff7ab171000 	C:\Xilinx\Vivado\2022.2\bin\unwrapped\win64.o\vivado.exe
0x00007ff8702c0000 - 0x00007ff870525000 	C:\WINDOWS\SYSTEM32\ntdll.dll
0x00007ff86ec70000 - 0x00007ff86ed39000 	C:\WINDOWS\System32\KERNEL32.DLL
0x00007ff86d560000 - 0x00007ff86d948000 	C:\WINDOWS\System32\KERNELBASE.dll
0x00007ff86ddd0000 - 0x00007ff86df1b000 	C:\WINDOWS\System32\ucrtbase.dll
0x00007ff84d580000 - 0x00007ff84d60d000 	C:\WINDOWS\SYSTEM32\MSVCP140.dll
0x00007ff84d510000 - 0x00007ff84d52e000 	C:\WINDOWS\SYSTEM32\VCRUNTIME140.dll
0x00007fffd1280000 - 0x00007fffd26b1000 	C:\Xilinx\Vivado\2022.2\lib\win64.o\librdi_common.dll
0x00007ff81dd00000 - 0x00007ff81dd18000 	C:\Xilinx\Vivado\2022.2\lib\win64.o\librdi_commonmain.dll
0x00007ff86ed40000 - 0x00007ff86ef0a000 	C:\WINDOWS\System32\USER32.dll
0x00007ff84d500000 - 0x00007ff84d50c000 	C:\WINDOWS\SYSTEM32\VCRUNTIME140_1.dll
0x00007ff86dad0000 - 0x00007ff86daf7000 	C:\WINDOWS\System32\win32u.dll
0x00007ff86f6d0000 - 0x00007ff86f6fb000 	C:\WINDOWS\System32\GDI32.dll
0x00007ff86df20000 - 0x00007ff86e057000 	C:\WINDOWS\System32\gdi32full.dll
0x00007ff86d4b0000 - 0x00007ff86d553000 	C:\WINDOWS\System32\msvcp_win.dll
0x00007ff8638d0000 - 0x00007ff8638d9000 	C:\Xilinx\Vivado\2022.2\lib\win64.o\librdi_commonversion.dll
0x00007ff86eab0000 - 0x00007ff86eb63000 	C:\WINDOWS\System32\ADVAPI32.dll
0x00007ffffa0e0000 - 0x00007ffffa44e000 	C:\Xilinx\Vivado\2022.2\lib\win64.o\libCOIN-all.dll
0x00007ff86e7f0000 - 0x00007ff86e899000 	C:\WINDOWS\System32\msvcrt.dll
0x00007ff86e610000 - 0x00007ff86e6b6000 	C:\WINDOWS\System32\sechost.dll
0x00007ff86f870000 - 0x00007ff86f985000 	C:\WINDOWS\System32\RPCRT4.dll
0x00007ff86fb30000 - 0x00007ff870272000 	C:\WINDOWS\System32\SHELL32.dll
0x00007ffffaa70000 - 0x00007ffffaa91000 	C:\Xilinx\Vivado\2022.2\lib\win64.o\libboost_filesystem.dll
0x00007ffffa8b0000 - 0x00007ffffaa65000 	C:\Xilinx\Vivado\2022.2\lib\win64.o\librdi_commonxillic.dll
0x00007ffffa450000 - 0x00007ffffa461000 	C:\Xilinx\Vivado\2022.2\lib\win64.o\libboost_date_time.dll
0x00007ff86efa0000 - 0x00007ff86f014000 	C:\WINDOWS\System32\WS2_32.dll
0x00007ff86d950000 - 0x00007ff86dac4000 	C:\WINDOWS\System32\wintypes.dll
0x0000000072630000 - 0x000000007275b000 	C:\Xilinx\Vivado\2022.2\lib\win64.o\tcl85t.dll
0x00007ffffa060000 - 0x00007ffffa0d9000 	C:\Xilinx\Vivado\2022.2\lib\win64.o\libboost_program_options.dll
0x00007ff86e060000 - 0x00007ff86e3e5000 	C:\WINDOWS\System32\combase.dll
0x00007ff86db00000 - 0x00007ff86db84000 	C:\WINDOWS\System32\WINTRUST.dll
0x00007ffffa790000 - 0x00007ffffa8a4000 	C:\Xilinx\Vivado\2022.2\lib\win64.o\libboost_regex.dll
0x00007ffffa030000 - 0x00007ffffa04c000 	C:\Xilinx\Vivado\2022.2\lib\win64.o\libboost_thread.dll
0x00007ffff9ef0000 - 0x00007ffff9f95000 	C:\Xilinx\Vivado\2022.2\lib\win64.o\libhdxml.dll
0x00007ffffa050000 - 0x00007ffffa05c000 	C:\Xilinx\Vivado\2022.2\lib\win64.o\libboost_xilinx.dll
0x00007fffd0300000 - 0x00007fffd127d200 	C:\Xilinx\Vivado\2022.2\lib\win64.o\libisl_iostreams.dll
0x00007ffff9fa0000 - 0x00007ffffa022000 	C:\Xilinx\Vivado\2022.2\lib\win64.o\libhdlpsolve.dll
0x00007ffff9ec0000 - 0x00007ffff9eea000 	C:\Xilinx\Vivado\2022.2\lib\win64.o\libisl_sysinfo.dll
0x00007ffff9e50000 - 0x00007ffff9eb5000 	C:\Xilinx\Vivado\2022.2\lib\win64.o\liblmx6.0.dll
0x00007ffff9e30000 - 0x00007ffff9e4a000 	C:\Xilinx\Vivado\2022.2\lib\win64.o\pthreadVC2.dll
0x00007ffff9e10000 - 0x00007ffff9e2c000 	C:\Xilinx\Vivado\2022.2\lib\win64.o\librdiconfig.dll
0x00007ffff9de0000 - 0x00007ffff9e01000 	C:\Xilinx\Vivado\2022.2\lib\win64.o\librdizlib.dll
0x00007ff86e470000 - 0x00007ff86e4da000 	C:\WINDOWS\System32\SHLWAPI.dll
0x00007fffce110000 - 0x00007fffce3d1000 	C:\Xilinx\Vivado\2022.2\lib\win64.o\xerces-c_3_2.dll
0x00007ff842310000 - 0x00007ff84232a000 	C:\WINDOWS\SYSTEM32\NETAPI32.dll
0x00007ff84c040000 - 0x00007ff84c2c9000 	C:\WINDOWS\SYSTEM32\WININET.dll
0x00007ff865cd0000 - 0x00007ff865dee000 	C:\WINDOWS\SYSTEM32\WINHTTP.dll
0x00007ff84dfe0000 - 0x00007ff84e1c4000 	C:\WINDOWS\SYSTEM32\urlmon.dll
0x00007ff86d2f0000 - 0x00007ff86d316000 	C:\WINDOWS\SYSTEM32\bcrypt.dll
0x00007ffffa470000 - 0x00007ffffa786000 	C:\Xilinx\Vivado\2022.2\lib\win64.o\libXil_lmgr11.dll
0x00007ff86e6c0000 - 0x00007ff86e7b6000 	C:\WINDOWS\System32\COMDLG32.dll
0x00007ff86eb70000 - 0x00007ff86ec61000 	C:\WINDOWS\System32\shcore.dll
0x00007ffff9dd0000 - 0x00007ffff9dda000 	C:\WINDOWS\SYSTEM32\WSOCK32.dll
0x00007ffff9da0000 - 0x00007ffff9dd0000 	C:\WINDOWS\SYSTEM32\VCOMP140.DLL
0x00007ff86e520000 - 0x00007ff86e601000 	C:\WINDOWS\System32\OLEAUT32.dll
0x00007ff86e8a0000 - 0x00007ff86ea3e000 	C:\WINDOWS\System32\ole32.dll
0x00007fffce3e0000 - 0x00007fffd02f7000 	C:\Xilinx\Vivado\2022.2\lib\win64.o\gurobi90.dll
0x00007ff86dc50000 - 0x00007ff86ddc7000 	C:\WINDOWS\System32\CRYPT32.dll
0x00007ff86e3f0000 - 0x00007ff86e46d000 	C:\WINDOWS\System32\WLDAP32.dll
0x00007ff86f6c0000 - 0x00007ff86f6c8000 	C:\WINDOWS\System32\Normaliz.dll
0x00007ffff9d80000 - 0x00007ffff9d98000 	C:\Xilinx\Vivado\2022.2\lib\win64.o\libboost_iostreams.dll
0x00007ffff9d50000 - 0x00007ffff9d74000 	C:\Xilinx\Vivado\2022.2\lib\win64.o\libisl_iosutils.dll
0x00007ff84dd10000 - 0x00007ff84dfdb000 	C:\WINDOWS\SYSTEM32\iertutil.dll
0x00007ff860160000 - 0x00007ff860214000 	C:\WINDOWS\WinSxS\amd64_microsoft.windows.common-controls_6595b64144ccf1df_5.82.26100.4202_none_87ee01077a2d9116\COMCTL32.dll
0x00007ff86b060000 - 0x00007ff86b8b8000 	C:\WINDOWS\SYSTEM32\windows.storage.dll
0x00007ff8662c0000 - 0x00007ff8662e5000 	C:\WINDOWS\SYSTEM32\dhcpcsvc.DLL
0x00007ff86c900000 - 0x00007ff86c92b000 	C:\WINDOWS\SYSTEM32\USERENV.dll
0x00007ff84dce0000 - 0x00007ff84dd09000 	C:\WINDOWS\SYSTEM32\srvcli.dll
0x00007ff86bc30000 - 0x00007ff86bc3d000 	C:\WINDOWS\SYSTEM32\netutils.dll
0x00007ff86c860000 - 0x00007ff86c8ca000 	C:\WINDOWS\SYSTEM32\MSWSOCK.DLL
0x00007ff86e4e0000 - 0x00007ff86e510000 	C:\WINDOWS\System32\IMM32.DLL
0x00007ff86cb80000 - 0x00007ff86cb93000 	C:\WINDOWS\SYSTEM32\MSASN1.dll
0x00007ff86cb10000 - 0x00007ff86cb2b000 	C:\WINDOWS\SYSTEM32\CRYPTSP.dll
0x00007ff86c2f0000 - 0x00007ff86c30b000 	C:\WINDOWS\SYSTEM32\kernel.appcore.dll
0x00007ff86c250000 - 0x00007ff86c28a000 	C:\WINDOWS\system32\rsaenh.dll
0x00007ff86cb30000 - 0x00007ff86cb3c000 	C:\WINDOWS\SYSTEM32\CRYPTBASE.dll
0x00007ff86d410000 - 0x00007ff86d4a9000 	C:\WINDOWS\System32\bcryptPrimitives.dll
0x00007ff86e7c0000 - 0x00007ff86e7e0000 	C:\WINDOWS\System32\imagehlp.dll
0x00007fffcdbd0000 - 0x00007fffce103000 	C:\Xilinx\Vivado\2022.2\lib\win64.o\librdi_commontasks.dll
0x00007ff8638e0000 - 0x00007ff8638eb000 	C:\WINDOWS\SYSTEM32\VERSION.dll
0x00007fffccd50000 - 0x00007fffcd075a00 	C:\Xilinx\Vivado\2022.2\lib\win64.o\librdi_sio.dll
0x00007fffcd080000 - 0x00007fffcdbcd000 	C:\Xilinx\Vivado\2022.2\tps\win64\jre11.0.11_9\bin\server\jvm.dll
0x00007ff86bc40000 - 0x00007ff86bc73000 	C:\WINDOWS\SYSTEM32\IPHLPAPI.DLL
0x00007ff86eaa0000 - 0x00007ff86eaa8000 	C:\WINDOWS\System32\PSAPI.DLL
0x00007ff85a6b0000 - 0x00007ff85a6e5000 	C:\WINDOWS\SYSTEM32\WINMM.dll
0x00007ff86c590000 - 0x00007ff86c5d9000 	C:\WINDOWS\SYSTEM32\SspiCli.dll
0x00007ff8484c0000 - 0x00007ff8484d8000 	C:\WINDOWS\system32\napinsp.dll
0x00007ff86bce0000 - 0x00007ff86be07000 	C:\WINDOWS\SYSTEM32\DNSAPI.dll
0x00007ff86f4d0000 - 0x00007ff86f4da000 	C:\WINDOWS\System32\NSI.dll
0x00007ff8482b0000 - 0x00007ff8482c2000 	C:\WINDOWS\System32\winrnr.dll
0x00007ff847de0000 - 0x00007ff847e10000 	C:\WINDOWS\system32\nlansp_c.dll
0x00007ff847db0000 - 0x00007ff847dd0000 	C:\WINDOWS\system32\wshbth.dll
0x00007fffca020000 - 0x00007fffccd45000 	C:\Xilinx\Vivado\2022.2\lib\win64.o\librdi_tcltasks.dll
0x00007ffff9d00000 - 0x00007ffff9d44000 	C:\Xilinx\Vivado\2022.2\lib\win64.o\libboost_serialization.dll
0x00007ffff9c80000 - 0x00007ffff9d00000 	C:\Xilinx\Vivado\2022.2\lib\win64.o\librdi_boarddep.dll
0x00007fffc9950000 - 0x00007fffc9e2d000 	C:\Xilinx\Vivado\2022.2\lib\win64.o\librdi_bitstream.dll
0x00007fffc9e30000 - 0x00007fffca013000 	C:\Xilinx\Vivado\2022.2\lib\win64.o\librdi_board.dll
0x00007ffff9b50000 - 0x00007ffff9c77000 	C:\Xilinx\Vivado\2022.2\lib\win64.o\librdi_chipscope.dll
0x00007fffc9740000 - 0x00007fffc9942000 	C:\Xilinx\Vivado\2022.2\lib\win64.o\librdi_chipscopeimpl.dll
0x00007fffc95d0000 - 0x00007fffc9735000 	C:\Xilinx\Vivado\2022.2\lib\win64.o\librdi_containers.dll
0x00007fffc4920000 - 0x00007fffc6b4c000 	C:\Xilinx\Vivado\2022.2\lib\win64.o\librdi_constraints.dll
0x00007fffc18a0000 - 0x00007fffc3e85000 	C:\Xilinx\Vivado\2022.2\lib\win64.o\librdi_coregen.dll
0x00007fffc75c0000 - 0x00007fffc95cd000 	C:\Xilinx\Vivado\2022.2\lib\win64.o\librdi_designutils.dll
0x00007fffc03b0000 - 0x00007fffc1895000 	C:\Xilinx\Vivado\2022.2\lib\win64.o\librdi_device.dll
0x00007fffc7230000 - 0x00007fffc75b3000 	C:\Xilinx\Vivado\2022.2\lib\win64.o\librdi_dlyest.dll
0x00007fffc6b50000 - 0x00007fffc722b000 	C:\Xilinx\Vivado\2022.2\lib\win64.o\librdi_drc.dll
0x00007fffc4860000 - 0x00007fffc4914000 	C:\Xilinx\Vivado\2022.2\lib\win64.o\librdi_dsp.dll
0x00007fffc41c0000 - 0x00007fffc4855000 	C:\Xilinx\Vivado\2022.2\lib\win64.o\librdi_filemgmt.dll
0x00007fffc3e90000 - 0x00007fffc41bb000 	C:\Xilinx\Vivado\2022.2\lib\win64.o\librdi_guitools.dll
0x00007fffbff30000 - 0x00007fffc0077000 	C:\Xilinx\Vivado\2022.2\lib\win64.o\librdi_hip_perf_analysis.dll
0x00007fffc0340000 - 0x00007fffc03ab000 	C:\Xilinx\Vivado\2022.2\lib\win64.o\librdi_hdf.dll
0x00007fffc0080000 - 0x00007fffc033d000 	C:\Xilinx\Vivado\2022.2\lib\win64.o\librdi_hip_devdesign.dll
0x00007fffbe940000 - 0x00007fffbf773000 	C:\Xilinx\Vivado\2022.2\lib\win64.o\librdi_ippcw.dll
0x00007fffbd340000 - 0x00007fffbd995000 	C:\Xilinx\Vivado\2022.2\lib\win64.o\librdi_memdata.dll
0x00007fffbda20000 - 0x00007fffbe93b000 	C:\Xilinx\Vivado\2022.2\lib\win64.o\librdi_implflow.dll
0x00007fffbf780000 - 0x00007fffbff21000 	C:\Xilinx\Vivado\2022.2\lib\win64.o\librdi_lopt.dll
0x00007fffbd9a0000 - 0x00007fffbda1d000 	C:\Xilinx\Vivado\2022.2\lib\win64.o\librdi_memoryarray.dll
0x00007fffbaa70000 - 0x00007fffbd335000 	C:\Xilinx\Vivado\2022.2\lib\win64.o\librdi_mig.dll
0x00007fffba2a0000 - 0x00007fffbaa0d000 	C:\Xilinx\Vivado\2022.2\lib\win64.o\librdi_netlist.dll
0x00007fffbaa10000 - 0x00007fffbaa6b000 	C:\Xilinx\Vivado\2022.2\lib\win64.o\librdi_pfi.dll
0x00007fffb6350000 - 0x00007fffb9470000 	C:\Xilinx\Vivado\2022.2\lib\win64.o\librdi_place.dll
0x00007fffb5be0000 - 0x00007fffb6347000 	C:\Xilinx\Vivado\2022.2\lib\win64.o\librdi_project.dll
0x00007fffb9470000 - 0x00007fffb98e0000 	C:\Xilinx\Vivado\2022.2\lib\win64.o\librdi_platform.dll
0x00007fffb99c0000 - 0x00007fffba294000 	C:\Xilinx\Vivado\2022.2\lib\win64.o\librdi_power.dll
0x00007fffb54a0000 - 0x00007fffb5bd5000 	C:\Xilinx\Vivado\2022.2\lib\win64.o\librdi_psta.dll
0x00007fffb4b50000 - 0x00007fffb54a0000 	C:\Xilinx\Vivado\2022.2\lib\win64.o\librdi_rsb.dll
0x00007fffb45e0000 - 0x00007fffb4b43000 	C:\Xilinx\Vivado\2022.2\lib\win64.o\librdi_runs.dll
0x00007fffb44c0000 - 0x00007fffb45d9000 	C:\Xilinx\Vivado\2022.2\lib\win64.o\librdi_runsbase.dll

dbghelp: loaded successfully - version: 4.0.5 - missing functions: none
symbol engine: initialized successfully - sym options: 0x614 - pdb path: .;C:\Xilinx\Vivado\2022.2\bin\unwrapped\win64.o;C:\WINDOWS\SYSTEM32;C:\Xilinx\Vivado\2022.2\lib\win64.o;C:\WINDOWS\WinSxS\amd64_microsoft.windows.common-controls_6595b64144ccf1df_5.82.26100.4202_none_87ee01077a2d9116;C:\Xilinx\Vivado\2022.2\tps\win64\jre11.0.11_9\bin\server;C:\Xilinx\Vivado\2022.2\tps\win64\python-3.8.3;C:\Xilinx\Vivado\2022.2\tps\win64\jre11.0.11_9\bin;C:\WINDOWS\WinSxS\amd64_microsoft.windows.common-controls_6595b64144ccf1df_6.0.26100.4202_none_3e0698d4e335f517

VM Arguments:
jvm_args: -Dsun.java2d.pmoffscreen=false -Dhttps.protocols=TLSv1,TLSv1.1,TLSv1.2 -Dsun.java2d.xrender=false -Dsun.java2d.d3d=false -Dsun.awt.nopixfmt=true -Dsun.java2d.dpiaware=true -Dsun.java2d.uiScale.enabled=false -Xverify:none -Dswing.aatext=true -XX:-UsePerfData -Djdk.map.althashing.threshold=512 -XX:StringTableSize=4072 --add-opens=java.desktop/com.sun.awt=ALL-UNNAMED --add-opens=java.desktop/javax.swing.plaf.synth=ALL-UNNAMED --add-opens=java.base/java.nio=ALL-UNNAMED --add-opens=java.desktop/sun.swing=ALL-UNNAMED --add-opens=java.desktop/javax.swing=ALL-UNNAMED --add-opens=java.desktop/javax.swing.tree=ALL-UNNAMED --add-opens=java.desktop/javax.swing.plaf.basic=ALL-UNNAMED --add-opens=java.desktop/javax.swing.plaf.synth=ALL-UNNAMED --add-opens=java.desktop/javax.swing.plaf.basic=ALL-UNNAMED --add-opens=java.desktop/javax.swing=ALL-UNNAMED --add-opens=java.desktop/javax.swing.tree=ALL-UNNAMED --add-opens=java.desktop/java.awt.event=ALL-UNNAMED --add-exports=java.desktop/javax.swing.plaf.synth=ALL-UNNAMED --add-exports=java.base/java.nio=ALL-UNNAMED --add-exports=java.desktop/sun.swing=ALL-UNNAMED --add-exports=java.desktop/javax.swing=ALL-UNNAMED --add-exports=java.desktop/javax.swing.tree=ALL-UNNAMED --add-exports=java.desktop/javax.swing.plaf.basic=ALL-UNNAMED --add-exports=java.desktop/sun.swing=ALL-UNNAMED --add-exports=java.desktop/sun.swing.table=ALL-UNNAMED --add-exports=java.desktop/sun.swing.plaf.synth=ALL-UNNAMED --add-exports=java.desktop/sun.awt.shell=ALL-UNNAMED --add-exports=java.base/sun.security.action=ALL-UNNAMED --add-exports=java.desktop/sun.font=ALL-UNNAMED -XX:NewSize=60m -XX:MaxNewSize=60m -Xms256m -Xmx3072m -Xss5m 
java_command: <unknown>
java_class_path (initial): C:/Xilinx/Vivado/2022.2\lib\classes\alloy.jar;C:/Xilinx/Vivado/2022.2\lib\classes\asm-9.3.jar;C:/Xilinx/Vivado/2022.2\lib\classes\asm-analysis-9.3.jar;C:/Xilinx/Vivado/2022.2\lib\classes\asm-commons-9.3.jar;C:/Xilinx/Vivado/2022.2\lib\classes\asm-tree-9.3.jar;C:/Xilinx/Vivado/2022.2\lib\classes\autoesl-models.jar;C:/Xilinx/Vivado/2022.2\lib\classes\batik-anim.jar;C:/Xilinx/Vivado/2022.2\lib\classes\batik-awt-util.jar;C:/Xilinx/Vivado/2022.2\lib\classes\batik-bridge.jar;C:/Xilinx/Vivado/2022.2\lib\classes\batik-codec.jar;C:/Xilinx/Vivado/2022.2\lib\classes\batik-css.jar;C:/Xilinx/Vivado/2022.2\lib\classes\batik-dom.jar;C:/Xilinx/Vivado/2022.2\lib\classes\batik-ext.jar;C:/Xilinx/Vivado/2022.2\lib\classes\batik-gui-util.jar;C:/Xilinx/Vivado/2022.2\lib\classes\batik-gvt.jar;C:/Xilinx/Vivado/2022.2\lib\classes\batik-parser.jar;C:/Xilinx/Vivado/2022.2\lib\classes\batik-script.jar;C:/Xilinx/Vivado/2022.2\lib\classes\batik-svg-dom.jar;C:/Xilinx/Vivado/2022.2\lib\classes\batik-svggen.jar;C:/Xilinx/Vivado/2022.2\lib\classes\batik-swing.jar;C:/Xilinx/Vivado/2022.2\lib\classes\batik-transcoder.jar;C:/Xilinx/Vivado/2022.2\lib\classes\batik-util.jar;C:/Xilinx/Vivado/2022.2\lib\classes\batik-xml.jar;C:/Xilinx/Vivado/2022.2\lib\classes\com.fasterxml.jackson.core.jackson-annotations_2.12.1.v20210128-1726.jar;C:/Xilinx/Vivado/2022.2\lib\classes\com.fasterxml.jackson.core.jackson-core_2.12.1.v20210128-1726.jar;C:/Xilinx/Vivado/2022.2\lib\classes\com.fasterxml.jackson.core.jackson-databind_2.12.1.v20210128-1726.jar;C:/Xilinx/Vivado/2022.2\lib\classes\com.google.gson_2.8.7.v20210624-1215.jar;C:/Xilinx/Vivado/2022.2\lib\classes\com.google.guava_30.1.0.v20210127-2300.jar;C:/Xilinx/Vivado/2022.2\lib\classes\com.sigasi.hdt.connection_4.15.0.202201101137.jar;C:/Xilinx/Vivado/2022.2\lib\classes\com.sigasi.hdt.epl_4.15.0.202201101137.jar;C:/Xilinx/Vivado/2022.2\lib\classes\com.sigasi.hdt.project_4.15.0.202201101137.jar;C:/Xilinx/Vivado/2022.2\lib\classes\com.sigasi
Launcher Type: generic

[Global flags]
     bool BytecodeVerificationLocal                = false                                     {product} {command line}
     bool BytecodeVerificationRemote               = false                                     {product} {command line}
     intx CICompilerCount                          = 12                                        {product} {ergonomic}
     uint ConcGCThreads                            = 4                                         {product} {ergonomic}
     uint G1ConcRefinementThreads                  = 16                                        {product} {ergonomic}
   size_t G1HeapRegionSize                         = 1048576                                   {product} {ergonomic}
    uintx GCDrainStackTargetSize                   = 64                                        {product} {ergonomic}
   size_t InitialHeapSize                          = 268435456                                 {product} {command line}
   size_t MarkStackSize                            = 4194304                                   {product} {ergonomic}
   size_t MaxHeapSize                              = 3221225472                                {product} {command line}
   size_t MaxNewSize                               = 62914560                                  {product} {command line}
   size_t MinHeapDeltaBytes                        = 1048576                                   {product} {ergonomic}
   size_t NewSize                                  = 62914560                                  {product} {command line}
    uintx NonNMethodCodeHeapSize                   = 7594288                                {pd product} {ergonomic}
    uintx NonProfiledCodeHeapSize                  = 122031976                              {pd product} {ergonomic}
    uintx ProfiledCodeHeapSize                     = 122031976                              {pd product} {ergonomic}
    uintx ReservedCodeCacheSize                    = 251658240                              {pd product} {ergonomic}
     bool SegmentedCodeCache                       = true                                      {product} {ergonomic}
    uintx StringTableSize                          = 4072                                      {product} {command line}
     intx ThreadStackSize                          = 5120                                   {pd product} {command line}
     bool UseCompressedClassPointers               = true                                 {lp64_product} {ergonomic}
     bool UseCompressedOops                        = true                                 {lp64_product} {ergonomic}
     bool UseG1GC                                  = true                                      {product} {ergonomic}
     bool UseLargePagesIndividualAllocation        = false                                  {pd product} {ergonomic}
     bool UsePerfData                              = false                                     {product} {command line}

Logging:
Log output configuration:
 #0: stdout all=warning uptime,level,tags
 #1: stderr all=off uptime,level,tags

Environment Variables:
PATH=C:/Xilinx/Vivado/2022.2\gnuwin\bin;C:/Xilinx/Vivado/2022.2\gnu\microblaze\nt\bin;C:/Xilinx/Vivado/2022.2/bin;C:/Xilinx/Vivado/2022.2/tps/win64/java-cef-95.0.4638.69/bin/lib/win64;C:/Xilinx/Vivado/2022.2/tps/win64/javafx-sdk-11.0.2/lib;C:/Xilinx/Vivado/2022.2/tps/win64/javafx-sdk-11.0.2/bin;C:/Xilinx/Vivado/2022.2/lib/win64.o;C:/Xilinx/Vivado/2022.2/tps/win64/jre11.0.11_9/bin/server;C:/Xilinx/Vivado/2022.2/tps/win64/jre11.0.11_9/bin;C:/Xilinx/Vivado/2022.2/ids_lite/ISE/bin/nt64;C:/Xilinx/Vivado/2022.2/ids_lite/ISE/lib/nt64;C:/Xilinx/Vitis_HLS/2022.2/bin;C:\WINDOWS\system32;C:\WINDOWS;C:\WINDOWS\System32\Wbem;C:\WINDOWS\System32\WindowsPowerShell\v1.0\;C:\WINDOWS\System32\OpenSSH\;C:\Program Files (x86)\NVIDIA Corporation\PhysX\Common;C:\Program Files\NVIDIA Corporation\NVIDIA app\NvDLISR;C:\Program Files\MATLAB\R2024b\runtime\win64;C:\Program Files\MATLAB\R2024b\bin;C:\Users\Boyang\AppData\Local\Microsoft\WindowsApps;C:\Users\Boyang\AppData\Local\GitHubDesktop\bin;C:\Users\Boyang\AppData\Local\Programs\Microsoft VS Code\bin;C:/Xilinx/Vivado/2022.2\tps\mingw\6.2.0\win64.o\nt\bin;C:/Xilinx/Vivado/2022.2\tps\mingw\6.2.0\win64.o\nt\libexec\gcc\x86_64-w64-mingw32\6.2.0;C:/Xilinx/Vivado/2022.2\tps\win64\python-3.8.3;C:/Xilinx/Vivado/2022.2\tps\win64\python-3.8.3\bin;C:/Xilinx/Vivado/2022.2\tps\win64\python-3.8.3\lib;C:/Xilinx/Vivado/2022.2\tps\win64\python-3.8.3\lib\site-packages
USERNAME=Boyang
OS=Windows_NT
PROCESSOR_IDENTIFIER=Intel64 Family 6 Model 170 Stepping 4, GenuineIntel



---------------  S Y S T E M  ---------------

OS: Windows 10 , 64 bit Build 26100 (10.0.26100.4202)
OS uptime: 0 days 0:46 hours
Hyper-V role detected

CPU:total 22 (initial active 22) (11 cores per cpu, 2 threads per core) family 6 model 170 stepping 4 microcode 0x1c, cmov, cx8, fxsr, mmx, sse, sse2, sse3, ssse3, sse4.1, sse4.2, popcnt, avx, avx2, aes, clmul, erms, 3dnowpref, lzcnt, ht, tsc, tscinvbit, bmi1, bmi2, adx, sha, fma

Memory: 4k page, system-wide physical 32173M (278M free)
TotalPageFile size 130477M (AvailPageFile size 0M)
current process WorkingSet (physical memory assigned to process): 292M, peak: 2149M
current process commit charge ("private bytes"): 2295M, peak: 2331M

vm_info: OpenJDK 64-Bit Server VM (11.0.11+9) for windows-amd64 JRE (11.0.11+9), built on Apr  9 2021 19:32:08 by "" with MS VC++ 15.5 (VS2017)

END.
