#
# There is insufficient memory for the Java Runtime Environment to continue.
# Native memory allocation (malloc) failed to allocate 1184336 bytes for Chunk::new
# Possible reasons:
#   The system is out of physical RAM or swap space
#   The process is running with CompressedOops enabled, and the Java Heap may be blocking the growth of the native heap
# Possible solutions:
#   Reduce memory load on the system
#   Increase physical memory or swap space
#   Check if swap backing store is full
#   Decrease Java heap size (-Xmx/-Xms)
#   Decrease number of Java threads
#   Decrease Java thread stack sizes (-Xss)
#   Set larger code cache with -XX:ReservedCodeCacheSize=
#   JVM is running with Zero Based Compressed Oops mode in which the Java heap is
#     placed in the first 32GB address space. The Java Heap base address is the
#     maximum limit for the native heap growth. Please use -XX:HeapBaseMinAddress
#     to set the Java Heap base and to place the Java Heap above 32GB virtual address.
# This output file may be truncated or incomplete.
#
#  Out of Memory Error (./src/hotspot/share/memory/arena.cpp:197), pid=14676, tid=27280
#
# JRE version: OpenJDK Runtime Environment 18.9 (11.0.11+9) (build 11.0.11+9)
# Java VM: OpenJDK 64-Bit Server VM 18.9 (11.0.11+9, mixed mode, tiered, compressed oops, g1 gc, windows-amd64)
# No core dump will be written. Minidumps are not enabled by default on client versions of Windows
#

---------------  S U M M A R Y ------------

Command Line: -Dsun.java2d.pmoffscreen=false -Dhttps.protocols=TLSv1,TLSv1.1,TLSv1.2 -Dsun.java2d.xrender=false -Dsun.java2d.d3d=false -Dsun.awt.nopixfmt=true -Dsun.java2d.dpiaware=true -Dsun.java2d.uiScale.enabled=false -Xverify:none -Dswing.aatext=true -XX:-UsePerfData -Djdk.map.althashing.threshold=512 -XX:StringTableSize=4072 --add-opens=java.desktop/com.sun.awt=ALL-UNNAMED --add-opens=java.desktop/javax.swing.plaf.synth=ALL-UNNAMED --add-opens=java.base/java.nio=ALL-UNNAMED --add-opens=java.desktop/sun.swing=ALL-UNNAMED --add-opens=java.desktop/javax.swing=ALL-UNNAMED --add-opens=java.desktop/javax.swing.tree=ALL-UNNAMED --add-opens=java.desktop/javax.swing.plaf.basic=ALL-UNNAMED --add-opens=java.desktop/javax.swing.plaf.synth=ALL-UNNAMED --add-opens=java.desktop/javax.swing.plaf.basic=ALL-UNNAMED --add-opens=java.desktop/javax.swing=ALL-UNNAMED --add-opens=java.desktop/javax.swing.tree=ALL-UNNAMED --add-opens=java.desktop/java.awt.event=ALL-UNNAMED --add-exports=java.desktop/javax.swing.plaf.synth=ALL-UNNAMED --add-exports=java.base/java.nio=ALL-UNNAMED --add-exports=java.desktop/sun.swing=ALL-UNNAMED --add-exports=java.desktop/javax.swing=ALL-UNNAMED --add-exports=java.desktop/javax.swing.tree=ALL-UNNAMED --add-exports=java.desktop/javax.swing.plaf.basic=ALL-UNNAMED --add-exports=java.desktop/sun.swing=ALL-UNNAMED --add-exports=java.desktop/sun.swing.table=ALL-UNNAMED --add-exports=java.desktop/sun.swing.plaf.synth=ALL-UNNAMED --add-exports=java.desktop/sun.awt.shell=ALL-UNNAMED --add-exports=java.base/sun.security.action=ALL-UNNAMED --add-exports=java.desktop/sun.font=ALL-UNNAMED -XX:NewSize=60m -XX:MaxNewSize=60m -Xms256m -Xmx3072m -Xss5m 

Host: Intel(R) Core(TM) Ultra 9 185H, 22 cores, 31G,  Windows 10 , 64 bit Build 26100 (10.0.26100.4202)
Time: Wed Jul  2 02:15:32 2025 中国标准时间 elapsed time: 692.501181 seconds (0d 0h 11m 32s)

---------------  T H R E A D  ---------------

Current thread (0x000001dc71e87800):  JavaThread "C2 CompilerThread0" daemon [_thread_in_native, id=27280, stack(0x0000002d41c00000,0x0000002d41d00000)]


Current CompileTask:
C2: 692501 17211       4       com.jidesoft.grid.TreeTableCellRenderer::getTableCellRendererComponent (374 bytes)

Stack: [0x0000002d41c00000,0x0000002d41d00000]
Native frames: (J=compiled Java code, j=interpreted, Vv=VM code, C=native code)
V  [jvm.dll+0x64fe7a]
V  [jvm.dll+0x792d3e]
V  [jvm.dll+0x79442c]
V  [jvm.dll+0x794ae3]
V  [jvm.dll+0x2623f8]
V  [jvm.dll+0xc5e31]
V  [jvm.dll+0xc652c]
V  [jvm.dll+0x374312]
V  [jvm.dll+0x340a63]
V  [jvm.dll+0x33fd9a]
V  [jvm.dll+0x21b475]
V  [jvm.dll+0x21a64a]
V  [jvm.dll+0x198b9c]
V  [jvm.dll+0x229bf4]
V  [jvm.dll+0x227e51]
V  [jvm.dll+0x753b00]
V  [jvm.dll+0x74c7ad]
V  [jvm.dll+0x64eb36]
C  [ucrtbase.dll+0x37b0]
C  [KERNEL32.DLL+0x2e8d7]
C  [ntdll.dll+0x3c34c]


---------------  P R O C E S S  ---------------

Threads class SMR info:
_java_thread_list=0x000001dc8136ba60, length=37, elements={
0x000001dc71b7d800, 0x000001dc71e5e800, 0x000001dc71e60000, 0x000001dc71e6c000,
0x000001dc71e6d000, 0x000001dc71e85000, 0x000001dc71e87800, 0x000001dc71e89000,
0x000001dc71eb0800, 0x000001dc12def800, 0x000001dc71fa9800, 0x000001dc13394000,
0x000001dc15c00000, 0x000001dc12d42000, 0x000001dc16b27800, 0x000001dc1652f000,
0x000001dc1694c000, 0x000001dc15cd8000, 0x000001dc15cda800, 0x000001dc18460800,
0x000001dc1845f000, 0x000001dc18462000, 0x000001dc18464000, 0x000001dc1845e000,
0x000001dc1845d800, 0x000001dc18469800, 0x000001dc18467000, 0x000001dc1846a800,
0x000001dc1846c000, 0x000001dc1846b000, 0x000001dc15cde000, 0x000001dc18468000,
0x000001dc15cdd000, 0x000001dc8b4fa800, 0x000001dc8b4f9000, 0x000001dc8b4f9800,
0x000001dc8b4fb800
}

Java Threads: ( => current thread )
  0x000001dc71b7d800 JavaThread "main" [_thread_blocked, id=17216, stack(0x0000002d3fc00000,0x0000002d3fd00000)]
  0x000001dc71e5e800 JavaThread "Reference Handler" daemon [_thread_blocked, id=12168, stack(0x0000002d40300000,0x0000002d40800000)]
  0x000001dc71e60000 JavaThread "Finalizer" daemon [_thread_blocked, id=17260, stack(0x0000002d40800000,0x0000002d40d00000)]
  0x000001dc71e6c000 JavaThread "Signal Dispatcher" daemon [_thread_blocked, id=37652, stack(0x0000002d40d00000,0x0000002d41200000)]
  0x000001dc71e6d000 JavaThread "Attach Listener" daemon [_thread_blocked, id=29368, stack(0x0000002d41200000,0x0000002d41700000)]
  0x000001dc71e85000 JavaThread "Service Thread" daemon [_thread_blocked, id=36656, stack(0x0000002d41700000,0x0000002d41c00000)]
=>0x000001dc71e87800 JavaThread "C2 CompilerThread0" daemon [_thread_in_native, id=27280, stack(0x0000002d41c00000,0x0000002d41d00000)]
  0x000001dc71e89000 JavaThread "C1 CompilerThread0" daemon [_thread_blocked, id=9104, stack(0x0000002d41d00000,0x0000002d41e00000)]
  0x000001dc71eb0800 JavaThread "Sweeper thread" daemon [_thread_blocked, id=32744, stack(0x0000002d41e00000,0x0000002d42300000)]
  0x000001dc12def800 JavaThread "Common-Cleaner" daemon [_thread_blocked, id=29644, stack(0x0000002d42600000,0x0000002d42b00000)]
  0x000001dc71fa9800 JavaThread "Java2D Disposer" daemon [_thread_blocked, id=25948, stack(0x0000002d42c00000,0x0000002d43100000)]
  0x000001dc13394000 JavaThread "AWT-Windows" daemon [_thread_in_native, id=36440, stack(0x0000002d43600000,0x0000002d43b00000)]
  0x000001dc15c00000 JavaThread "TimerQueue" daemon [_thread_blocked, id=37616, stack(0x0000002d43100000,0x0000002d43600000)]
  0x000001dc12d42000 JavaThread "AWT-Shutdown" [_thread_blocked, id=21956, stack(0x0000002d44800000,0x0000002d44d00000)]
  0x000001dc16b27800 JavaThread "AWT-EventQueue-0" [_thread_in_vm, id=3452, stack(0x0000002d44d00000,0x0000002d45200000)]
  0x000001dc1652f000 JavaThread "Thread-1" [_thread_in_native, id=15664, stack(0x0000002d3e600000,0x0000002d3fa00000)]
  0x000001dc1694c000 JavaThread "Process Messages Thread" [_thread_blocked, id=15672, stack(0x0000002d45a00000,0x0000002d45f00000)]
  0x000001dc15cd8000 JavaThread "Batik CleanerThread" daemon [_thread_blocked, id=5064, stack(0x0000002d45500000,0x0000002d45a00000)]
  0x000001dc15cda800 JavaThread "SyntheticaCleanerThread" daemon [_thread_blocked, id=19616, stack(0x0000002d46900000,0x0000002d46e00000)]
  0x000001dc18460800 JavaThread "Monitor HEventQueue Thread" [_thread_blocked, id=7740, stack(0x0000002d47800000,0x0000002d47d00000)]
  0x000001dc1845f000 JavaThread "SyntheticaAnimation 50" daemon [_thread_blocked, id=23756, stack(0x0000002d47e00000,0x0000002d48300000)]
  0x000001dc18462000 JavaThread "SyntheticaAnimation 25" daemon [_thread_blocked, id=20388, stack(0x0000002d48300000,0x0000002d48800000)]
  0x000001dc18464000 JavaThread "SyntheticaAnimation 70" daemon [_thread_blocked, id=23396, stack(0x0000002d48d00000,0x0000002d49200000)]
  0x000001dc1845e000 JavaThread "Refresh Filesets Swing Worker Thread" [_thread_blocked, id=3204, stack(0x0000002d44200000,0x0000002d44700000)]
  0x000001dc1845d800 JavaThread "hw_ila_monitor" [_thread_blocked, id=16768, stack(0x0000002d46e00000,0x0000002d47300000)]
  0x000001dc18469800 JavaThread "pool-1-thread-1" [_thread_blocked, id=34968, stack(0x0000002d49800000,0x0000002d49d00000)]
  0x000001dc18467000 JavaThread "pool-2-thread-1" [_thread_blocked, id=27124, stack(0x0000002d49d00000,0x0000002d4a200000)]
  0x000001dc1846a800 JavaThread "pool-3-thread-1" [_thread_blocked, id=22116, stack(0x0000002d4a200000,0x0000002d4a700000)]
  0x000001dc1846c000 JavaThread "pool-4-thread-1" [_thread_blocked, id=4880, stack(0x0000002d4a700000,0x0000002d4ac00000)]
  0x000001dc1846b000 JavaThread "pool-5-thread-1" [_thread_blocked, id=24188, stack(0x0000002d4ac00000,0x0000002d4b100000)]
  0x000001dc15cde000 JavaThread "Update Runs Swing Worker Thread" [_thread_blocked, id=19008, stack(0x0000002d4b600000,0x0000002d4bb00000)]
  0x000001dc18468000 JavaThread "SyntheticaAnimation 50" daemon [_thread_blocked, id=36392, stack(0x0000002d4b100000,0x0000002d4b600000)]
  0x000001dc15cdd000 JavaThread "Image Animator 3" daemon [_thread_blocked, id=29376, stack(0x0000002d47300000,0x0000002d47800000)]
  0x000001dc8b4fa800 JavaThread "Image Animator 0" daemon [_thread_blocked, id=30092, stack(0x0000002d4bb00000,0x0000002d4c000000)]
  0x000001dc8b4f9000 JavaThread "Timer-0" [_thread_blocked, id=8208, stack(0x0000002d4c000000,0x0000002d4c500000)]
  0x000001dc8b4f9800 JavaThread "Monitor File Timestamp Swing Worker Thread" [_thread_blocked, id=8900, stack(0x0000002d4c500000,0x0000002d4ca00000)]
  0x000001dc8b4fb800 JavaThread "Image Animator 3" daemon [_thread_blocked, id=15100, stack(0x0000002d4cf00000,0x0000002d4d400000)]

Other Threads:
  0x000001dc71e58800 VMThread "VM Thread" [stack: 0x0000002d40200000,0x0000002d40300000] [id=35632]
  0x000001dc12dfe800 WatcherThread [stack: 0x0000002d42b00000,0x0000002d42c00000] [id=3840]
  0x000001dc71b90000 GCTaskThread "GC Thread#0" [stack: 0x0000002d3fd00000,0x0000002d3fe00000] [id=24332]
  0x000001dc15711000 GCTaskThread "GC Thread#1" [stack: 0x0000002d43d00000,0x0000002d43e00000] [id=15328]
  0x000001dc15711800 GCTaskThread "GC Thread#2" [stack: 0x0000002d43e00000,0x0000002d43f00000] [id=21828]
  0x000001dc13a71000 GCTaskThread "GC Thread#3" [stack: 0x0000002d43f00000,0x0000002d44000000] [id=17316]
  0x000001dc13473000 GCTaskThread "GC Thread#4" [stack: 0x0000002d44000000,0x0000002d44100000] [id=27476]
  0x000001dc13a71800 GCTaskThread "GC Thread#5" [stack: 0x0000002d44100000,0x0000002d44200000] [id=20604]
  0x000001dc16f4e800 GCTaskThread "GC Thread#6" [stack: 0x0000002d42500000,0x0000002d42600000] [id=29880]
  0x000001dc17472800 GCTaskThread "GC Thread#7" [stack: 0x0000002d43b00000,0x0000002d43c00000] [id=23372]
  0x000001dc17a54800 GCTaskThread "GC Thread#8" [stack: 0x0000002d43c00000,0x0000002d43d00000] [id=17344]
  0x000001dc17e9c000 GCTaskThread "GC Thread#9" [stack: 0x0000002d46400000,0x0000002d46500000] [id=22820]
  0x000001dc5c120800 GCTaskThread "GC Thread#10" [stack: 0x0000002d46200000,0x0000002d46300000] [id=37760]
  0x000001dc5c48f000 GCTaskThread "GC Thread#11" [stack: 0x0000002d46300000,0x0000002d46400000] [id=27740]
  0x000001dc5d6e4800 GCTaskThread "GC Thread#12" [stack: 0x0000002d46800000,0x0000002d46900000] [id=25604]
  0x000001dc71ea5000 GCTaskThread "GC Thread#13" [stack: 0x0000002d47d00000,0x0000002d47e00000] [id=22104]
  0x000001dc58d02000 GCTaskThread "GC Thread#14" [stack: 0x0000002d42400000,0x0000002d42500000] [id=22996]
  0x000001dc58d04000 GCTaskThread "GC Thread#15" [stack: 0x0000002d46000000,0x0000002d46100000] [id=35944]
  0x000001dc71bd4800 ConcurrentGCThread "G1 Main Marker" [stack: 0x0000002d3fe00000,0x0000002d3ff00000] [id=27348]
  0x000001dc71bdd800 ConcurrentGCThread "G1 Conc#0" [stack: 0x0000002d3ff00000,0x0000002d40000000] [id=15952]
  0x000001dc1671f800 ConcurrentGCThread "G1 Conc#1" [stack: 0x0000002d45200000,0x0000002d45300000] [id=8976]
  0x000001dc16722000 ConcurrentGCThread "G1 Conc#2" [stack: 0x0000002d45300000,0x0000002d45400000] [id=28256]
  0x000001dc169d9800 ConcurrentGCThread "G1 Conc#3" [stack: 0x0000002d45400000,0x0000002d45500000] [id=25456]
  0x000001dc71bd7000 ConcurrentGCThread "G1 Refine#0" [stack: 0x0000002d40000000,0x0000002d40100000] [id=9160]
  0x000001dc71d06800 ConcurrentGCThread "G1 Young RemSet Sampling" [stack: 0x0000002d40100000,0x0000002d40200000] [id=2444]

Threads with active compile tasks:
C2 CompilerThread0 692559 17211       4       com.jidesoft.grid.TreeTableCellRenderer::getTableCellRendererComponent (374 bytes)

VM state:not at safepoint (normal execution)

VM Mutex/Monitor currently owned by a thread:  ([mutex/lock_event])
[0x000001dc6ff82090] Threads_lock - owner thread: 0x000001dc16b27800

Heap address: 0x0000000740000000, size: 3072 MB, Compressed Oops mode: Zero based, Oop shift amount: 3
Narrow klass base: 0x0000000800000000, Narrow klass shift: 0
Compressed class space size: 1073741824 Address: 0x0000000800000000

Heap:
 garbage-first heap   total 312320K, used 202013K [0x0000000740000000, 0x0000000800000000)
  region size 1024K, 22 young (22528K), 2 survivors (2048K)
 Metaspace       used 83757K, capacity 85706K, committed 85888K, reserved 1124352K
  class space    used 10772K, capacity 11636K, committed 11648K, reserved 1048576K
Heap Regions: E=young(eden), S=young(survivor), O=old, HS=humongous(starts), HC=humongous(continues), CS=collection set, F=free, A=archive, TAMS=top-at-mark-start (previous, next)
|   0|0x0000000740000000, 0x0000000740100000, 0x0000000740100000|100%|HS|  |TAMS 0x0000000740100000, 0x0000000740000000| Complete 
|   1|0x0000000740100000, 0x0000000740200000, 0x0000000740200000|100%|HC|  |TAMS 0x0000000740200000, 0x0000000740100000| Complete 
|   2|0x0000000740200000, 0x0000000740300000, 0x0000000740300000|100%|HS|  |TAMS 0x0000000740300000, 0x0000000740200000| Complete 
|   3|0x0000000740300000, 0x00000007403ffff8, 0x0000000740400000| 99%| O|  |TAMS 0x00000007403ffff8, 0x0000000740300000| Untracked 
|   4|0x0000000740400000, 0x00000007404ffd58, 0x0000000740500000| 99%| O|  |TAMS 0x00000007404ffd58, 0x0000000740400000| Untracked 
|   5|0x0000000740500000, 0x00000007405fffc8, 0x0000000740600000| 99%| O|  |TAMS 0x00000007405fffc8, 0x0000000740500000| Untracked 
|   6|0x0000000740600000, 0x0000000740700000, 0x0000000740700000|100%| O|  |TAMS 0x0000000740700000, 0x0000000740600000| Untracked 
|   7|0x0000000740700000, 0x00000007407ffff0, 0x0000000740800000| 99%| O|  |TAMS 0x00000007407ffff0, 0x0000000740700000| Untracked 
|   8|0x0000000740800000, 0x00000007408fffd0, 0x0000000740900000| 99%| O|  |TAMS 0x00000007408fffd0, 0x0000000740800000| Untracked 
|   9|0x0000000740900000, 0x00000007409ffff8, 0x0000000740a00000| 99%| O|  |TAMS 0x00000007409ffff8, 0x0000000740900000| Untracked 
|  10|0x0000000740a00000, 0x0000000740affff8, 0x0000000740b00000| 99%| O|  |TAMS 0x0000000740affff8, 0x0000000740a00000| Untracked 
|  11|0x0000000740b00000, 0x0000000740bfe408, 0x0000000740c00000| 99%| O|  |TAMS 0x0000000740bfe408, 0x0000000740b00000| Untracked 
|  12|0x0000000740c00000, 0x0000000740cffff8, 0x0000000740d00000| 99%| O|  |TAMS 0x0000000740cffff8, 0x0000000740c00000| Untracked 
|  13|0x0000000740d00000, 0x0000000740dfffe8, 0x0000000740e00000| 99%| O|  |TAMS 0x0000000740dfffe8, 0x0000000740d00000| Untracked 
|  14|0x0000000740e00000, 0x0000000740efffe8, 0x0000000740f00000| 99%| O|  |TAMS 0x0000000740efffe8, 0x0000000740e00000| Untracked 
|  15|0x0000000740f00000, 0x0000000740ffff48, 0x0000000741000000| 99%| O|  |TAMS 0x0000000740ffff48, 0x0000000740f00000| Untracked 
|  16|0x0000000741000000, 0x0000000741100000, 0x0000000741100000|100%| O|  |TAMS 0x0000000741100000, 0x0000000741000000| Untracked 
|  17|0x0000000741100000, 0x00000007411ffff0, 0x0000000741200000| 99%| O|  |TAMS 0x00000007411ffff0, 0x0000000741100000| Untracked 
|  18|0x0000000741200000, 0x00000007412fffc8, 0x0000000741300000| 99%| O|  |TAMS 0x00000007412fffc8, 0x0000000741200000| Untracked 
|  19|0x0000000741300000, 0x0000000741400000, 0x0000000741400000|100%| O|  |TAMS 0x0000000741400000, 0x0000000741300000| Untracked 
|  20|0x0000000741400000, 0x0000000741500000, 0x0000000741500000|100%|HS|  |TAMS 0x0000000741500000, 0x0000000741400000| Complete 
|  21|0x0000000741500000, 0x0000000741600000, 0x0000000741600000|100%|HC|  |TAMS 0x0000000741600000, 0x0000000741500000| Complete 
|  22|0x0000000741600000, 0x00000007416ffff0, 0x0000000741700000| 99%| O|  |TAMS 0x00000007416ffff0, 0x0000000741600000| Untracked 
|  23|0x0000000741700000, 0x0000000741800000, 0x0000000741800000|100%| O|  |TAMS 0x0000000741800000, 0x0000000741700000| Untracked 
|  24|0x0000000741800000, 0x00000007418ffff8, 0x0000000741900000| 99%| O|  |TAMS 0x00000007418ffff8, 0x0000000741800000| Untracked 
|  25|0x0000000741900000, 0x00000007419ffc68, 0x0000000741a00000| 99%| O|  |TAMS 0x00000007419ffc68, 0x0000000741900000| Untracked 
|  26|0x0000000741a00000, 0x0000000741afffe8, 0x0000000741b00000| 99%| O|  |TAMS 0x0000000741afffe8, 0x0000000741a00000| Untracked 
|  27|0x0000000741b00000, 0x0000000741bffde8, 0x0000000741c00000| 99%| O|  |TAMS 0x0000000741bffde8, 0x0000000741b00000| Untracked 
|  28|0x0000000741c00000, 0x0000000741cffff0, 0x0000000741d00000| 99%| O|  |TAMS 0x0000000741cffff0, 0x0000000741c00000| Untracked 
|  29|0x0000000741d00000, 0x0000000741dfffe8, 0x0000000741e00000| 99%| O|  |TAMS 0x0000000741dfffe8, 0x0000000741d00000| Untracked 
|  30|0x0000000741e00000, 0x0000000741effff8, 0x0000000741f00000| 99%| O|  |TAMS 0x0000000741effff8, 0x0000000741e00000| Untracked 
|  31|0x0000000741f00000, 0x0000000741ffffe8, 0x0000000742000000| 99%| O|  |TAMS 0x0000000741ffffe8, 0x0000000741f00000| Untracked 
|  32|0x0000000742000000, 0x00000007420ffff0, 0x0000000742100000| 99%| O|  |TAMS 0x00000007420ffff0, 0x0000000742000000| Untracked 
|  33|0x0000000742100000, 0x00000007421ffeb0, 0x0000000742200000| 99%| O|  |TAMS 0x00000007421ffeb0, 0x0000000742100000| Untracked 
|  34|0x0000000742200000, 0x00000007422fffa8, 0x0000000742300000| 99%| O|  |TAMS 0x00000007422fffa8, 0x0000000742200000| Untracked 
|  35|0x0000000742300000, 0x00000007423ff678, 0x0000000742400000| 99%| O|  |TAMS 0x00000007423ff678, 0x0000000742300000| Untracked 
|  36|0x0000000742400000, 0x00000007424ffff8, 0x0000000742500000| 99%| O|  |TAMS 0x00000007424ffff8, 0x0000000742400000| Untracked 
|  37|0x0000000742500000, 0x00000007425ffff0, 0x0000000742600000| 99%| O|  |TAMS 0x00000007425ffff0, 0x0000000742500000| Untracked 
|  38|0x0000000742600000, 0x0000000742700000, 0x0000000742700000|100%|HS|  |TAMS 0x0000000742700000, 0x0000000742600000| Complete 
|  39|0x0000000742700000, 0x00000007427fff18, 0x0000000742800000| 99%| O|  |TAMS 0x00000007427fff18, 0x0000000742700000| Untracked 
|  40|0x0000000742800000, 0x00000007428fffc8, 0x0000000742900000| 99%| O|  |TAMS 0x00000007428fffc8, 0x0000000742800000| Untracked 
|  41|0x0000000742900000, 0x00000007429ffff0, 0x0000000742a00000| 99%| O|  |TAMS 0x00000007429ffff0, 0x0000000742900000| Untracked 
|  42|0x0000000742a00000, 0x0000000742b00000, 0x0000000742b00000|100%| O|  |TAMS 0x0000000742b00000, 0x0000000742a00000| Untracked 
|  43|0x0000000742b00000, 0x0000000742bfffe8, 0x0000000742c00000| 99%| O|  |TAMS 0x0000000742bfffe8, 0x0000000742b00000| Untracked 
|  44|0x0000000742c00000, 0x0000000742cfd138, 0x0000000742d00000| 98%| O|  |TAMS 0x0000000742cfd138, 0x0000000742c00000| Untracked 
|  45|0x0000000742d00000, 0x0000000742dfff18, 0x0000000742e00000| 99%| O|  |TAMS 0x0000000742dfff18, 0x0000000742d00000| Untracked 
|  46|0x0000000742e00000, 0x0000000742f00000, 0x0000000742f00000|100%| O|  |TAMS 0x0000000742f00000, 0x0000000742e00000| Untracked 
|  47|0x0000000742f00000, 0x0000000743000000, 0x0000000743000000|100%| O|  |TAMS 0x0000000743000000, 0x0000000742f00000| Untracked 
|  48|0x0000000743000000, 0x00000007430ffff8, 0x0000000743100000| 99%| O|  |TAMS 0x00000007430ffff8, 0x0000000743000000| Untracked 
|  49|0x0000000743100000, 0x00000007431ffff0, 0x0000000743200000| 99%| O|  |TAMS 0x00000007431ffff0, 0x0000000743100000| Untracked 
|  50|0x0000000743200000, 0x0000000743300000, 0x0000000743300000|100%| O|  |TAMS 0x0000000743300000, 0x0000000743200000| Untracked 
|  51|0x0000000743300000, 0x0000000743400000, 0x0000000743400000|100%| O|  |TAMS 0x0000000743400000, 0x0000000743300000| Untracked 
|  52|0x0000000743400000, 0x00000007434c2878, 0x0000000743500000| 75%| O|  |TAMS 0x00000007434c2878, 0x0000000743400000| Untracked 
|  53|0x0000000743500000, 0x0000000743600000, 0x0000000743600000|100%|HS|  |TAMS 0x0000000743600000, 0x0000000743500000| Complete 
|  54|0x0000000743600000, 0x0000000743700000, 0x0000000743700000|100%|HC|  |TAMS 0x0000000743700000, 0x0000000743600000| Complete 
|  55|0x0000000743700000, 0x0000000743800000, 0x0000000743800000|100%|HC|  |TAMS 0x0000000743800000, 0x0000000743700000| Complete 
|  56|0x0000000743800000, 0x0000000743900000, 0x0000000743900000|100%|HC|  |TAMS 0x0000000743900000, 0x0000000743800000| Complete 
|  57|0x0000000743900000, 0x0000000743a00000, 0x0000000743a00000|100%|HC|  |TAMS 0x0000000743a00000, 0x0000000743900000| Complete 
|  58|0x0000000743a00000, 0x0000000743b00000, 0x0000000743b00000|100%|HC|  |TAMS 0x0000000743b00000, 0x0000000743a00000| Complete 
|  59|0x0000000743b00000, 0x0000000743c00000, 0x0000000743c00000|100%|HC|  |TAMS 0x0000000743c00000, 0x0000000743b00000| Complete 
|  60|0x0000000743c00000, 0x0000000743d00000, 0x0000000743d00000|100%|HC|  |TAMS 0x0000000743d00000, 0x0000000743c00000| Complete 
|  61|0x0000000743d00000, 0x0000000743e00000, 0x0000000743e00000|100%|HC|  |TAMS 0x0000000743e00000, 0x0000000743d00000| Complete 
|  62|0x0000000743e00000, 0x0000000743f00000, 0x0000000743f00000|100%|HC|  |TAMS 0x0000000743f00000, 0x0000000743e00000| Complete 
|  63|0x0000000743f00000, 0x0000000743f89778, 0x0000000744000000| 53%| O|  |TAMS 0x0000000743f89778, 0x0000000743f00000| Untracked 
|  64|0x0000000744000000, 0x00000007440fffe0, 0x0000000744100000| 99%| O|  |TAMS 0x00000007440fffe0, 0x0000000744000000| Untracked 
|  65|0x0000000744100000, 0x0000000744200000, 0x0000000744200000|100%|HS|  |TAMS 0x0000000744200000, 0x0000000744100000| Complete 
|  66|0x0000000744200000, 0x00000007442fffa0, 0x0000000744300000| 99%| O|  |TAMS 0x00000007442fffa0, 0x0000000744200000| Untracked 
|  67|0x0000000744300000, 0x0000000744300000, 0x0000000744400000|  0%| F|  |TAMS 0x0000000744300000, 0x0000000744300000| Untracked 
|  68|0x0000000744400000, 0x0000000744500000, 0x0000000744500000|100%|HS|  |TAMS 0x0000000744500000, 0x0000000744400000| Complete 
|  69|0x0000000744500000, 0x0000000744600000, 0x0000000744600000|100%|HS|  |TAMS 0x0000000744600000, 0x0000000744500000| Complete 
|  70|0x0000000744600000, 0x0000000744700000, 0x0000000744700000|100%|HC|  |TAMS 0x0000000744700000, 0x0000000744600000| Complete 
|  71|0x0000000744700000, 0x0000000744800000, 0x0000000744800000|100%|HC|  |TAMS 0x0000000744800000, 0x0000000744700000| Complete 
|  72|0x0000000744800000, 0x0000000744900000, 0x0000000744900000|100%|HC|  |TAMS 0x0000000744900000, 0x0000000744800000| Complete 
|  73|0x0000000744900000, 0x0000000744a00000, 0x0000000744a00000|100%|HC|  |TAMS 0x0000000744a00000, 0x0000000744900000| Complete 
|  74|0x0000000744a00000, 0x0000000744b00000, 0x0000000744b00000|100%|HC|  |TAMS 0x0000000744b00000, 0x0000000744a00000| Complete 
|  75|0x0000000744b00000, 0x0000000744c00000, 0x0000000744c00000|100%|HC|  |TAMS 0x0000000744c00000, 0x0000000744b00000| Complete 
|  76|0x0000000744c00000, 0x0000000744d00000, 0x0000000744d00000|100%|HC|  |TAMS 0x0000000744d00000, 0x0000000744c00000| Complete 
|  77|0x0000000744d00000, 0x0000000744e00000, 0x0000000744e00000|100%|HC|  |TAMS 0x0000000744e00000, 0x0000000744d00000| Complete 
|  78|0x0000000744e00000, 0x0000000744f00000, 0x0000000744f00000|100%|HC|  |TAMS 0x0000000744f00000, 0x0000000744e00000| Complete 
|  79|0x0000000744f00000, 0x0000000745000000, 0x0000000745000000|100%|HC|  |TAMS 0x0000000745000000, 0x0000000744f00000| Complete 
|  80|0x0000000745000000, 0x0000000745100000, 0x0000000745100000|100%|HC|  |TAMS 0x0000000745100000, 0x0000000745000000| Complete 
|  81|0x0000000745100000, 0x0000000745200000, 0x0000000745200000|100%|HC|  |TAMS 0x0000000745200000, 0x0000000745100000| Complete 
|  82|0x0000000745200000, 0x0000000745300000, 0x0000000745300000|100%|HC|  |TAMS 0x0000000745300000, 0x0000000745200000| Complete 
|  83|0x0000000745300000, 0x0000000745400000, 0x0000000745400000|100%|HC|  |TAMS 0x0000000745400000, 0x0000000745300000| Complete 
|  84|0x0000000745400000, 0x0000000745500000, 0x0000000745500000|100%|HC|  |TAMS 0x0000000745500000, 0x0000000745400000| Complete 
|  85|0x0000000745500000, 0x0000000745600000, 0x0000000745600000|100%|HC|  |TAMS 0x0000000745600000, 0x0000000745500000| Complete 
|  86|0x0000000745600000, 0x0000000745700000, 0x0000000745700000|100%|HC|  |TAMS 0x0000000745700000, 0x0000000745600000| Complete 
|  87|0x0000000745700000, 0x0000000745800000, 0x0000000745800000|100%|HC|  |TAMS 0x0000000745800000, 0x0000000745700000| Complete 
|  88|0x0000000745800000, 0x0000000745900000, 0x0000000745900000|100%|HC|  |TAMS 0x0000000745900000, 0x0000000745800000| Complete 
|  89|0x0000000745900000, 0x0000000745a00000, 0x0000000745a00000|100%|HC|  |TAMS 0x0000000745a00000, 0x0000000745900000| Complete 
|  90|0x0000000745a00000, 0x0000000745b00000, 0x0000000745b00000|100%|HC|  |TAMS 0x0000000745b00000, 0x0000000745a00000| Complete 
|  91|0x0000000745b00000, 0x0000000745c00000, 0x0000000745c00000|100%|HC|  |TAMS 0x0000000745c00000, 0x0000000745b00000| Complete 
|  92|0x0000000745c00000, 0x0000000745d00000, 0x0000000745d00000|100%|HC|  |TAMS 0x0000000745d00000, 0x0000000745c00000| Complete 
|  93|0x0000000745d00000, 0x0000000745e00000, 0x0000000745e00000|100%|HC|  |TAMS 0x0000000745e00000, 0x0000000745d00000| Complete 
|  94|0x0000000745e00000, 0x0000000745f00000, 0x0000000745f00000|100%|HC|  |TAMS 0x0000000745f00000, 0x0000000745e00000| Complete 
|  95|0x0000000745f00000, 0x0000000746000000, 0x0000000746000000|100%|HC|  |TAMS 0x0000000746000000, 0x0000000745f00000| Complete 
|  96|0x0000000746000000, 0x0000000746100000, 0x0000000746100000|100%|HC|  |TAMS 0x0000000746100000, 0x0000000746000000| Complete 
|  97|0x0000000746100000, 0x0000000746200000, 0x0000000746200000|100%|HC|  |TAMS 0x0000000746200000, 0x0000000746100000| Complete 
|  98|0x0000000746200000, 0x0000000746300000, 0x0000000746300000|100%|HC|  |TAMS 0x0000000746300000, 0x0000000746200000| Complete 
|  99|0x0000000746300000, 0x0000000746400000, 0x0000000746400000|100%|HC|  |TAMS 0x0000000746400000, 0x0000000746300000| Complete 
| 100|0x0000000746400000, 0x0000000746500000, 0x0000000746500000|100%|HC|  |TAMS 0x0000000746500000, 0x0000000746400000| Complete 
| 101|0x0000000746500000, 0x0000000746600000, 0x0000000746600000|100%|HC|  |TAMS 0x0000000746600000, 0x0000000746500000| Complete 
| 102|0x0000000746600000, 0x0000000746700000, 0x0000000746700000|100%|HC|  |TAMS 0x0000000746700000, 0x0000000746600000| Complete 
| 103|0x0000000746700000, 0x0000000746800000, 0x0000000746800000|100%|HC|  |TAMS 0x0000000746800000, 0x0000000746700000| Complete 
| 104|0x0000000746800000, 0x0000000746900000, 0x0000000746900000|100%|HC|  |TAMS 0x0000000746900000, 0x0000000746800000| Complete 
| 105|0x0000000746900000, 0x0000000746a00000, 0x0000000746a00000|100%|HC|  |TAMS 0x0000000746a00000, 0x0000000746900000| Complete 
| 106|0x0000000746a00000, 0x0000000746b00000, 0x0000000746b00000|100%|HC|  |TAMS 0x0000000746b00000, 0x0000000746a00000| Complete 
| 107|0x0000000746b00000, 0x0000000746c00000, 0x0000000746c00000|100%|HC|  |TAMS 0x0000000746c00000, 0x0000000746b00000| Complete 
| 108|0x0000000746c00000, 0x0000000746d00000, 0x0000000746d00000|100%|HC|  |TAMS 0x0000000746d00000, 0x0000000746c00000| Complete 
| 109|0x0000000746d00000, 0x0000000746e00000, 0x0000000746e00000|100%|HC|  |TAMS 0x0000000746e00000, 0x0000000746d00000| Complete 
| 110|0x0000000746e00000, 0x0000000746f00000, 0x0000000746f00000|100%|HC|  |TAMS 0x0000000746f00000, 0x0000000746e00000| Complete 
| 111|0x0000000746f00000, 0x0000000747000000, 0x0000000747000000|100%|HC|  |TAMS 0x0000000747000000, 0x0000000746f00000| Complete 
| 112|0x0000000747000000, 0x0000000747100000, 0x0000000747100000|100%|HC|  |TAMS 0x0000000747100000, 0x0000000747000000| Complete 
| 113|0x0000000747100000, 0x0000000747200000, 0x0000000747200000|100%|HC|  |TAMS 0x0000000747200000, 0x0000000747100000| Complete 
| 114|0x0000000747200000, 0x0000000747300000, 0x0000000747300000|100%|HC|  |TAMS 0x0000000747300000, 0x0000000747200000| Complete 
| 115|0x0000000747300000, 0x0000000747400000, 0x0000000747400000|100%|HC|  |TAMS 0x0000000747400000, 0x0000000747300000| Complete 
| 116|0x0000000747400000, 0x0000000747500000, 0x0000000747500000|100%|HC|  |TAMS 0x0000000747500000, 0x0000000747400000| Complete 
| 117|0x0000000747500000, 0x0000000747600000, 0x0000000747600000|100%|HC|  |TAMS 0x0000000747600000, 0x0000000747500000| Complete 
| 118|0x0000000747600000, 0x0000000747700000, 0x0000000747700000|100%|HC|  |TAMS 0x0000000747700000, 0x0000000747600000| Complete 
| 119|0x0000000747700000, 0x0000000747800000, 0x0000000747800000|100%|HC|  |TAMS 0x0000000747800000, 0x0000000747700000| Complete 
| 120|0x0000000747800000, 0x0000000747900000, 0x0000000747900000|100%|HC|  |TAMS 0x0000000747900000, 0x0000000747800000| Complete 
| 121|0x0000000747900000, 0x0000000747a00000, 0x0000000747a00000|100%|HC|  |TAMS 0x0000000747a00000, 0x0000000747900000| Complete 
| 122|0x0000000747a00000, 0x0000000747b00000, 0x0000000747b00000|100%|HC|  |TAMS 0x0000000747b00000, 0x0000000747a00000| Complete 
| 123|0x0000000747b00000, 0x0000000747c00000, 0x0000000747c00000|100%|HC|  |TAMS 0x0000000747c00000, 0x0000000747b00000| Complete 
| 124|0x0000000747c00000, 0x0000000747d00000, 0x0000000747d00000|100%|HC|  |TAMS 0x0000000747d00000, 0x0000000747c00000| Complete 
| 125|0x0000000747d00000, 0x0000000747e00000, 0x0000000747e00000|100%|HC|  |TAMS 0x0000000747e00000, 0x0000000747d00000| Complete 
| 126|0x0000000747e00000, 0x0000000747f00000, 0x0000000747f00000|100%|HC|  |TAMS 0x0000000747f00000, 0x0000000747e00000| Complete 
| 127|0x0000000747f00000, 0x0000000748000000, 0x0000000748000000|100%|HC|  |TAMS 0x0000000748000000, 0x0000000747f00000| Complete 
| 128|0x0000000748000000, 0x0000000748100000, 0x0000000748100000|100%|HC|  |TAMS 0x0000000748100000, 0x0000000748000000| Complete 
| 129|0x0000000748100000, 0x0000000748200000, 0x0000000748200000|100%|HC|  |TAMS 0x0000000748200000, 0x0000000748100000| Complete 
| 130|0x0000000748200000, 0x0000000748300000, 0x0000000748300000|100%|HC|  |TAMS 0x0000000748300000, 0x0000000748200000| Complete 
| 131|0x0000000748300000, 0x0000000748400000, 0x0000000748400000|100%|HC|  |TAMS 0x0000000748400000, 0x0000000748300000| Complete 
| 132|0x0000000748400000, 0x0000000748500000, 0x0000000748500000|100%|HC|  |TAMS 0x0000000748500000, 0x0000000748400000| Complete 
| 133|0x0000000748500000, 0x0000000748600000, 0x0000000748600000|100%|HC|  |TAMS 0x0000000748600000, 0x0000000748500000| Complete 
| 134|0x0000000748600000, 0x0000000748700000, 0x0000000748700000|100%|HC|  |TAMS 0x0000000748700000, 0x0000000748600000| Complete 
| 135|0x0000000748700000, 0x0000000748800000, 0x0000000748800000|100%|HC|  |TAMS 0x0000000748800000, 0x0000000748700000| Complete 
| 136|0x0000000748800000, 0x0000000748900000, 0x0000000748900000|100%|HC|  |TAMS 0x0000000748900000, 0x0000000748800000| Complete 
| 137|0x0000000748900000, 0x0000000748a00000, 0x0000000748a00000|100%|HC|  |TAMS 0x0000000748a00000, 0x0000000748900000| Complete 
| 138|0x0000000748a00000, 0x0000000748b00000, 0x0000000748b00000|100%|HC|  |TAMS 0x0000000748b00000, 0x0000000748a00000| Complete 
| 139|0x0000000748b00000, 0x0000000748c00000, 0x0000000748c00000|100%|HC|  |TAMS 0x0000000748c00000, 0x0000000748b00000| Complete 
| 140|0x0000000748c00000, 0x0000000748d00000, 0x0000000748d00000|100%|HC|  |TAMS 0x0000000748d00000, 0x0000000748c00000| Complete 
| 141|0x0000000748d00000, 0x0000000748e00000, 0x0000000748e00000|100%|HC|  |TAMS 0x0000000748e00000, 0x0000000748d00000| Complete 
| 142|0x0000000748e00000, 0x0000000748f00000, 0x0000000748f00000|100%|HC|  |TAMS 0x0000000748f00000, 0x0000000748e00000| Complete 
| 143|0x0000000748f00000, 0x0000000749000000, 0x0000000749000000|100%|HC|  |TAMS 0x0000000749000000, 0x0000000748f00000| Complete 
| 144|0x0000000749000000, 0x0000000749100000, 0x0000000749100000|100%|HC|  |TAMS 0x0000000749100000, 0x0000000749000000| Complete 
| 145|0x0000000749100000, 0x0000000749200000, 0x0000000749200000|100%|HC|  |TAMS 0x0000000749200000, 0x0000000749100000| Complete 
| 146|0x0000000749200000, 0x0000000749300000, 0x0000000749300000|100%|HC|  |TAMS 0x0000000749300000, 0x0000000749200000| Complete 
| 147|0x0000000749300000, 0x0000000749400000, 0x0000000749400000|100%|HC|  |TAMS 0x0000000749400000, 0x0000000749300000| Complete 
| 148|0x0000000749400000, 0x0000000749500000, 0x0000000749500000|100%|HC|  |TAMS 0x0000000749500000, 0x0000000749400000| Complete 
| 149|0x0000000749500000, 0x0000000749600000, 0x0000000749600000|100%|HC|  |TAMS 0x0000000749600000, 0x0000000749500000| Complete 
| 150|0x0000000749600000, 0x0000000749700000, 0x0000000749700000|100%|HC|  |TAMS 0x0000000749700000, 0x0000000749600000| Complete 
| 151|0x0000000749700000, 0x0000000749800000, 0x0000000749800000|100%|HC|  |TAMS 0x0000000749800000, 0x0000000749700000| Complete 
| 152|0x0000000749800000, 0x0000000749900000, 0x0000000749900000|100%|HC|  |TAMS 0x0000000749900000, 0x0000000749800000| Complete 
| 153|0x0000000749900000, 0x0000000749a00000, 0x0000000749a00000|100%|HC|  |TAMS 0x0000000749a00000, 0x0000000749900000| Complete 
| 154|0x0000000749a00000, 0x0000000749b00000, 0x0000000749b00000|100%|HC|  |TAMS 0x0000000749b00000, 0x0000000749a00000| Complete 
| 155|0x0000000749b00000, 0x0000000749c00000, 0x0000000749c00000|100%|HC|  |TAMS 0x0000000749c00000, 0x0000000749b00000| Complete 
| 156|0x0000000749c00000, 0x0000000749cb45c8, 0x0000000749d00000| 70%| O|  |TAMS 0x0000000749cb45c8, 0x0000000749c00000| Untracked 
| 157|0x0000000749d00000, 0x0000000749dffff0, 0x0000000749e00000| 99%| O|  |TAMS 0x0000000749dffff0, 0x0000000749d00000| Untracked 
| 158|0x0000000749e00000, 0x0000000749e7da18, 0x0000000749f00000| 49%| O|  |TAMS 0x0000000749e7da18, 0x0000000749e00000| Untracked 
| 159|0x0000000749f00000, 0x0000000749f42470, 0x000000074a000000| 25%| O|  |TAMS 0x0000000749f42470, 0x0000000749f00000| Untracked 
| 160|0x000000074a000000, 0x000000074a063b88, 0x000000074a100000| 38%| O|  |TAMS 0x000000074a063b88, 0x000000074a000000| Untracked 
| 161|0x000000074a100000, 0x000000074a1fffa0, 0x000000074a200000| 99%| O|  |TAMS 0x000000074a1fffa0, 0x000000074a100000| Untracked 
| 162|0x000000074a200000, 0x000000074a300000, 0x000000074a300000|100%| O|  |TAMS 0x000000074a300000, 0x000000074a200000| Untracked 
| 163|0x000000074a300000, 0x000000074a3fffe0, 0x000000074a400000| 99%| O|  |TAMS 0x000000074a3fffe0, 0x000000074a300000| Untracked 
| 164|0x000000074a400000, 0x000000074a46d4a0, 0x000000074a500000| 42%| O|  |TAMS 0x000000074a46d4a0, 0x000000074a400000| Untracked 
| 165|0x000000074a500000, 0x000000074a500000, 0x000000074a600000|  0%| F|  |TAMS 0x000000074a500000, 0x000000074a500000| Untracked 
| 166|0x000000074a600000, 0x000000074a600000, 0x000000074a700000|  0%| F|  |TAMS 0x000000074a600000, 0x000000074a600000| Untracked 
| 167|0x000000074a700000, 0x000000074a800000, 0x000000074a800000|100%|HS|  |TAMS 0x000000074a800000, 0x000000074a700000| Complete 
| 168|0x000000074a800000, 0x000000074a900000, 0x000000074a900000|100%|HC|  |TAMS 0x000000074a900000, 0x000000074a800000| Complete 
| 169|0x000000074a900000, 0x000000074aa00000, 0x000000074aa00000|100%|HC|  |TAMS 0x000000074aa00000, 0x000000074a900000| Complete 
| 170|0x000000074aa00000, 0x000000074ab00000, 0x000000074ab00000|100%|HC|  |TAMS 0x000000074ab00000, 0x000000074aa00000| Complete 
| 171|0x000000074ab00000, 0x000000074ac00000, 0x000000074ac00000|100%|HC|  |TAMS 0x000000074ac00000, 0x000000074ab00000| Complete 
| 172|0x000000074ac00000, 0x000000074ad00000, 0x000000074ad00000|100%|HC|  |TAMS 0x000000074ad00000, 0x000000074ac00000| Complete 
| 173|0x000000074ad00000, 0x000000074ae00000, 0x000000074ae00000|100%|HC|  |TAMS 0x000000074ae00000, 0x000000074ad00000| Complete 
| 174|0x000000074ae00000, 0x000000074af00000, 0x000000074af00000|100%|HC|  |TAMS 0x000000074af00000, 0x000000074ae00000| Complete 
| 175|0x000000074af00000, 0x000000074b000000, 0x000000074b000000|100%|HC|  |TAMS 0x000000074b000000, 0x000000074af00000| Complete 
| 176|0x000000074b000000, 0x000000074b100000, 0x000000074b100000|100%|HC|  |TAMS 0x000000074b100000, 0x000000074b000000| Complete 
| 177|0x000000074b100000, 0x000000074b200000, 0x000000074b200000|100%|HC|  |TAMS 0x000000074b200000, 0x000000074b100000| Complete 
| 178|0x000000074b200000, 0x000000074b300000, 0x000000074b300000|100%|HC|  |TAMS 0x000000074b300000, 0x000000074b200000| Complete 
| 179|0x000000074b300000, 0x000000074b400000, 0x000000074b400000|100%|HC|  |TAMS 0x000000074b400000, 0x000000074b300000| Complete 
| 180|0x000000074b400000, 0x000000074b500000, 0x000000074b500000|100%|HC|  |TAMS 0x000000074b500000, 0x000000074b400000| Complete 
| 181|0x000000074b500000, 0x000000074b600000, 0x000000074b600000|100%|HC|  |TAMS 0x000000074b600000, 0x000000074b500000| Complete 
| 182|0x000000074b600000, 0x000000074b6b6770, 0x000000074b700000| 71%| O|  |TAMS 0x000000074b6b6770, 0x000000074b600000| Untracked 
| 183|0x000000074b700000, 0x000000074b700000, 0x000000074b800000|  0%| F|  |TAMS 0x000000074b700000, 0x000000074b700000| Untracked 
| 184|0x000000074b800000, 0x000000074b800000, 0x000000074b900000|  0%| F|  |TAMS 0x000000074b800000, 0x000000074b800000| Untracked 
| 185|0x000000074b900000, 0x000000074b900000, 0x000000074ba00000|  0%| F|  |TAMS 0x000000074b900000, 0x000000074b900000| Untracked 
| 186|0x000000074ba00000, 0x000000074ba00000, 0x000000074bb00000|  0%| F|  |TAMS 0x000000074ba00000, 0x000000074ba00000| Untracked 
| 187|0x000000074bb00000, 0x000000074bb00000, 0x000000074bc00000|  0%| F|  |TAMS 0x000000074bb00000, 0x000000074bb00000| Untracked 
| 188|0x000000074bc00000, 0x000000074bc00000, 0x000000074bd00000|  0%| F|  |TAMS 0x000000074bc00000, 0x000000074bc00000| Untracked 
| 189|0x000000074bd00000, 0x000000074bd00000, 0x000000074be00000|  0%| F|  |TAMS 0x000000074bd00000, 0x000000074bd00000| Untracked 
| 190|0x000000074be00000, 0x000000074be00000, 0x000000074bf00000|  0%| F|  |TAMS 0x000000074be00000, 0x000000074be00000| Untracked 
| 191|0x000000074bf00000, 0x000000074bf00000, 0x000000074c000000|  0%| F|  |TAMS 0x000000074bf00000, 0x000000074bf00000| Untracked 
| 192|0x000000074c000000, 0x000000074c000000, 0x000000074c100000|  0%| F|  |TAMS 0x000000074c000000, 0x000000074c000000| Untracked 
| 193|0x000000074c100000, 0x000000074c100000, 0x000000074c200000|  0%| F|  |TAMS 0x000000074c100000, 0x000000074c100000| Untracked 
| 194|0x000000074c200000, 0x000000074c200000, 0x000000074c300000|  0%| F|  |TAMS 0x000000074c200000, 0x000000074c200000| Untracked 
| 195|0x000000074c300000, 0x000000074c300000, 0x000000074c400000|  0%| F|  |TAMS 0x000000074c300000, 0x000000074c300000| Untracked 
| 196|0x000000074c400000, 0x000000074c400000, 0x000000074c500000|  0%| F|  |TAMS 0x000000074c400000, 0x000000074c400000| Untracked 
| 197|0x000000074c500000, 0x000000074c500000, 0x000000074c600000|  0%| F|  |TAMS 0x000000074c500000, 0x000000074c500000| Untracked 
| 198|0x000000074c600000, 0x000000074c600000, 0x000000074c700000|  0%| F|  |TAMS 0x000000074c600000, 0x000000074c600000| Untracked 
| 199|0x000000074c700000, 0x000000074c700000, 0x000000074c800000|  0%| F|  |TAMS 0x000000074c700000, 0x000000074c700000| Untracked 
| 200|0x000000074c800000, 0x000000074c800000, 0x000000074c900000|  0%| F|  |TAMS 0x000000074c800000, 0x000000074c800000| Untracked 
| 201|0x000000074c900000, 0x000000074c900000, 0x000000074ca00000|  0%| F|  |TAMS 0x000000074c900000, 0x000000074c900000| Untracked 
| 202|0x000000074ca00000, 0x000000074ca00000, 0x000000074cb00000|  0%| F|  |TAMS 0x000000074ca00000, 0x000000074ca00000| Untracked 
| 203|0x000000074cb00000, 0x000000074cb62f80, 0x000000074cc00000| 38%| O|  |TAMS 0x000000074cb62f80, 0x000000074cb00000| Untracked 
| 204|0x000000074cc00000, 0x000000074cc00000, 0x000000074cd00000|  0%| F|  |TAMS 0x000000074cc00000, 0x000000074cc00000| Untracked 
| 205|0x000000074cd00000, 0x000000074cd3fd28, 0x000000074ce00000| 24%| O|  |TAMS 0x000000074cd3fd28, 0x000000074cd00000| Untracked 
| 206|0x000000074ce00000, 0x000000074ce00000, 0x000000074cf00000|  0%| F|  |TAMS 0x000000074ce00000, 0x000000074ce00000| Untracked 
| 207|0x000000074cf00000, 0x000000074cf00000, 0x000000074d000000|  0%| F|  |TAMS 0x000000074cf00000, 0x000000074cf00000| Untracked 
| 208|0x000000074d000000, 0x000000074d000000, 0x000000074d100000|  0%| F|  |TAMS 0x000000074d000000, 0x000000074d000000| Untracked 
| 209|0x000000074d100000, 0x000000074d100000, 0x000000074d200000|  0%| F|  |TAMS 0x000000074d100000, 0x000000074d100000| Untracked 
| 210|0x000000074d200000, 0x000000074d200000, 0x000000074d300000|  0%| F|  |TAMS 0x000000074d200000, 0x000000074d200000| Untracked 
| 211|0x000000074d300000, 0x000000074d300000, 0x000000074d400000|  0%| F|  |TAMS 0x000000074d300000, 0x000000074d300000| Untracked 
| 212|0x000000074d400000, 0x000000074d400000, 0x000000074d500000|  0%| F|  |TAMS 0x000000074d400000, 0x000000074d400000| Untracked 
| 213|0x000000074d500000, 0x000000074d500000, 0x000000074d600000|  0%| F|  |TAMS 0x000000074d500000, 0x000000074d500000| Untracked 
| 214|0x000000074d600000, 0x000000074d600000, 0x000000074d700000|  0%| F|  |TAMS 0x000000074d600000, 0x000000074d600000| Untracked 
| 215|0x000000074d700000, 0x000000074d700000, 0x000000074d800000|  0%| F|  |TAMS 0x000000074d700000, 0x000000074d700000| Untracked 
| 216|0x000000074d800000, 0x000000074d800000, 0x000000074d900000|  0%| F|  |TAMS 0x000000074d800000, 0x000000074d800000| Untracked 
| 217|0x000000074d900000, 0x000000074d900000, 0x000000074da00000|  0%| F|  |TAMS 0x000000074d900000, 0x000000074d900000| Untracked 
| 218|0x000000074da00000, 0x000000074da00000, 0x000000074db00000|  0%| F|  |TAMS 0x000000074da00000, 0x000000074da00000| Untracked 
| 219|0x000000074db00000, 0x000000074db00000, 0x000000074dc00000|  0%| F|  |TAMS 0x000000074db00000, 0x000000074db00000| Untracked 
| 220|0x000000074dc00000, 0x000000074dc00000, 0x000000074dd00000|  0%| F|  |TAMS 0x000000074dc00000, 0x000000074dc00000| Untracked 
| 221|0x000000074dd00000, 0x000000074dd00000, 0x000000074de00000|  0%| F|  |TAMS 0x000000074dd00000, 0x000000074dd00000| Untracked 
| 222|0x000000074de00000, 0x000000074de00000, 0x000000074df00000|  0%| F|  |TAMS 0x000000074de00000, 0x000000074de00000| Untracked 
| 223|0x000000074df00000, 0x000000074df00000, 0x000000074e000000|  0%| F|  |TAMS 0x000000074df00000, 0x000000074df00000| Untracked 
| 224|0x000000074e000000, 0x000000074e000000, 0x000000074e100000|  0%| F|  |TAMS 0x000000074e000000, 0x000000074e000000| Untracked 
| 225|0x000000074e100000, 0x000000074e100000, 0x000000074e200000|  0%| F|  |TAMS 0x000000074e100000, 0x000000074e100000| Untracked 
| 226|0x000000074e200000, 0x000000074e200000, 0x000000074e300000|  0%| F|  |TAMS 0x000000074e200000, 0x000000074e200000| Untracked 
| 227|0x000000074e300000, 0x000000074e300000, 0x000000074e400000|  0%| F|  |TAMS 0x000000074e300000, 0x000000074e300000| Untracked 
| 228|0x000000074e400000, 0x000000074e400000, 0x000000074e500000|  0%| F|  |TAMS 0x000000074e400000, 0x000000074e400000| Untracked 
| 229|0x000000074e500000, 0x000000074e500000, 0x000000074e600000|  0%| F|  |TAMS 0x000000074e500000, 0x000000074e500000| Untracked 
| 230|0x000000074e600000, 0x000000074e600000, 0x000000074e700000|  0%| F|  |TAMS 0x000000074e600000, 0x000000074e600000| Untracked 
| 231|0x000000074e700000, 0x000000074e700000, 0x000000074e800000|  0%| F|  |TAMS 0x000000074e700000, 0x000000074e700000| Untracked 
| 232|0x000000074e800000, 0x000000074e800000, 0x000000074e900000|  0%| F|  |TAMS 0x000000074e800000, 0x000000074e800000| Untracked 
| 233|0x000000074e900000, 0x000000074e900000, 0x000000074ea00000|  0%| F|  |TAMS 0x000000074e900000, 0x000000074e900000| Untracked 
| 234|0x000000074ea00000, 0x000000074ea00000, 0x000000074eb00000|  0%| F|  |TAMS 0x000000074ea00000, 0x000000074ea00000| Untracked 
| 235|0x000000074eb00000, 0x000000074eb00000, 0x000000074ec00000|  0%| F|  |TAMS 0x000000074eb00000, 0x000000074eb00000| Untracked 
| 236|0x000000074ec00000, 0x000000074ec00000, 0x000000074ed00000|  0%| F|  |TAMS 0x000000074ec00000, 0x000000074ec00000| Untracked 
| 237|0x000000074ed00000, 0x000000074ed00000, 0x000000074ee00000|  0%| F|  |TAMS 0x000000074ed00000, 0x000000074ed00000| Untracked 
| 238|0x000000074ee00000, 0x000000074ee00000, 0x000000074ef00000|  0%| F|  |TAMS 0x000000074ee00000, 0x000000074ee00000| Untracked 
| 239|0x000000074ef00000, 0x000000074ef00000, 0x000000074f000000|  0%| F|  |TAMS 0x000000074ef00000, 0x000000074ef00000| Untracked 
| 240|0x000000074f000000, 0x000000074f000000, 0x000000074f100000|  0%| F|  |TAMS 0x000000074f000000, 0x000000074f000000| Untracked 
| 241|0x000000074f100000, 0x000000074f100000, 0x000000074f200000|  0%| F|  |TAMS 0x000000074f100000, 0x000000074f100000| Untracked 
| 242|0x000000074f200000, 0x000000074f202b70, 0x000000074f300000|  1%| S|CS|TAMS 0x000000074f200000, 0x000000074f200000| Complete 
| 243|0x000000074f300000, 0x000000074f300000, 0x000000074f400000|  0%| F|  |TAMS 0x000000074f300000, 0x000000074f300000| Untracked 
| 244|0x000000074f400000, 0x000000074f500000, 0x000000074f500000|100%| S|CS|TAMS 0x000000074f400000, 0x000000074f400000| Complete 
| 245|0x000000074f500000, 0x000000074f500000, 0x000000074f600000|  0%| F|  |TAMS 0x000000074f500000, 0x000000074f500000| Untracked 
| 246|0x000000074f600000, 0x000000074f6604b8, 0x000000074f700000| 37%| O|  |TAMS 0x000000074f6604b8, 0x000000074f600000| Untracked 
| 247|0x000000074f700000, 0x000000074f700000, 0x000000074f800000|  0%| F|  |TAMS 0x000000074f700000, 0x000000074f700000| Untracked 
| 248|0x000000074f800000, 0x000000074f800000, 0x000000074f900000|  0%| F|  |TAMS 0x000000074f800000, 0x000000074f800000| Untracked 
| 249|0x000000074f900000, 0x000000074f900000, 0x000000074fa00000|  0%| F|  |TAMS 0x000000074f900000, 0x000000074f900000| Untracked 
| 250|0x000000074fa00000, 0x000000074fa00000, 0x000000074fb00000|  0%| F|  |TAMS 0x000000074fa00000, 0x000000074fa00000| Untracked 
| 251|0x000000074fb00000, 0x000000074fb00000, 0x000000074fc00000|  0%| F|  |TAMS 0x000000074fb00000, 0x000000074fb00000| Untracked 
| 252|0x000000074fc00000, 0x000000074fc00000, 0x000000074fd00000|  0%| F|  |TAMS 0x000000074fc00000, 0x000000074fc00000| Untracked 
| 253|0x000000074fd00000, 0x000000074fd00000, 0x000000074fe00000|  0%| F|  |TAMS 0x000000074fd00000, 0x000000074fd00000| Untracked 
| 254|0x000000074fe00000, 0x000000074fe00000, 0x000000074ff00000|  0%| F|  |TAMS 0x000000074fe00000, 0x000000074fe00000| Untracked 
| 255|0x000000074ff00000, 0x000000074ff00000, 0x0000000750000000|  0%| F|  |TAMS 0x000000074ff00000, 0x000000074ff00000| Untracked 
| 256|0x0000000750000000, 0x0000000750000000, 0x0000000750100000|  0%| F|  |TAMS 0x0000000750000000, 0x0000000750000000| Untracked 
| 257|0x0000000750100000, 0x0000000750100000, 0x0000000750200000|  0%| F|  |TAMS 0x0000000750100000, 0x0000000750100000| Untracked 
| 258|0x0000000750200000, 0x0000000750200000, 0x0000000750300000|  0%| F|  |TAMS 0x0000000750200000, 0x0000000750200000| Untracked 
| 259|0x0000000750300000, 0x0000000750300000, 0x0000000750400000|  0%| F|  |TAMS 0x0000000750300000, 0x0000000750300000| Untracked 
| 260|0x0000000750400000, 0x0000000750400000, 0x0000000750500000|  0%| F|  |TAMS 0x0000000750400000, 0x0000000750400000| Untracked 
| 261|0x0000000750500000, 0x0000000750500000, 0x0000000750600000|  0%| F|  |TAMS 0x0000000750500000, 0x0000000750500000| Untracked 
| 262|0x0000000750600000, 0x0000000750600000, 0x0000000750700000|  0%| F|  |TAMS 0x0000000750600000, 0x0000000750600000| Untracked 
| 263|0x0000000750700000, 0x0000000750700000, 0x0000000750800000|  0%| F|  |TAMS 0x0000000750700000, 0x0000000750700000| Untracked 
| 264|0x0000000750800000, 0x0000000750800000, 0x0000000750900000|  0%| F|  |TAMS 0x0000000750800000, 0x0000000750800000| Untracked 
| 265|0x0000000750900000, 0x0000000750900000, 0x0000000750a00000|  0%| F|  |TAMS 0x0000000750900000, 0x0000000750900000| Untracked 
| 266|0x0000000750a00000, 0x0000000750a00000, 0x0000000750b00000|  0%| F|  |TAMS 0x0000000750a00000, 0x0000000750a00000| Untracked 
| 267|0x0000000750b00000, 0x0000000750b00000, 0x0000000750c00000|  0%| F|  |TAMS 0x0000000750b00000, 0x0000000750b00000| Untracked 
| 268|0x0000000750c00000, 0x0000000750c00000, 0x0000000750d00000|  0%| F|  |TAMS 0x0000000750c00000, 0x0000000750c00000| Untracked 
| 269|0x0000000750d00000, 0x0000000750d00000, 0x0000000750e00000|  0%| F|  |TAMS 0x0000000750d00000, 0x0000000750d00000| Untracked 
| 270|0x0000000750e00000, 0x0000000750e00000, 0x0000000750f00000|  0%| F|  |TAMS 0x0000000750e00000, 0x0000000750e00000| Untracked 
| 271|0x0000000750f00000, 0x0000000750f00000, 0x0000000751000000|  0%| F|  |TAMS 0x0000000750f00000, 0x0000000750f00000| Untracked 
| 272|0x0000000751000000, 0x0000000751000000, 0x0000000751100000|  0%| F|  |TAMS 0x0000000751000000, 0x0000000751000000| Untracked 
| 273|0x0000000751100000, 0x0000000751100000, 0x0000000751200000|  0%| F|  |TAMS 0x0000000751100000, 0x0000000751100000| Untracked 
| 274|0x0000000751200000, 0x0000000751200000, 0x0000000751300000|  0%| F|  |TAMS 0x0000000751200000, 0x0000000751200000| Untracked 
| 275|0x0000000751300000, 0x0000000751300000, 0x0000000751400000|  0%| F|  |TAMS 0x0000000751300000, 0x0000000751300000| Untracked 
| 276|0x0000000751400000, 0x0000000751400000, 0x0000000751500000|  0%| F|  |TAMS 0x0000000751400000, 0x0000000751400000| Untracked 
| 277|0x0000000751500000, 0x0000000751500000, 0x0000000751600000|  0%| F|  |TAMS 0x0000000751500000, 0x0000000751500000| Untracked 
| 278|0x0000000751600000, 0x0000000751600000, 0x0000000751700000|  0%| F|  |TAMS 0x0000000751600000, 0x0000000751600000| Untracked 
| 279|0x0000000751700000, 0x0000000751700000, 0x0000000751800000|  0%| F|  |TAMS 0x0000000751700000, 0x0000000751700000| Untracked 
| 280|0x0000000751800000, 0x0000000751800000, 0x0000000751900000|  0%| F|  |TAMS 0x0000000751800000, 0x0000000751800000| Untracked 
| 281|0x0000000751900000, 0x0000000751900000, 0x0000000751a00000|  0%| F|  |TAMS 0x0000000751900000, 0x0000000751900000| Untracked 
| 282|0x0000000751a00000, 0x0000000751a00000, 0x0000000751b00000|  0%| F|  |TAMS 0x0000000751a00000, 0x0000000751a00000| Untracked 
| 283|0x0000000751b00000, 0x0000000751b00000, 0x0000000751c00000|  0%| F|  |TAMS 0x0000000751b00000, 0x0000000751b00000| Untracked 
| 284|0x0000000751c00000, 0x0000000751c00000, 0x0000000751d00000|  0%| F|  |TAMS 0x0000000751c00000, 0x0000000751c00000| Untracked 
| 285|0x0000000751d00000, 0x0000000751d2e750, 0x0000000751e00000| 18%| E|  |TAMS 0x0000000751d00000, 0x0000000751d00000| Complete 
| 286|0x0000000751e00000, 0x0000000751f00000, 0x0000000751f00000|100%| E|CS|TAMS 0x0000000751e00000, 0x0000000751e00000| Complete 
| 287|0x0000000751f00000, 0x0000000752000000, 0x0000000752000000|100%| E|CS|TAMS 0x0000000751f00000, 0x0000000751f00000| Complete 
| 288|0x0000000752000000, 0x0000000752100000, 0x0000000752100000|100%| E|CS|TAMS 0x0000000752000000, 0x0000000752000000| Complete 
| 289|0x0000000752100000, 0x0000000752200000, 0x0000000752200000|100%| E|CS|TAMS 0x0000000752100000, 0x0000000752100000| Complete 
| 290|0x0000000752200000, 0x0000000752300000, 0x0000000752300000|100%| E|CS|TAMS 0x0000000752200000, 0x0000000752200000| Complete 
| 291|0x0000000752300000, 0x0000000752400000, 0x0000000752400000|100%| E|CS|TAMS 0x0000000752300000, 0x0000000752300000| Complete 
| 292|0x0000000752400000, 0x0000000752500000, 0x0000000752500000|100%| E|CS|TAMS 0x0000000752400000, 0x0000000752400000| Complete 
| 293|0x0000000752500000, 0x0000000752600000, 0x0000000752600000|100%| E|CS|TAMS 0x0000000752500000, 0x0000000752500000| Complete 
| 294|0x0000000752600000, 0x0000000752700000, 0x0000000752700000|100%| E|CS|TAMS 0x0000000752600000, 0x0000000752600000| Complete 
| 295|0x0000000752700000, 0x0000000752800000, 0x0000000752800000|100%| E|CS|TAMS 0x0000000752700000, 0x0000000752700000| Complete 
| 296|0x0000000752800000, 0x0000000752900000, 0x0000000752900000|100%| E|CS|TAMS 0x0000000752800000, 0x0000000752800000| Complete 
| 297|0x0000000752900000, 0x0000000752a00000, 0x0000000752a00000|100%| E|CS|TAMS 0x0000000752900000, 0x0000000752900000| Complete 
| 298|0x0000000752a00000, 0x0000000752b00000, 0x0000000752b00000|100%| E|CS|TAMS 0x0000000752a00000, 0x0000000752a00000| Complete 
| 299|0x0000000752b00000, 0x0000000752c00000, 0x0000000752c00000|100%| E|CS|TAMS 0x0000000752b00000, 0x0000000752b00000| Complete 
| 300|0x0000000752c00000, 0x0000000752d00000, 0x0000000752d00000|100%| E|CS|TAMS 0x0000000752c00000, 0x0000000752c00000| Complete 
| 301|0x0000000752d00000, 0x0000000752e00000, 0x0000000752e00000|100%| E|CS|TAMS 0x0000000752d00000, 0x0000000752d00000| Complete 
| 302|0x0000000752e00000, 0x0000000752f00000, 0x0000000752f00000|100%| E|CS|TAMS 0x0000000752e00000, 0x0000000752e00000| Complete 
| 303|0x0000000752f00000, 0x0000000753000000, 0x0000000753000000|100%| E|CS|TAMS 0x0000000752f00000, 0x0000000752f00000| Complete 
| 304|0x0000000753000000, 0x0000000753100000, 0x0000000753100000|100%| E|CS|TAMS 0x0000000753000000, 0x0000000753000000| Complete 

Card table byte_map: [0x000001dc6e5b0000,0x000001dc6ebb0000] _byte_map_base: 0x000001dc6abb0000

Marking Bits (Prev, Next): (CMBitMap*) 0x000001dc71bc72d8, (CMBitMap*) 0x000001dc71bc7310
 Prev Bits: [0x000001dc7a5e0000, 0x000001dc7d5e0000)
 Next Bits: [0x000001dc0f000000, 0x000001dc12000000)

Polling page: 0x000001dc681d0000

Metaspace:

Usage:
  Non-class:     72.33 MB capacity,    71.27 MB ( 99%) used,   819.73 KB (  1%) free+waste,   265.31 KB ( <1%) overhead. 
      Class:     11.36 MB capacity,    10.52 MB ( 93%) used,   736.54 KB (  6%) free+waste,   127.06 KB (  1%) overhead. 
       Both:     83.70 MB capacity,    81.79 MB ( 98%) used,     1.52 MB (  2%) free+waste,   392.38 KB ( <1%) overhead. 

Virtual space:
  Non-class space:       74.00 MB reserved,      72.50 MB ( 98%) committed 
      Class space:        1.00 GB reserved,      11.38 MB (  1%) committed 
             Both:        1.07 GB reserved,      83.88 MB (  8%) committed 

Chunk freelists:
   Non-Class:  42.00 KB
       Class:  12.00 KB
        Both:  54.00 KB

MaxMetaspaceSize: 17179869184.00 GB
CompressedClassSpaceSize: 1.00 GB

CodeHeap 'non-profiled nmethods': size=119168Kb used=16347Kb max_used=16347Kb free=102820Kb
 bounds [0x000001dc07ba0000, 0x000001dc08ba0000, 0x000001dc0f000000]
CodeHeap 'profiled nmethods': size=119168Kb used=38838Kb max_used=38996Kb free=80329Kb
 bounds [0x000001dc00740000, 0x000001dc02df0000, 0x000001dc07ba0000]
CodeHeap 'non-nmethods': size=7424Kb used=1591Kb max_used=3363Kb free=5832Kb
 bounds [0x000001dc00000000, 0x000001dc00360000, 0x000001dc00740000]
 total_blobs=15975 nmethods=14848 adapters=1032
 compilation: enabled
              stopped_count=0, restarted_count=0
 full_count=0

Compilation events (20 events):
Event: 664.679 Thread 0x000001dc71e87800 nmethod 17201 0x000001dc08b8f910 code [0x000001dc08b8fc00, 0x000001dc08b91e90]
Event: 664.679 Thread 0x000001dc71e87800 17202       4       com.jidesoft.grid.CellStyleTable::paintCellUnderlay (252 bytes)
Event: 664.680 Thread 0x000001dc71e87800 nmethod 17202 0x000001dc08b92f10 code [0x000001dc08b930a0, 0x000001dc08b93198]
Event: 668.833 Thread 0x000001dc71e89000 17203       3       ui.utils.p.a.a::iMb (22 bytes)
Event: 668.833 Thread 0x000001dc71e89000 nmethod 17203 0x000001dc01b50a90 code [0x000001dc01b50d00, 0x000001dc01b51588]
Event: 669.040 Thread 0x000001dc71e87800 17204       4       com.jidesoft.grid.CategorizedTable::getExpandedIcon (42 bytes)
Event: 669.043 Thread 0x000001dc71e87800 nmethod 17204 0x000001dc08b93310 code [0x000001dc08b934e0, 0x000001dc08b93738]
Event: 669.043 Thread 0x000001dc71e87800 17205       4       com.jidesoft.jdk.JdkSpecificClass::isSynthIcon (152 bytes)
Event: 669.053 Thread 0x000001dc71e87800 nmethod 17205 0x000001dc08b93910 code [0x000001dc08b93b00, 0x000001dc08b94608]
Event: 675.110 Thread 0x000001dc71e87800 17206       4       com.jidesoft.swing.JideSwingUtilities::fillGradient (38 bytes)
Event: 675.116 Thread 0x000001dc71e87800 nmethod 17206 0x000001dc08b94c10 code [0x000001dc08b94de0, 0x000001dc08b950b8]
Event: 678.649 Thread 0x000001dc71e89000 17207       3       java.util.TaskQueue::getMin (7 bytes)
Event: 678.649 Thread 0x000001dc71e89000 nmethod 17207 0x000001dc018f1290 code [0x000001dc018f1440, 0x000001dc018f1578]
Event: 682.640 Thread 0x000001dc71e87800 17208 % !   4       ui.utils.lnf.a$a::run @ 0 (629 bytes)
Event: 682.670 Thread 0x000001dc71e87800 nmethod 17208% 0x000001dc08b95310 code [0x000001dc08b95600, 0x000001dc08b97310]
Event: 689.157 Thread 0x000001dc71e89000 17209       3       ui.data.experiment.A::cEs (42 bytes)
Event: 689.158 Thread 0x000001dc71e89000 nmethod 17209 0x000001dc01b75110 code [0x000001dc01b75400, 0x000001dc01b76218]
Event: 690.300 Thread 0x000001dc71e87800 17210       4       ui.utils.i.i.O$b$a::isEnabled (29 bytes)
Event: 690.302 Thread 0x000001dc71e87800 nmethod 17210 0x000001dc08b98990 code [0x000001dc08b98b20, 0x000001dc08b98bf8]
Event: 691.454 Thread 0x000001dc71e87800 17211       4       com.jidesoft.grid.TreeTableCellRenderer::getTableCellRendererComponent (374 bytes)

GC Heap History (20 events):
Event: 49.717 GC heap before
{Heap before GC invocations=43 (full 1):
 garbage-first heap   total 262144K, used 232102K [0x0000000740000000, 0x0000000800000000)
  region size 1024K, 60 young (61440K), 6 survivors (6144K)
 Metaspace       used 81781K, capacity 83741K, committed 83968K, reserved 1122304K
  class space    used 10600K, capacity 11473K, committed 11520K, reserved 1048576K
}
Event: 49.720 GC heap after
{Heap after GC invocations=44 (full 1):
 garbage-first heap   total 262144K, used 175792K [0x0000000740000000, 0x0000000800000000)
  region size 1024K, 5 young (5120K), 5 survivors (5120K)
 Metaspace       used 81781K, capacity 83741K, committed 83968K, reserved 1122304K
  class space    used 10600K, capacity 11473K, committed 11520K, reserved 1048576K
}
Event: 50.835 GC heap before
{Heap before GC invocations=44 (full 1):
 garbage-first heap   total 262144K, used 232112K [0x0000000740000000, 0x0000000800000000)
  region size 1024K, 60 young (61440K), 5 survivors (5120K)
 Metaspace       used 82152K, capacity 84157K, committed 84224K, reserved 1122304K
  class space    used 10627K, capacity 11505K, committed 11520K, reserved 1048576K
}
Event: 50.837 GC heap after
{Heap after GC invocations=45 (full 1):
 garbage-first heap   total 262144K, used 175550K [0x0000000740000000, 0x0000000800000000)
  region size 1024K, 5 young (5120K), 5 survivors (5120K)
 Metaspace       used 82152K, capacity 84157K, committed 84224K, reserved 1122304K
  class space    used 10627K, capacity 11505K, committed 11520K, reserved 1048576K
}
Event: 51.634 GC heap before
{Heap before GC invocations=46 (full 1):
 garbage-first heap   total 262144K, used 231870K [0x0000000740000000, 0x0000000800000000)
  region size 1024K, 60 young (61440K), 5 survivors (5120K)
 Metaspace       used 82265K, capacity 84221K, committed 84480K, reserved 1122304K
  class space    used 10628K, capacity 11505K, committed 11520K, reserved 1048576K
}
Event: 51.637 GC heap after
{Heap after GC invocations=47 (full 1):
 garbage-first heap   total 262144K, used 175819K [0x0000000740000000, 0x0000000800000000)
  region size 1024K, 5 young (5120K), 5 survivors (5120K)
 Metaspace       used 82265K, capacity 84221K, committed 84480K, reserved 1122304K
  class space    used 10628K, capacity 11505K, committed 11520K, reserved 1048576K
}
Event: 60.252 GC heap before
{Heap before GC invocations=47 (full 1):
 garbage-first heap   total 262144K, used 232139K [0x0000000740000000, 0x0000000800000000)
  region size 1024K, 60 young (61440K), 5 survivors (5120K)
 Metaspace       used 83201K, capacity 85161K, committed 85376K, reserved 1122304K
  class space    used 10740K, capacity 11604K, committed 11648K, reserved 1048576K
}
Event: 60.255 GC heap after
{Heap after GC invocations=48 (full 1):
 garbage-first heap   total 262144K, used 177115K [0x0000000740000000, 0x0000000800000000)
  region size 1024K, 5 young (5120K), 5 survivors (5120K)
 Metaspace       used 83201K, capacity 85161K, committed 85376K, reserved 1122304K
  class space    used 10740K, capacity 11604K, committed 11648K, reserved 1048576K
}
Event: 63.295 GC heap before
{Heap before GC invocations=48 (full 1):
 garbage-first heap   total 262144K, used 183259K [0x0000000740000000, 0x0000000800000000)
  region size 1024K, 12 young (12288K), 5 survivors (5120K)
 Metaspace       used 83317K, capacity 85321K, committed 85376K, reserved 1122304K
  class space    used 10754K, capacity 11636K, committed 11648K, reserved 1048576K
}
Event: 63.299 GC heap after
{Heap after GC invocations=49 (full 1):
 garbage-first heap   total 262144K, used 177492K [0x0000000740000000, 0x0000000800000000)
  region size 1024K, 4 young (4096K), 4 survivors (4096K)
 Metaspace       used 83317K, capacity 85321K, committed 85376K, reserved 1122304K
  class space    used 10754K, capacity 11636K, committed 11648K, reserved 1048576K
}
Event: 66.628 GC heap before
{Heap before GC invocations=50 (full 1):
 garbage-first heap   total 262144K, used 206164K [0x0000000740000000, 0x0000000800000000)
  region size 1024K, 18 young (18432K), 4 survivors (4096K)
 Metaspace       used 83456K, capacity 85450K, committed 85632K, reserved 1124352K
  class space    used 10772K, capacity 11636K, committed 11648K, reserved 1048576K
}
Event: 66.668 GC heap after
{Heap after GC invocations=51 (full 2):
 garbage-first heap   total 312320K, used 181522K [0x0000000740000000, 0x0000000800000000)
  region size 1024K, 0 young (0K), 0 survivors (0K)
 Metaspace       used 83456K, capacity 85450K, committed 85632K, reserved 1124352K
  class space    used 10772K, capacity 11636K, committed 11648K, reserved 1048576K
}
Event: 208.332 GC heap before
{Heap before GC invocations=51 (full 2):
 garbage-first heap   total 312320K, used 242962K [0x0000000740000000, 0x0000000800000000)
  region size 1024K, 60 young (61440K), 0 survivors (0K)
 Metaspace       used 83644K, capacity 85642K, committed 85888K, reserved 1124352K
  class space    used 10772K, capacity 11636K, committed 11648K, reserved 1048576K
}
Event: 208.402 GC heap after
{Heap after GC invocations=52 (full 2):
 garbage-first heap   total 312320K, used 182546K [0x0000000740000000, 0x0000000800000000)
  region size 1024K, 1 young (1024K), 1 survivors (1024K)
 Metaspace       used 83644K, capacity 85642K, committed 85888K, reserved 1124352K
  class space    used 10772K, capacity 11636K, committed 11648K, reserved 1048576K
}
Event: 353.913 GC heap before
{Heap before GC invocations=53 (full 2):
 garbage-first heap   total 312320K, used 242962K [0x0000000740000000, 0x0000000800000000)
  region size 1024K, 60 young (61440K), 1 survivors (1024K)
 Metaspace       used 83712K, capacity 85706K, committed 85888K, reserved 1124352K
  class space    used 10772K, capacity 11636K, committed 11648K, reserved 1048576K
}
Event: 353.940 GC heap after
{Heap after GC invocations=54 (full 2):
 garbage-first heap   total 312320K, used 182484K [0x0000000740000000, 0x0000000800000000)
  region size 1024K, 1 young (1024K), 1 survivors (1024K)
 Metaspace       used 83712K, capacity 85706K, committed 85888K, reserved 1124352K
  class space    used 10772K, capacity 11636K, committed 11648K, reserved 1048576K
}
Event: 500.658 GC heap before
{Heap before GC invocations=54 (full 2):
 garbage-first heap   total 312320K, used 242900K [0x0000000740000000, 0x0000000800000000)
  region size 1024K, 60 young (61440K), 1 survivors (1024K)
 Metaspace       used 83725K, capacity 85706K, committed 85888K, reserved 1124352K
  class space    used 10772K, capacity 11636K, committed 11648K, reserved 1048576K
}
Event: 500.709 GC heap after
{Heap after GC invocations=55 (full 2):
 garbage-first heap   total 312320K, used 182531K [0x0000000740000000, 0x0000000800000000)
  region size 1024K, 1 young (1024K), 1 survivors (1024K)
 Metaspace       used 83725K, capacity 85706K, committed 85888K, reserved 1124352K
  class space    used 10772K, capacity 11636K, committed 11648K, reserved 1048576K
}
Event: 645.223 GC heap before
{Heap before GC invocations=56 (full 2):
 garbage-first heap   total 312320K, used 242947K [0x0000000740000000, 0x0000000800000000)
  region size 1024K, 60 young (61440K), 1 survivors (1024K)
 Metaspace       used 83755K, capacity 85706K, committed 85888K, reserved 1124352K
  class space    used 10772K, capacity 11636K, committed 11648K, reserved 1048576K
}
Event: 645.231 GC heap after
{Heap after GC invocations=57 (full 2):
 garbage-first heap   total 312320K, used 182557K [0x0000000740000000, 0x0000000800000000)
  region size 1024K, 2 young (2048K), 2 survivors (2048K)
 Metaspace       used 83755K, capacity 85706K, committed 85888K, reserved 1124352K
  class space    used 10772K, capacity 11636K, committed 11648K, reserved 1048576K
}

Deoptimization events (20 events):
Event: 87.347 Thread 0x000001dc16b27800 DEOPT PACKING pc=0x000001dc00aee62c sp=0x0000002d451fa960
Event: 87.347 Thread 0x000001dc16b27800 DEOPT UNPACKING pc=0x000001dc0002705e sp=0x0000002d451f9da8 mode 0
Event: 88.591 Thread 0x000001dc16b27800 Uncommon trap: trap_request=0xffffff4d fr.pc=0x000001dc087f2180 relative=0x0000000000000680
Event: 88.591 Thread 0x000001dc16b27800 Uncommon trap: reason=unstable_if action=reinterpret pc=0x000001dc087f2180 method=ui.data.common.J.a(Lui/data/common/I;)V @ 52 c2
Event: 88.591 Thread 0x000001dc16b27800 DEOPT PACKING pc=0x000001dc087f2180 sp=0x0000002d451fcc50
Event: 88.591 Thread 0x000001dc16b27800 DEOPT UNPACKING pc=0x000001dc000268af sp=0x0000002d451fcc10 mode 2
Event: 91.914 Thread 0x000001dc16b27800 DEOPT PACKING pc=0x000001dc028a6ec6 sp=0x0000002d451fb540
Event: 91.914 Thread 0x000001dc16b27800 DEOPT UNPACKING pc=0x000001dc0002705e sp=0x0000002d451fa9e0 mode 0
Event: 106.693 Thread 0x000001dc1845f000 DEOPT PACKING pc=0x000001dc01fa4b0e sp=0x0000002d482ff0a0
Event: 106.693 Thread 0x000001dc1845f000 DEOPT UNPACKING pc=0x000001dc0002705e sp=0x0000002d482fe640 mode 0
Event: 106.743 Thread 0x000001dc16b27800 DEOPT PACKING pc=0x000001dc0280deeb sp=0x0000002d451fb500
Event: 106.743 Thread 0x000001dc16b27800 DEOPT UNPACKING pc=0x000001dc0002705e sp=0x0000002d451fa9a0 mode 0
Event: 123.300 Thread 0x000001dc12def800 Uncommon trap: trap_request=0xffffff4d fr.pc=0x000001dc086a9bec relative=0x000000000000070c
Event: 123.300 Thread 0x000001dc12def800 Uncommon trap: reason=unstable_if action=reinterpret pc=0x000001dc086a9bec method=java.lang.ref.ReferenceQueue.remove(J)Ljava/lang/ref/Reference; @ 70 c2
Event: 123.300 Thread 0x000001dc12def800 DEOPT PACKING pc=0x000001dc086a9bec sp=0x0000002d42aff380
Event: 123.300 Thread 0x000001dc12def800 DEOPT UNPACKING pc=0x000001dc000268af sp=0x0000002d42aff318 mode 2
Event: 125.013 Thread 0x000001dc18462000 DEOPT PACKING pc=0x000001dc01fa4b0e sp=0x0000002d487ff010
Event: 125.013 Thread 0x000001dc18462000 DEOPT UNPACKING pc=0x000001dc0002705e sp=0x0000002d487fe5b0 mode 0
Event: 309.501 Thread 0x000001dc15cda800 DEOPT PACKING pc=0x000001dc01ab0007 sp=0x0000002d46dff560
Event: 309.505 Thread 0x000001dc15cda800 DEOPT UNPACKING pc=0x000001dc0002705e sp=0x0000002d46dfea58 mode 0

Classes redefined (0 events):
No events

Internal exceptions (20 events):
Event: 593.983 Thread 0x000001dc16b27800 Exception <a 'java/io/FileNotFoundException'{0x0000000750bfcc60}> (0x0000000750bfcc60) thrown at [./src/hotspot/share/prims/jni.cpp, line 615]
Event: 598.983 Thread 0x000001dc16b27800 Exception <a 'java/io/FileNotFoundException'{0x00000007509f3118}> (0x00000007509f3118) thrown at [./src/hotspot/share/prims/jni.cpp, line 615]
Event: 603.984 Thread 0x000001dc16b27800 Exception <a 'java/io/FileNotFoundException'{0x0000000750633448}> (0x0000000750633448) thrown at [./src/hotspot/share/prims/jni.cpp, line 615]
Event: 608.986 Thread 0x000001dc16b27800 Exception <a 'java/io/FileNotFoundException'{0x000000075042cdc8}> (0x000000075042cdc8) thrown at [./src/hotspot/share/prims/jni.cpp, line 615]
Event: 613.988 Thread 0x000001dc16b27800 Exception <a 'java/io/FileNotFoundException'{0x0000000750227440}> (0x0000000750227440) thrown at [./src/hotspot/share/prims/jni.cpp, line 615]
Event: 618.990 Thread 0x000001dc16b27800 Exception <a 'java/io/FileNotFoundException'{0x000000075001b828}> (0x000000075001b828) thrown at [./src/hotspot/share/prims/jni.cpp, line 615]
Event: 623.990 Thread 0x000001dc16b27800 Exception <a 'java/io/FileNotFoundException'{0x000000074fe22c40}> (0x000000074fe22c40) thrown at [./src/hotspot/share/prims/jni.cpp, line 615]
Event: 628.990 Thread 0x000001dc16b27800 Exception <a 'java/io/FileNotFoundException'{0x000000074fc328f0}> (0x000000074fc328f0) thrown at [./src/hotspot/share/prims/jni.cpp, line 615]
Event: 633.991 Thread 0x000001dc16b27800 Exception <a 'java/io/FileNotFoundException'{0x000000074fa5f500}> (0x000000074fa5f500) thrown at [./src/hotspot/share/prims/jni.cpp, line 615]
Event: 638.991 Thread 0x000001dc16b27800 Exception <a 'java/io/FileNotFoundException'{0x000000074f844da8}> (0x000000074f844da8) thrown at [./src/hotspot/share/prims/jni.cpp, line 615]
Event: 643.992 Thread 0x000001dc16b27800 Exception <a 'java/io/FileNotFoundException'{0x000000074f54fd58}> (0x000000074f54fd58) thrown at [./src/hotspot/share/prims/jni.cpp, line 615]
Event: 648.992 Thread 0x000001dc16b27800 Exception <a 'java/io/FileNotFoundException'{0x0000000752f5e110}> (0x0000000752f5e110) thrown at [./src/hotspot/share/prims/jni.cpp, line 615]
Event: 653.993 Thread 0x000001dc16b27800 Exception <a 'java/io/FileNotFoundException'{0x0000000752d65a98}> (0x0000000752d65a98) thrown at [./src/hotspot/share/prims/jni.cpp, line 615]
Event: 658.994 Thread 0x000001dc16b27800 Exception <a 'java/io/FileNotFoundException'{0x0000000752b52488}> (0x0000000752b52488) thrown at [./src/hotspot/share/prims/jni.cpp, line 615]
Event: 663.994 Thread 0x000001dc16b27800 Exception <a 'java/io/FileNotFoundException'{0x0000000752979800}> (0x0000000752979800) thrown at [./src/hotspot/share/prims/jni.cpp, line 615]
Event: 668.994 Thread 0x000001dc16b27800 Exception <a 'java/io/FileNotFoundException'{0x0000000752761c98}> (0x0000000752761c98) thrown at [./src/hotspot/share/prims/jni.cpp, line 615]
Event: 673.996 Thread 0x000001dc16b27800 Exception <a 'java/io/FileNotFoundException'{0x000000075255c3a8}> (0x000000075255c3a8) thrown at [./src/hotspot/share/prims/jni.cpp, line 615]
Event: 678.998 Thread 0x000001dc16b27800 Exception <a 'java/io/FileNotFoundException'{0x000000075234c7a8}> (0x000000075234c7a8) thrown at [./src/hotspot/share/prims/jni.cpp, line 615]
Event: 683.999 Thread 0x000001dc16b27800 Exception <a 'java/io/FileNotFoundException'{0x0000000752177200}> (0x0000000752177200) thrown at [./src/hotspot/share/prims/jni.cpp, line 615]
Event: 689.000 Thread 0x000001dc16b27800 Exception <a 'java/io/FileNotFoundException'{0x0000000751f5ce90}> (0x0000000751f5ce90) thrown at [./src/hotspot/share/prims/jni.cpp, line 615]

Events (20 events):
Event: 683.148 Thread 0x000001dc8b4f8000 Thread added: 0x000001dc8b4f8000
Event: 684.151 Thread 0x000001dc8b4f8000 Thread exited: 0x000001dc8b4f8000
Event: 685.148 Thread 0x000001dc8b4f8000 Thread added: 0x000001dc8b4f8000
Event: 685.152 Thread 0x000001dc8b4f8000 Thread exited: 0x000001dc8b4f8000
Event: 686.150 Thread 0x000001dc8b4f8000 Thread added: 0x000001dc8b4f8000
Event: 686.153 Thread 0x000001dc8b4f8000 Thread exited: 0x000001dc8b4f8000
Event: 687.152 Thread 0x000001dc8b4f8000 Thread added: 0x000001dc8b4f8000
Event: 687.157 Thread 0x000001dc8b4f8000 Thread exited: 0x000001dc8b4f8000
Event: 688.154 Thread 0x000001dc8b4f8000 Thread added: 0x000001dc8b4f8000
Event: 688.158 Thread 0x000001dc8b4f8000 Thread exited: 0x000001dc8b4f8000
Event: 689.158 Thread 0x000001dc8b4f8000 Thread added: 0x000001dc8b4f8000
Event: 689.161 Thread 0x000001dc8b4f8000 Thread exited: 0x000001dc8b4f8000
Event: 689.736 Thread 0x000001dc8b4f8000 Thread added: 0x000001dc8b4f8000
Event: 689.740 Executing VM operation: RevokeBias
Event: 689.740 Executing VM operation: RevokeBias done
Event: 689.740 Thread 0x000001dc8b4f8000 Thread exited: 0x000001dc8b4f8000
Event: 690.155 Thread 0x000001dc8b4f8000 Thread added: 0x000001dc8b4f8000
Event: 690.158 Thread 0x000001dc8b4f8000 Thread exited: 0x000001dc8b4f8000
Event: 691.166 Thread 0x000001dc8b4f8000 Thread added: 0x000001dc8b4f8000
Event: 691.169 Thread 0x000001dc8b4f8000 Thread exited: 0x000001dc8b4f8000


Dynamic libraries:
0x00007ff7f6db0000 - 0x00007ff7f6de1000 	C:\Xilinx\Vivado\2022.2\bin\unwrapped\win64.o\vivado.exe
0x00007ffdd1020000 - 0x00007ffdd1285000 	C:\WINDOWS\SYSTEM32\ntdll.dll
0x00007ffdcf220000 - 0x00007ffdcf2e9000 	C:\WINDOWS\System32\KERNEL32.DLL
0x00007ffdce940000 - 0x00007ffdced28000 	C:\WINDOWS\System32\KERNELBASE.dll
0x00007ffdce710000 - 0x00007ffdce85b000 	C:\WINDOWS\System32\ucrtbase.dll
0x00007ffdb14a0000 - 0x00007ffdb152d000 	C:\WINDOWS\SYSTEM32\MSVCP140.dll
0x00007ffdb1d30000 - 0x00007ffdb1d4e000 	C:\WINDOWS\SYSTEM32\VCRUNTIME140.dll
0x00007ffdb1d20000 - 0x00007ffdb1d2c000 	C:\WINDOWS\SYSTEM32\VCRUNTIME140_1.dll
0x00007ffd73f20000 - 0x00007ffd73f38000 	C:\Xilinx\Vivado\2022.2\lib\win64.o\librdi_commonmain.dll
0x00007ffda8f20000 - 0x00007ffda8f29000 	C:\Xilinx\Vivado\2022.2\lib\win64.o\librdi_commonversion.dll
0x00007ffd59e10000 - 0x00007ffd59e31000 	C:\Xilinx\Vivado\2022.2\lib\win64.o\libboost_filesystem.dll
0x00007ffdcfae0000 - 0x00007ffdcfb93000 	C:\WINDOWS\System32\ADVAPI32.dll
0x00007ffd31cf0000 - 0x00007ffd33121000 	C:\Xilinx\Vivado\2022.2\lib\win64.o\librdi_common.dll
0x00007ffdcf170000 - 0x00007ffdcf219000 	C:\WINDOWS\System32\msvcrt.dll
0x00007ffdcf3c0000 - 0x00007ffdcf58a000 	C:\WINDOWS\System32\USER32.dll
0x00007ffdce910000 - 0x00007ffdce937000 	C:\WINDOWS\System32\win32u.dll
0x00007ffdcf310000 - 0x00007ffdcf3b6000 	C:\WINDOWS\System32\sechost.dll
0x00007ffdcf610000 - 0x00007ffdcf63b000 	C:\WINDOWS\System32\GDI32.dll
0x00007ffdce5d0000 - 0x00007ffdce707000 	C:\WINDOWS\System32\gdi32full.dll
0x00007ffd31b30000 - 0x00007ffd31ce5000 	C:\Xilinx\Vivado\2022.2\lib\win64.o\librdi_commonxillic.dll
0x00007ffdcf6b0000 - 0x00007ffdcf7c5000 	C:\WINDOWS\System32\RPCRT4.dll
0x00007ffdce860000 - 0x00007ffdce903000 	C:\WINDOWS\System32\msvcp_win.dll
0x00007ffdcfd10000 - 0x00007ffdd0452000 	C:\WINDOWS\System32\SHELL32.dll
0x00007ffdcf590000 - 0x00007ffdcf604000 	C:\WINDOWS\System32\WS2_32.dll
0x00007ffdce170000 - 0x00007ffdce2e4000 	C:\WINDOWS\System32\wintypes.dll
0x000000006caa0000 - 0x000000006cbcb000 	C:\Xilinx\Vivado\2022.2\lib\win64.o\tcl85t.dll
0x00007ffdd0c50000 - 0x00007ffdd0fd5000 	C:\WINDOWS\System32\combase.dll
0x00007ffdced30000 - 0x00007ffdcedb4000 	C:\WINDOWS\System32\WINTRUST.dll
0x00007ffd71660000 - 0x00007ffd71671000 	C:\Xilinx\Vivado\2022.2\lib\win64.o\libboost_date_time.dll
0x00007ffd31a10000 - 0x00007ffd31b24000 	C:\Xilinx\Vivado\2022.2\lib\win64.o\libboost_regex.dll
0x00007ffd715f0000 - 0x00007ffd7160c000 	C:\Xilinx\Vivado\2022.2\lib\win64.o\libboost_thread.dll
0x00007ffd316a0000 - 0x00007ffd31a0e000 	C:\Xilinx\Vivado\2022.2\lib\win64.o\libCOIN-all.dll
0x00007ffda20e0000 - 0x00007ffda20ec000 	C:\Xilinx\Vivado\2022.2\lib\win64.o\libboost_xilinx.dll
0x00007ffd31620000 - 0x00007ffd31699000 	C:\Xilinx\Vivado\2022.2\lib\win64.o\libboost_program_options.dll
0x00007ffd31590000 - 0x00007ffd31612000 	C:\Xilinx\Vivado\2022.2\lib\win64.o\libhdlpsolve.dll
0x00007ffd4a360000 - 0x00007ffd4a3c5000 	C:\Xilinx\Vivado\2022.2\lib\win64.o\liblmx6.0.dll
0x00007ffd30560000 - 0x00007ffd30605000 	C:\Xilinx\Vivado\2022.2\lib\win64.o\libhdxml.dll
0x00007ffd51930000 - 0x00007ffd5195a000 	C:\Xilinx\Vivado\2022.2\lib\win64.o\libisl_sysinfo.dll
0x00007ffd6c8f0000 - 0x00007ffd6c90a000 	C:\Xilinx\Vivado\2022.2\lib\win64.o\pthreadVC2.dll
0x00007ffd64e40000 - 0x00007ffd64e5c000 	C:\Xilinx\Vivado\2022.2\lib\win64.o\librdiconfig.dll
0x00007ffdcf7d0000 - 0x00007ffdcf83a000 	C:\WINDOWS\System32\SHLWAPI.dll
0x00007ffd4be90000 - 0x00007ffd4beb1000 	C:\Xilinx\Vivado\2022.2\lib\win64.o\librdizlib.dll
0x00007ffd30290000 - 0x00007ffd30551000 	C:\Xilinx\Vivado\2022.2\lib\win64.o\xerces-c_3_2.dll
0x00007ffd30610000 - 0x00007ffd3158d200 	C:\Xilinx\Vivado\2022.2\lib\win64.o\libisl_iostreams.dll
0x00007ffd2ff70000 - 0x00007ffd30286000 	C:\Xilinx\Vivado\2022.2\lib\win64.o\libXil_lmgr11.dll
0x00007ffdcf070000 - 0x00007ffdcf166000 	C:\WINDOWS\System32\COMDLG32.dll
0x00007ffdb00e0000 - 0x00007ffdb0369000 	C:\WINDOWS\SYSTEM32\WININET.dll
0x00007ffdd0460000 - 0x00007ffdd0551000 	C:\WINDOWS\System32\shcore.dll
0x00007ffdc54f0000 - 0x00007ffdc560e000 	C:\WINDOWS\SYSTEM32\WINHTTP.dll
0x00007ffda7a80000 - 0x00007ffda7a9a000 	C:\WINDOWS\SYSTEM32\NETAPI32.dll
0x00007ffdab3e0000 - 0x00007ffdab5c4000 	C:\WINDOWS\SYSTEM32\urlmon.dll
0x00007ffdce050000 - 0x00007ffdce076000 	C:\WINDOWS\SYSTEM32\bcrypt.dll
0x00007ffdcf9f0000 - 0x00007ffdcfad1000 	C:\WINDOWS\System32\OLEAUT32.dll
0x00007ffdcf840000 - 0x00007ffdcf9de000 	C:\WINDOWS\System32\ole32.dll
0x00007ffda0f00000 - 0x00007ffda0f0a000 	C:\WINDOWS\SYSTEM32\WSOCK32.dll
0x00007ffdce2f0000 - 0x00007ffdce467000 	C:\WINDOWS\System32\CRYPT32.dll
0x00007ffd4a230000 - 0x00007ffd4a260000 	C:\WINDOWS\SYSTEM32\VCOMP140.DLL
0x00007ffd2e050000 - 0x00007ffd2ff67000 	C:\Xilinx\Vivado\2022.2\lib\win64.o\gurobi90.dll
0x00007ffdd0bd0000 - 0x00007ffdd0c4d000 	C:\WINDOWS\System32\WLDAP32.dll
0x00007ffdcee50000 - 0x00007ffdcee58000 	C:\WINDOWS\System32\Normaliz.dll
0x00007ffdac860000 - 0x00007ffdacb2b000 	C:\WINDOWS\SYSTEM32\iertutil.dll
0x00007ffd5df90000 - 0x00007ffd5dfa8000 	C:\Xilinx\Vivado\2022.2\lib\win64.o\libboost_iostreams.dll
0x00007ffd2e020000 - 0x00007ffd2e044000 	C:\Xilinx\Vivado\2022.2\lib\win64.o\libisl_iosutils.dll
0x00007ffdcbdb0000 - 0x00007ffdcc608000 	C:\WINDOWS\SYSTEM32\windows.storage.dll
0x00007ffdb2f50000 - 0x00007ffdb3004000 	C:\WINDOWS\WinSxS\amd64_microsoft.windows.common-controls_6595b64144ccf1df_5.82.26100.4202_none_87ee01077a2d9116\COMCTL32.dll
0x00007ffdcd660000 - 0x00007ffdcd68b000 	C:\WINDOWS\SYSTEM32\USERENV.dll
0x00007ffdc5b10000 - 0x00007ffdc5b35000 	C:\WINDOWS\SYSTEM32\dhcpcsvc.DLL
0x00007ffdac830000 - 0x00007ffdac859000 	C:\WINDOWS\SYSTEM32\srvcli.dll
0x00007ffdcc780000 - 0x00007ffdcc78d000 	C:\WINDOWS\SYSTEM32\netutils.dll
0x00007ffdcd5c0000 - 0x00007ffdcd62a000 	C:\WINDOWS\SYSTEM32\MSWSOCK.DLL
0x00007ffdd0b80000 - 0x00007ffdd0bb0000 	C:\WINDOWS\System32\IMM32.DLL
0x00007ffdcd8e0000 - 0x00007ffdcd8f3000 	C:\WINDOWS\SYSTEM32\MSASN1.dll
0x00007ffdcd870000 - 0x00007ffdcd88b000 	C:\WINDOWS\SYSTEM32\CRYPTSP.dll
0x00007ffdccf90000 - 0x00007ffdccfca000 	C:\WINDOWS\system32\rsaenh.dll
0x00007ffdcd890000 - 0x00007ffdcd89c000 	C:\WINDOWS\SYSTEM32\CRYPTBASE.dll
0x00007ffdce470000 - 0x00007ffdce509000 	C:\WINDOWS\System32\bcryptPrimitives.dll
0x00007ffdcee60000 - 0x00007ffdcee80000 	C:\WINDOWS\System32\imagehlp.dll
0x00007ffdcd030000 - 0x00007ffdcd04b000 	C:\WINDOWS\SYSTEM32\kernel.appcore.dll
0x00007ffd2dae0000 - 0x00007ffd2e013000 	C:\Xilinx\Vivado\2022.2\lib\win64.o\librdi_commontasks.dll
0x00007ffdc41c0000 - 0x00007ffdc41cb000 	C:\WINDOWS\SYSTEM32\VERSION.dll
0x00007ffd2cf90000 - 0x00007ffd2dadd000 	C:\Xilinx\Vivado\2022.2\tps\win64\jre11.0.11_9\bin\server\jvm.dll
0x00007ffdd0bc0000 - 0x00007ffdd0bc8000 	C:\WINDOWS\System32\PSAPI.DLL
0x00007ffdbad40000 - 0x00007ffdbad75000 	C:\WINDOWS\SYSTEM32\WINMM.dll
0x00007ffd2cc60000 - 0x00007ffd2cf85a00 	C:\Xilinx\Vivado\2022.2\lib\win64.o\librdi_sio.dll
0x00007ffdccae0000 - 0x00007ffdccb13000 	C:\WINDOWS\SYSTEM32\IPHLPAPI.DLL
0x00007ffdcd2d0000 - 0x00007ffdcd319000 	C:\WINDOWS\SYSTEM32\SspiCli.dll
0x00007ffda8070000 - 0x00007ffda8088000 	C:\WINDOWS\system32\napinsp.dll
0x00007ffdccb20000 - 0x00007ffdccc47000 	C:\WINDOWS\SYSTEM32\DNSAPI.dll
0x00007ffdcf6a0000 - 0x00007ffdcf6aa000 	C:\WINDOWS\System32\NSI.dll
0x00007ffda8050000 - 0x00007ffda8062000 	C:\WINDOWS\System32\winrnr.dll
0x00007ffda6ff0000 - 0x00007ffda7020000 	C:\WINDOWS\system32\nlansp_c.dll
0x00007ffda6320000 - 0x00007ffda6340000 	C:\WINDOWS\system32\wshbth.dll
0x00007ffd29f30000 - 0x00007ffd2cc55000 	C:\Xilinx\Vivado\2022.2\lib\win64.o\librdi_tcltasks.dll
0x00007ffd29eb0000 - 0x00007ffd29f30000 	C:\Xilinx\Vivado\2022.2\lib\win64.o\librdi_boarddep.dll
0x00007ffd29e60000 - 0x00007ffd29ea4000 	C:\Xilinx\Vivado\2022.2\lib\win64.o\libboost_serialization.dll
0x00007ffd29c70000 - 0x00007ffd29e53000 	C:\Xilinx\Vivado\2022.2\lib\win64.o\librdi_board.dll
0x00007ffd29660000 - 0x00007ffd29787000 	C:\Xilinx\Vivado\2022.2\lib\win64.o\librdi_chipscope.dll
0x00007ffd29790000 - 0x00007ffd29c6d000 	C:\Xilinx\Vivado\2022.2\lib\win64.o\librdi_bitstream.dll
0x00007ffd29450000 - 0x00007ffd29652000 	C:\Xilinx\Vivado\2022.2\lib\win64.o\librdi_chipscopeimpl.dll
0x00007ffd270b0000 - 0x00007ffd27215000 	C:\Xilinx\Vivado\2022.2\lib\win64.o\librdi_containers.dll
0x00007ffd215c0000 - 0x00007ffd22aa5000 	C:\Xilinx\Vivado\2022.2\lib\win64.o\librdi_device.dll
0x00007ffd27220000 - 0x00007ffd2944c000 	C:\Xilinx\Vivado\2022.2\lib\win64.o\librdi_constraints.dll
0x00007ffd21230000 - 0x00007ffd215b3000 	C:\Xilinx\Vivado\2022.2\lib\win64.o\librdi_dlyest.dll
0x00007ffd22ab0000 - 0x00007ffd24abd000 	C:\Xilinx\Vivado\2022.2\lib\win64.o\librdi_designutils.dll
0x00007ffd20a90000 - 0x00007ffd20b44000 	C:\Xilinx\Vivado\2022.2\lib\win64.o\librdi_dsp.dll
0x00007ffd24ac0000 - 0x00007ffd270a5000 	C:\Xilinx\Vivado\2022.2\lib\win64.o\librdi_coregen.dll
0x00007ffd20b50000 - 0x00007ffd2122b000 	C:\Xilinx\Vivado\2022.2\lib\win64.o\librdi_drc.dll
0x00007ffd20760000 - 0x00007ffd20a8b000 	C:\Xilinx\Vivado\2022.2\lib\win64.o\librdi_guitools.dll
0x00007ffd200c0000 - 0x00007ffd20755000 	C:\Xilinx\Vivado\2022.2\lib\win64.o\librdi_filemgmt.dll
0x00007ffd20050000 - 0x00007ffd200bb000 	C:\Xilinx\Vivado\2022.2\lib\win64.o\librdi_hdf.dll
0x00007ffd1fd90000 - 0x00007ffd2004d000 	C:\Xilinx\Vivado\2022.2\lib\win64.o\librdi_hip_devdesign.dll
0x00007ffd1fc40000 - 0x00007ffd1fd87000 	C:\Xilinx\Vivado\2022.2\lib\win64.o\librdi_hip_perf_analysis.dll
0x00007ffd1d730000 - 0x00007ffd1ded1000 	C:\Xilinx\Vivado\2022.2\lib\win64.o\librdi_lopt.dll
0x00007ffd1ed20000 - 0x00007ffd1fc3b000 	C:\Xilinx\Vivado\2022.2\lib\win64.o\librdi_implflow.dll
0x00007ffd1dee0000 - 0x00007ffd1ed13000 	C:\Xilinx\Vivado\2022.2\lib\win64.o\librdi_ippcw.dll
0x00007ffd1d0d0000 - 0x00007ffd1d725000 	C:\Xilinx\Vivado\2022.2\lib\win64.o\librdi_memdata.dll
0x00007ffd1d050000 - 0x00007ffd1d0cd000 	C:\Xilinx\Vivado\2022.2\lib\win64.o\librdi_memoryarray.dll
0x00007ffd1cff0000 - 0x00007ffd1d04b000 	C:\Xilinx\Vivado\2022.2\lib\win64.o\librdi_pfi.dll
0x00007ffd16a20000 - 0x00007ffd16e90000 	C:\Xilinx\Vivado\2022.2\lib\win64.o\librdi_platform.dll
0x00007ffd19fb0000 - 0x00007ffd1a71d000 	C:\Xilinx\Vivado\2022.2\lib\win64.o\librdi_netlist.dll
0x00007ffd16140000 - 0x00007ffd16a14000 	C:\Xilinx\Vivado\2022.2\lib\win64.o\librdi_power.dll
0x00007ffd16e90000 - 0x00007ffd19fb0000 	C:\Xilinx\Vivado\2022.2\lib\win64.o\librdi_place.dll
0x00007ffd15a00000 - 0x00007ffd16135000 	C:\Xilinx\Vivado\2022.2\lib\win64.o\librdi_psta.dll
0x00007ffd15290000 - 0x00007ffd159f7000 	C:\Xilinx\Vivado\2022.2\lib\win64.o\librdi_project.dll
0x00007ffd14940000 - 0x00007ffd15290000 	C:\Xilinx\Vivado\2022.2\lib\win64.o\librdi_rsb.dll
0x00007ffd14370000 - 0x00007ffd143c8000 	C:\Xilinx\Vivado\2022.2\lib\win64.o\librdi_schedmon.dll
0x00007ffd143d0000 - 0x00007ffd14933000 	C:\Xilinx\Vivado\2022.2\lib\win64.o\librdi_runs.dll
0x00007ffd14250000 - 0x00007ffd14369000 	C:\Xilinx\Vivado\2022.2\lib\win64.o\librdi_runsbase.dll

dbghelp: loaded successfully - version: 4.0.5 - missing functions: none
symbol engine: initialized successfully - sym options: 0x614 - pdb path: .;C:\Xilinx\Vivado\2022.2\bin\unwrapped\win64.o;C:\WINDOWS\SYSTEM32;C:\Xilinx\Vivado\2022.2\lib\win64.o;C:\WINDOWS\WinSxS\amd64_microsoft.windows.common-controls_6595b64144ccf1df_5.82.26100.4202_none_87ee01077a2d9116;C:\Xilinx\Vivado\2022.2\tps\win64\jre11.0.11_9\bin\server;C:\Xilinx\Vivado\2022.2\tps\win64\python-3.8.3;C:\Xilinx\Vivado\2022.2\tps\win64\jre11.0.11_9\bin;C:\Program Files (x86)\Stardock\Fences;C:\WINDOWS\WinSxS\amd64_microsoft.windows.gdiplus_6595b64144ccf1df_1.1.26100.4202_none_6ef18bba3dc86ee5;C:\WINDOWS\WinSxS\amd64_microsoft.windows.common-controls_6595b64144ccf1df_6.0.26100.4202_none_3e0698d4e335f517

VM Arguments:
jvm_args: -Dsun.java2d.pmoffscreen=false -Dhttps.protocols=TLSv1,TLSv1.1,TLSv1.2 -Dsun.java2d.xrender=false -Dsun.java2d.d3d=false -Dsun.awt.nopixfmt=true -Dsun.java2d.dpiaware=true -Dsun.java2d.uiScale.enabled=false -Xverify:none -Dswing.aatext=true -XX:-UsePerfData -Djdk.map.althashing.threshold=512 -XX:StringTableSize=4072 --add-opens=java.desktop/com.sun.awt=ALL-UNNAMED --add-opens=java.desktop/javax.swing.plaf.synth=ALL-UNNAMED --add-opens=java.base/java.nio=ALL-UNNAMED --add-opens=java.desktop/sun.swing=ALL-UNNAMED --add-opens=java.desktop/javax.swing=ALL-UNNAMED --add-opens=java.desktop/javax.swing.tree=ALL-UNNAMED --add-opens=java.desktop/javax.swing.plaf.basic=ALL-UNNAMED --add-opens=java.desktop/javax.swing.plaf.synth=ALL-UNNAMED --add-opens=java.desktop/javax.swing.plaf.basic=ALL-UNNAMED --add-opens=java.desktop/javax.swing=ALL-UNNAMED --add-opens=java.desktop/javax.swing.tree=ALL-UNNAMED --add-opens=java.desktop/java.awt.event=ALL-UNNAMED --add-exports=java.desktop/javax.swing.plaf.synth=ALL-UNNAMED --add-exports=java.base/java.nio=ALL-UNNAMED --add-exports=java.desktop/sun.swing=ALL-UNNAMED --add-exports=java.desktop/javax.swing=ALL-UNNAMED --add-exports=java.desktop/javax.swing.tree=ALL-UNNAMED --add-exports=java.desktop/javax.swing.plaf.basic=ALL-UNNAMED --add-exports=java.desktop/sun.swing=ALL-UNNAMED --add-exports=java.desktop/sun.swing.table=ALL-UNNAMED --add-exports=java.desktop/sun.swing.plaf.synth=ALL-UNNAMED --add-exports=java.desktop/sun.awt.shell=ALL-UNNAMED --add-exports=java.base/sun.security.action=ALL-UNNAMED --add-exports=java.desktop/sun.font=ALL-UNNAMED -XX:NewSize=60m -XX:MaxNewSize=60m -Xms256m -Xmx3072m -Xss5m 
java_command: <unknown>
java_class_path (initial): C:/Xilinx/Vivado/2022.2\lib\classes\alloy.jar;C:/Xilinx/Vivado/2022.2\lib\classes\asm-9.3.jar;C:/Xilinx/Vivado/2022.2\lib\classes\asm-analysis-9.3.jar;C:/Xilinx/Vivado/2022.2\lib\classes\asm-commons-9.3.jar;C:/Xilinx/Vivado/2022.2\lib\classes\asm-tree-9.3.jar;C:/Xilinx/Vivado/2022.2\lib\classes\autoesl-models.jar;C:/Xilinx/Vivado/2022.2\lib\classes\batik-anim.jar;C:/Xilinx/Vivado/2022.2\lib\classes\batik-awt-util.jar;C:/Xilinx/Vivado/2022.2\lib\classes\batik-bridge.jar;C:/Xilinx/Vivado/2022.2\lib\classes\batik-codec.jar;C:/Xilinx/Vivado/2022.2\lib\classes\batik-css.jar;C:/Xilinx/Vivado/2022.2\lib\classes\batik-dom.jar;C:/Xilinx/Vivado/2022.2\lib\classes\batik-ext.jar;C:/Xilinx/Vivado/2022.2\lib\classes\batik-gui-util.jar;C:/Xilinx/Vivado/2022.2\lib\classes\batik-gvt.jar;C:/Xilinx/Vivado/2022.2\lib\classes\batik-parser.jar;C:/Xilinx/Vivado/2022.2\lib\classes\batik-script.jar;C:/Xilinx/Vivado/2022.2\lib\classes\batik-svg-dom.jar;C:/Xilinx/Vivado/2022.2\lib\classes\batik-svggen.jar;C:/Xilinx/Vivado/2022.2\lib\classes\batik-swing.jar;C:/Xilinx/Vivado/2022.2\lib\classes\batik-transcoder.jar;C:/Xilinx/Vivado/2022.2\lib\classes\batik-util.jar;C:/Xilinx/Vivado/2022.2\lib\classes\batik-xml.jar;C:/Xilinx/Vivado/2022.2\lib\classes\com.fasterxml.jackson.core.jackson-annotations_2.12.1.v20210128-1726.jar;C:/Xilinx/Vivado/2022.2\lib\classes\com.fasterxml.jackson.core.jackson-core_2.12.1.v20210128-1726.jar;C:/Xilinx/Vivado/2022.2\lib\classes\com.fasterxml.jackson.core.jackson-databind_2.12.1.v20210128-1726.jar;C:/Xilinx/Vivado/2022.2\lib\classes\com.google.gson_2.8.7.v20210624-1215.jar;C:/Xilinx/Vivado/2022.2\lib\classes\com.google.guava_30.1.0.v20210127-2300.jar;C:/Xilinx/Vivado/2022.2\lib\classes\com.sigasi.hdt.connection_4.15.0.202201101137.jar;C:/Xilinx/Vivado/2022.2\lib\classes\com.sigasi.hdt.epl_4.15.0.202201101137.jar;C:/Xilinx/Vivado/2022.2\lib\classes\com.sigasi.hdt.project_4.15.0.202201101137.jar;C:/Xilinx/Vivado/2022.2\lib\classes\com.sigasi
Launcher Type: generic

[Global flags]
     bool BytecodeVerificationLocal                = false                                     {product} {command line}
     bool BytecodeVerificationRemote               = false                                     {product} {command line}
     intx CICompilerCount                          = 12                                        {product} {ergonomic}
     uint ConcGCThreads                            = 4                                         {product} {ergonomic}
     uint G1ConcRefinementThreads                  = 16                                        {product} {ergonomic}
   size_t G1HeapRegionSize                         = 1048576                                   {product} {ergonomic}
    uintx GCDrainStackTargetSize                   = 64                                        {product} {ergonomic}
   size_t InitialHeapSize                          = 268435456                                 {product} {command line}
   size_t MarkStackSize                            = 4194304                                   {product} {ergonomic}
   size_t MaxHeapSize                              = 3221225472                                {product} {command line}
   size_t MaxNewSize                               = 62914560                                  {product} {command line}
   size_t MinHeapDeltaBytes                        = 1048576                                   {product} {ergonomic}
   size_t NewSize                                  = 62914560                                  {product} {command line}
    uintx NonNMethodCodeHeapSize                   = 7594288                                {pd product} {ergonomic}
    uintx NonProfiledCodeHeapSize                  = 122031976                              {pd product} {ergonomic}
    uintx ProfiledCodeHeapSize                     = 122031976                              {pd product} {ergonomic}
    uintx ReservedCodeCacheSize                    = 251658240                              {pd product} {ergonomic}
     bool SegmentedCodeCache                       = true                                      {product} {ergonomic}
    uintx StringTableSize                          = 4072                                      {product} {command line}
     intx ThreadStackSize                          = 5120                                   {pd product} {command line}
     bool UseCompressedClassPointers               = true                                 {lp64_product} {ergonomic}
     bool UseCompressedOops                        = true                                 {lp64_product} {ergonomic}
     bool UseG1GC                                  = true                                      {product} {ergonomic}
     bool UseLargePagesIndividualAllocation        = false                                  {pd product} {ergonomic}
     bool UsePerfData                              = false                                     {product} {command line}

Logging:
Log output configuration:
 #0: stdout all=warning uptime,level,tags
 #1: stderr all=off uptime,level,tags

Environment Variables:
PATH=C:/Xilinx/Vivado/2022.2\gnuwin\bin;C:/Xilinx/Vivado/2022.2\gnu\microblaze\nt\bin;C:/Xilinx/Vivado/2022.2/bin;C:/Xilinx/Vivado/2022.2/tps/win64/java-cef-95.0.4638.69/bin/lib/win64;C:/Xilinx/Vivado/2022.2/tps/win64/javafx-sdk-11.0.2/lib;C:/Xilinx/Vivado/2022.2/tps/win64/javafx-sdk-11.0.2/bin;C:/Xilinx/Vivado/2022.2/lib/win64.o;C:/Xilinx/Vivado/2022.2/tps/win64/jre11.0.11_9/bin/server;C:/Xilinx/Vivado/2022.2/tps/win64/jre11.0.11_9/bin;C:/Xilinx/Vivado/2022.2/ids_lite/ISE/bin/nt64;C:/Xilinx/Vivado/2022.2/ids_lite/ISE/lib/nt64;C:/Xilinx/Vitis_HLS/2022.2/bin;C:\WINDOWS\system32;C:\WINDOWS;C:\WINDOWS\System32\Wbem;C:\WINDOWS\System32\WindowsPowerShell\v1.0\;C:\WINDOWS\System32\OpenSSH\;C:\Program Files (x86)\NVIDIA Corporation\PhysX\Common;C:\Program Files\NVIDIA Corporation\NVIDIA app\NvDLISR;C:\Program Files\MATLAB\R2024b\runtime\win64;C:\Program Files\MATLAB\R2024b\bin;C:\Users\Boyang\AppData\Local\Microsoft\WindowsApps;C:\Users\Boyang\AppData\Local\GitHubDesktop\bin;C:\Users\Boyang\AppData\Local\Programs\Microsoft VS Code\bin;C:/Xilinx/Vivado/2022.2\tps\mingw\6.2.0\win64.o\nt\bin;C:/Xilinx/Vivado/2022.2\tps\mingw\6.2.0\win64.o\nt\libexec\gcc\x86_64-w64-mingw32\6.2.0;C:/Xilinx/Vivado/2022.2\tps\win64\python-3.8.3;C:/Xilinx/Vivado/2022.2\tps\win64\python-3.8.3\bin;C:/Xilinx/Vivado/2022.2\tps\win64\python-3.8.3\lib;C:/Xilinx/Vivado/2022.2\tps\win64\python-3.8.3\lib\site-packages
USERNAME=Boyang
OS=Windows_NT
PROCESSOR_IDENTIFIER=Intel64 Family 6 Model 170 Stepping 4, GenuineIntel



---------------  S Y S T E M  ---------------

OS: Windows 10 , 64 bit Build 26100 (10.0.26100.4202)
OS uptime: 1 days 6:55 hours
Hyper-V role detected

CPU:total 22 (initial active 22) (11 cores per cpu, 2 threads per core) family 6 model 170 stepping 4 microcode 0x1c, cmov, cx8, fxsr, mmx, sse, sse2, sse3, ssse3, sse4.1, sse4.2, popcnt, avx, avx2, aes, clmul, erms, 3dnowpref, lzcnt, ht, tsc, tscinvbit, bmi1, bmi2, adx, sha, fma

Memory: 4k page, system-wide physical 32173M (2902M free)
TotalPageFile size 130477M (AvailPageFile size 0M)
current process WorkingSet (physical memory assigned to process): 300M, peak: 2181M
current process commit charge ("private bytes"): 2241M, peak: 2273M

vm_info: OpenJDK 64-Bit Server VM (11.0.11+9) for windows-amd64 JRE (11.0.11+9), built on Apr  9 2021 19:32:08 by "" with MS VC++ 15.5 (VS2017)

END.
