#-----------------------------------------------------------
# Vivado v2022.2 (64-bit)
# SW Build 3671981 on Fri Oct 14 05:00:03 MDT 2022
# IP Build 3669848 on Fri Oct 14 08:30:02 MDT 2022
# Start of session at: Wed Jul 16 03:14:42 2025
# Process ID: 54096
# Current directory: C:/Users/Boyang/Desktop/CNN/m3_CNN_N_8_bit
# Command line: vivado.exe -gui_launcher_event rodinguilauncherevent4708 C:\Users\Boyang\Desktop\CNN\m3_CNN_N_8_bit\DA_OBC.xpr
# Log file: C:/Users/Boyang/Desktop/CNN/m3_CNN_N_8_bit/vivado.log
# Journal file: C:/Users/Boyang/Desktop/CNN/m3_CNN_N_8_bit\vivado.jou
# Running On: CANOPUS637, OS: Windows, CPU Frequency: 3072 MHz, CPU Physical cores: 16, Host memory: 33736 MB
#-----------------------------------------------------------
start_gui
open_project C:/Users/Boyang/Desktop/CNN/m3_CNN_N_8_bit/DA_OBC.xpr
WARNING: [Board 49-26] cannot add Board Part xilinx.com:vek280_es:part0:1.0 available at C:/Xilinx/Vivado/2022.2/data/xhub/boards/XilinxBoardStore/boards/Xilinx/vek280/es/1.0/board.xml as part xcve2802-vsvh1760-2lp-e-s-es1 specified in board_part file is either invalid or not available
WARNING: [Board 49-26] cannot add Board Part xilinx.com:vhk158_es:part0:1.0 available at C:/Xilinx/Vivado/2022.2/data/xhub/boards/XilinxBoardStore/boards/Xilinx/vhk158/es/1.0/board.xml as part xcvh1582-vsva3697-2mp-e-s-es1 specified in board_part file is either invalid or not available
WARNING: [Board 49-26] cannot add Board Part xilinx.com:vpk120_es:part0:1.2 available at C:/Xilinx/Vivado/2022.2/data/xhub/boards/XilinxBoardStore/boards/Xilinx/vpk120/es/1.2/board.xml as part xcvp1202-vsva2785-2mp-e-s-es1 specified in board_part file is either invalid or not available
WARNING: [Board 49-26] cannot add Board Part xilinx.com:vpk120_es_revb:part0:1.0 available at C:/Xilinx/Vivado/2022.2/data/xhub/boards/XilinxBoardStore/boards/Xilinx/vpk120_revb/es/1.0/board.xml as part xcvp1202-vsva2785-2mp-e-s-es1 specified in board_part file is either invalid or not available
WARNING: [Board 49-26] cannot add Board Part xilinx.com:vpk180_es:part0:1.0 available at C:/Xilinx/Vivado/2022.2/data/xhub/boards/XilinxBoardStore/boards/Xilinx/vpk180/es/1.0/board.xml as part xcvp1802-lsvc4072-2mp-e-s-es1 specified in board_part file is either invalid or not available
WARNING: [Board 49-26] cannot add Board Part xilinx.com:zcu208ld:part0:2.0 available at C:/Xilinx/Vivado/2022.2/data/xhub/boards/XilinxBoardStore/boards/Xilinx/zcu208ld/production/2.0/board.xml as part xczu58dr-fsvg1517-2-i specified in board_part file is either invalid or not available
WARNING: [Board 49-26] cannot add Board Part xilinx.com:zcu216ld:part0:2.0 available at C:/Xilinx/Vivado/2022.2/data/xhub/boards/XilinxBoardStore/boards/Xilinx/zcu216ld/production/2.0/board.xml as part xczu59dr-ffvf1760-2-i specified in board_part file is either invalid or not available
WARNING: [Board 49-26] cannot add Board Part xilinx.com:zcu670:part0:2.0 available at C:/Xilinx/Vivado/2022.2/data/xhub/boards/XilinxBoardStore/boards/Xilinx/zcu670/2.0/board.xml as part xczu67dr-fsve1156-2-i specified in board_part file is either invalid or not available
WARNING: [Board 49-26] cannot add Board Part xilinx.com:zcu670ld:part0:1.0 available at C:/Xilinx/Vivado/2022.2/data/xhub/boards/XilinxBoardStore/boards/Xilinx/zcu670ld/1.0/board.xml as part xczu57dr-fsve1156-2-i specified in board_part file is either invalid or not available
Scanning sources...
Finished scanning sources
INFO: [IP_Flow 19-234] Refreshing IP repositories
INFO: [IP_Flow 19-1704] No user IP repositories specified
INFO: [IP_Flow 19-2313] Loaded Vivado IP repository 'C:/Xilinx/Vivado/2022.2/data/ip'.
open_project: Time (s): cpu = 00:00:17 ; elapsed = 00:00:08 . Memory (MB): peak = 2198.734 ; gain = 263.934
update_compile_order -fileset sources_1
export_ip_user_files -of_objects  [get_files C:/Users/Boyang/Desktop/CNN/m3_CNN_N_8_bit/DA_OBC.srcs/sources_1/new/GEMM.sv] -no_script -reset -force -quiet
remove_files  C:/Users/Boyang/Desktop/CNN/m3_CNN_N_8_bit/DA_OBC.srcs/sources_1/new/GEMM.sv
reset_run synth_1
INFO: [Project 1-1161] Replacing file C:/Users/Boyang/Desktop/CNN/m3_CNN_N_8_bit/DA_OBC.srcs/utils_1/imports/synth_1/TOP_OBC.dcp with file C:/Users/Boyang/Desktop/CNN/m3_CNN_N_8_bit/DA_OBC.runs/synth_1/LetNet.dcp
launch_runs synth_1 -jobs 11
[Wed Jul 16 03:16:04 2025] Launched synth_1...
Run output will be captured here: C:/Users/Boyang/Desktop/CNN/m3_CNN_N_8_bit/DA_OBC.runs/synth_1/runme.log
launch_runs impl_1 -jobs 11
[Wed Jul 16 03:16:08 2025] Launched synth_1...
Run output will be captured here: C:/Users/Boyang/Desktop/CNN/m3_CNN_N_8_bit/DA_OBC.runs/synth_1/runme.log
[Wed Jul 16 03:16:08 2025] Launched impl_1...
Run output will be captured here: C:/Users/Boyang/Desktop/CNN/m3_CNN_N_8_bit/DA_OBC.runs/impl_1/runme.log
set_property top Array_Input [current_fileset]
update_compile_order -fileset sources_1
reset_run synth_1
INFO: [Project 1-1161] Replacing file C:/Users/Boyang/Desktop/CNN/m3_CNN_N_8_bit/DA_OBC.srcs/utils_1/imports/synth_1/TOP_OBC.dcp with file C:/Users/Boyang/Desktop/CNN/m3_CNN_N_8_bit/DA_OBC.runs/synth_1/LetNet.dcp
launch_runs synth_1 -jobs 11
[Wed Jul 16 03:21:15 2025] Launched synth_1...
Run output will be captured here: C:/Users/Boyang/Desktop/CNN/m3_CNN_N_8_bit/DA_OBC.runs/synth_1/runme.log
exit
INFO: [Common 17-206] Exiting Vivado at Wed Jul 16 03:24:29 2025...
