Time resolution is 1 ps
----- A matrix -----
A[0] = '{30,41,22,40}
----- B matrix -----
B[0] = '{78}
B[1] = '{-64}
B[2] = '{55}
B[3] = '{41}
C_out[0] =     0
LUT_out[0] =   238
addr_array[t] = 110
t = 0, aim_m = 0, final_out = '{1}
=============================

----- A matrix -----
A[0] = '{30,41,22,40}
----- B matrix -----
B[0] = '{78}
B[1] = '{-64}
B[2] = '{55}
B[3] = '{41}
C_out[0] =  -119
LUT_out[0] =   156
addr_array[t] = 010
t = 1, aim_m = 0, final_out = '{1}
=============================

